            TRNSYS - the TRaNsient SYstem Simulation program

   The Solar Energy Lab at the University of Wisconsin - Madison, USA
Le Centre Scientifique et Technique du Batiment, Sophia Antipolis, France
           Transsolar Energietechnik GmBH, Stuttgart, Germany
        Thermal Energy System Specialists, LLC, Madison Wisconsin, USA

                           Release 18.04.0001
                           User ID  18-D0687

Simulation log for: "C:\Users\lbarnic\OneDrive - Fraunhofer\A_Bearbeitung\9_Parameterstudie_REP\9_kaltes_Nahwaermenetz\V0_0\III_kaltes_Nahwaermenetz.dck"
 
*** Notice at time        :         0.000000
    Generated by Unit     : Not applicable or not available
    Generated by Type     : Not applicable or not available
    Message               : The TRNSYS Executable (TRNExe.exe) and main DLL (TRNDll.dll) are located in "C:\TRNSYS18\Exe"
 
*** Notice at time        :         0.000000
    Generated by Unit     : Not applicable or not available
    Generated by Type     : Not applicable or not available
    TRNSYS Message     90 : TRNDll.dll is compiled in release mode. External DLLs will be loaded from the .\UserLib\ReleaseDLLs\ directory.
    Reported information  : Not available
 
*** Notice at time        :         0.000000
    Generated by Unit     : Not applicable or not available
    Generated by Type     : Not applicable or not available
    Message               : The following Types were loaded from TRNDll.dll: Type9, Type65, Type15, Type103, Type77, Type25
 
*** Notice at time        :         0.000000
    Generated by Unit     : Not applicable or not available
    Generated by Type     : Not applicable or not available
    Message               : "DS_Illuminance.dll" was found but did not contain any components from the input file.
 
*** Notice at time        :         0.000000
    Generated by Unit     : Not applicable or not available
    Generated by Type     : Not applicable or not available
    Message               : "TESS_Archive_v18_0_32.dll" was found but did not contain any components from the input file.
 
*** Notice at time        :         0.000000
    Generated by Unit     : Not applicable or not available
    Generated by Type     : Not applicable or not available
    Message               : "TESS_CO_v18_0_32.dll" was found but did not contain any components from the input file.
 
*** Notice at time        :         0.000000
    Generated by Unit     : Not applicable or not available
    Generated by Type     : Not applicable or not available
    Message               : "TESS_EL_v18_0_32.dll" was found but did not contain any components from the input file.
 
*** Notice at time        :         0.000000
    Generated by Unit     : Not applicable or not available
    Generated by Type     : Not applicable or not available
    Message               : "TESS_GH_v18_0_32.dll" was found but did not contain any components from the input file.
 
*** Notice at time        :         0.000000
    Generated by Unit     : Not applicable or not available
    Generated by Type     : Not applicable or not available
    Message               : "TESS_HV_v18_0_32.dll" was found but did not contain any components from the input file.
 
*** Notice at time        :         0.000000
    Generated by Unit     : Not applicable or not available
    Generated by Type     : Not applicable or not available
    Message               : The following Types were loaded from "TESS_HY_v18_0_32.dll": Type649
 
*** Notice at time        :         0.000000
    Generated by Unit     : Not applicable or not available
    Generated by Type     : Not applicable or not available
    Message               : "TESS_LS_v18_0_32.dll" was found but did not contain any components from the input file.
 
*** Notice at time        :         0.000000
    Generated by Unit     : Not applicable or not available
    Generated by Type     : Not applicable or not available
    Message               : "Type159.dll" was found but did not contain any components from the input file.
 
*** Notice at time        :         0.000000
    Generated by Unit     : Not applicable or not available
    Generated by Type     : Not applicable or not available
    Message               : "Type169.dll" was found but did not contain any components from the input file.
 
*** Notice at time        :         0.000000
    Generated by Unit     : Not applicable or not available
    Generated by Type     : Not applicable or not available
    Message               : "Type313_x32.dll" was found but did not contain any components from the input file.
 
*** Notice at time        :         0.000000
    Generated by Unit     : Not applicable or not available
    Generated by Type     : Not applicable or not available
    Message               : "Type340_x32.dll" was found but did not contain any components from the input file.
 
*** Notice at time        :         0.000000
    Generated by Unit     : Not applicable or not available
    Generated by Type     : Not applicable or not available
    Message               : "Type342_x32.dll" was found but did not contain any components from the input file.
 
*** Notice at time        :         0.000000
    Generated by Unit     : Not applicable or not available
    Generated by Type     : Not applicable or not available
    Message               : "Type362_x32.dll" was found but did not contain any components from the input file.
 
*** Notice at time        :         0.000000
    Generated by Unit     : Not applicable or not available
    Generated by Type     : Not applicable or not available
    Message               : "Type399_x32.dll" was found but did not contain any components from the input file.
 
*** Notice at time        :         0.000000
    Generated by Unit     : Not applicable or not available
    Generated by Type     : Not applicable or not available
    Message               : "Type56.dll" was found but did not contain any components from the input file.
 
*** Notice at time        :         0.000000
    Generated by Unit     : Not applicable or not available
    Generated by Type     : Not applicable or not available
    Message               : "Type76Lib.dll" was found but did not contain any components from the input file.
 
*** Notice at time        :         0.000000
    Generated by Unit     : Not applicable or not available
    Generated by Type     : Not applicable or not available
    Message               : "Type82Lib.dll" was found but did not contain any components from the input file.
 
*** Notice at time        :         0.000000
    Generated by Unit     : Not applicable or not available
    Generated by Type     : Not applicable or not available
    TRNSYS Message    199 : TRNSYS found at least one user DLL in the UserLib directory. (Note: Only DLL's including Types that are used in the simulation are loaded)
    Reported information  : 1 user DLL was loaded after searching in "C:\TRNSYS18\UserLib\ReleaseDLLs"
 
*** Warning at time       :         0.000000
    Generated by Unit     :    45
    Generated by Type     :   103
    Message               : The 4-parameter PV model found a negative solution for the modules series resistance. The series resistance was set to zero. Please check manufacturers catalog values.
 
*** Warning at time       :         0.000000
    Generated by Unit     :    50
    Generated by Type     :   103
    Message               : The 4-parameter PV model found a negative solution for the modules series resistance. The series resistance was set to zero. Please check manufacturers catalog values.
 
*** Warning at time       :         0.000000
    Generated by Unit     :   122
    Generated by Type     :   103
    Message               : The 4-parameter PV model found a negative solution for the modules series resistance. The series resistance was set to zero. Please check manufacturers catalog values.
 
*** Notice at time        :      8759.000000
    Generated by Unit     :    94
    Generated by Type     :     9
    Message               : The specified component model has exhausted the data supply and has rewound the data file to begin reading from the top of the data file.
 
*** Notice at time        :      8759.250000
    Generated by Unit     :    40
    Generated by Type     :    15
    Message               : The specified component model has exhausted the data supply and has rewound the data file to begin reading from the top of the data file.
 
*** Notice at time        :      8759.250000
    Generated by Unit     :    41
    Generated by Type     :    15
    Message               : The specified component model has exhausted the data supply and has rewound the data file to begin reading from the top of the data file.
 
*** Notice at time        :      8759.250000
    Generated by Unit     :    42
    Generated by Type     :    15
    Message               : The specified component model has exhausted the data supply and has rewound the data file to begin reading from the top of the data file.
 
*** Notice at time        :      8759.250000
    Generated by Unit     :    51
    Generated by Type     :    15
    Message               : The specified component model has exhausted the data supply and has rewound the data file to begin reading from the top of the data file.
 
*** Notice at time        :      8759.250000
    Generated by Unit     :   112
    Generated by Type     :    15
    Message               : The specified component model has exhausted the data supply and has rewound the data file to begin reading from the top of the data file.
 
*** Notice at time        :      8759.250000
    Generated by Unit     :   120
    Generated by Type     :    15
    Message               : The specified component model has exhausted the data supply and has rewound the data file to begin reading from the top of the data file.
 
*** Notice at time        :      8759.250000
    Generated by Unit     :   123
    Generated by Type     :    15
    Message               : The specified component model has exhausted the data supply and has rewound the data file to begin reading from the top of the data file.
 
*** Notice at time        :      8759.500000
    Generated by Unit     :    10
    Generated by Type     :     9
    Message               : The specified component model has exhausted the data supply and has rewound the data file to begin reading from the top of the data file.
 
*** Notice at time        :      8759.500000
    Generated by Unit     :    59
    Generated by Type     :     9
    Message               : The specified component model has exhausted the data supply and has rewound the data file to begin reading from the top of the data file.
 
*** Notice at time        :      8759.750000
    Generated by Unit     :     7
    Generated by Type     :     9
    Message               : The specified component model has exhausted the data supply and has rewound the data file to begin reading from the top of the data file.
