 TIME                                   	Netzstrom_SB                            	COP_SB                                  	Car_Leistungszahl_SB                    	Strom_WP_SB                             	PV_SB                                   	Netzstrom_FVR                           	COP_FVR                                 	Car_Leistungszahl_FV                    	Strom_WP_FVR                            	PV_FVR                                  	Netzstrom_TV                            	COP_TV                                  	Car_Leistungszahl_TV                    	Strom_WP_TV                             	PV_TV                                   	Netzstrom_SpS                           	COP_SpS                                 	COP_TWW_Sommer                          	Car_Leistungszahl_Sp                    	Carnot_LZ_TWW                           	Strom_WP_Winter                         	Strom_WP_Sommer                         	
 2800.00
    3.48
   35.47
  118.23
    0.00
    0.00
    1.03
   38.37
  127.90
    0.00
    0.00
    0.23
   42.08
  140.26
    0.00
    0.00
    3.88
   33.67
    3.51
   80.16
    8.36
    0.27
    0.00
 2800.25
    0.00
   26.90
   89.67
    0.00
   19.79
    1.14
   28.75
   95.84
    0.00
    0.00
    0.00
   31.06
  103.55
    0.00
    2.02
    6.53
   29.55
    3.50
   70.35
    8.33
    0.35
    0.00
 2800.50
    0.00
   21.28
   70.93
    0.00
   18.39
    1.13
   22.68
   75.59
    0.00
    0.00
    0.00
   24.42
   81.41
    0.00
    1.90
    5.89
   23.85
    3.47
   56.79
    8.27
    0.43
    0.00
 2800.75
    0.00
   17.44
   58.12
    0.00
   16.94
    0.69
   18.53
   61.77
    0.00
    0.00
    0.00
   19.90
   66.32
    0.00
    1.77
    2.17
   20.01
    3.45
   47.63
    8.20
    0.43
    0.00
 2801.00
    0.00
   14.58
   48.59
    0.00
   15.46
    0.36
   15.45
   51.51
    0.00
    0.00
    0.00
   16.54
   55.14
    0.00
    1.63
    1.11
   17.13
    3.42
   40.79
    8.14
    0.48
    0.00
 2801.25
    0.00
   12.54
   41.79
    0.00
   13.37
    0.34
   13.26
   44.21
    0.00
    0.00
    0.00
   14.17
   47.23
    0.00
    1.45
    0.58
   14.97
    3.39
   35.64
    8.07
    0.53
    0.00
 2801.50
    0.00
   11.03
   36.78
    0.00
   11.90
    0.30
   11.66
   38.86
    0.00
    0.00
    0.00
   12.43
   41.44
    0.00
    1.29
    0.63
   13.33
    3.36
   31.74
    8.00
    0.60
    0.00
 2801.75
    0.00
    9.78
   32.61
    0.00
   10.44
    0.26
   10.32
   34.40
    0.00
    0.00
    0.00
   10.99
   36.63
    0.00
    1.14
    0.70
   11.93
    3.33
   28.39
    7.93
    0.68
    0.00
 2802.00
    0.00
    8.67
   28.91
    0.00
    8.99
    0.25
    9.14
   30.46
    0.00
    0.00
    0.00
    9.72
   32.40
    0.00
    0.97
    0.97
   10.62
    3.29
   25.29
    7.84
    0.77
    0.00
 2802.25
    0.00
    7.77
   25.89
    0.00
    5.63
    0.23
    8.18
   27.25
    0.00
    0.00
    0.00
    8.69
   28.96
    0.00
    0.59
    1.07
    9.52
    3.25
   22.68
    7.75
    0.86
    0.00
 2802.50
    0.00
    7.05
   23.49
    0.00
    4.65
    0.23
    7.41
   24.71
    0.00
    0.00
    0.00
    7.87
   26.24
    0.00
    0.48
    0.96
    8.65
    3.22
   20.60
    7.66
    0.95
    0.00
 2802.75
    0.00
    6.43
   21.45
    0.00
    3.77
    0.22
    6.76
   22.54
    0.00
    0.00
    0.00
    7.17
   23.91
    0.00
    0.36
    1.04
    7.95
    3.18
   18.92
    7.57
    1.04
    0.00
 2803.00
    0.00
    5.91
   19.69
    0.00
    3.04
    0.20
    6.20
   20.67
    0.00
    0.00
    0.00
    6.57
   21.89
    0.00
    0.25
    0.59
    7.37
    3.15
   17.56
    7.49
    0.59
    0.00
 2803.25
    1.12
    5.47
   18.24
    0.00
    0.00
    0.19
    5.74
   19.12
    0.00
    0.00
    0.23
    6.07
   20.23
    0.00
    0.00
    0.04
    6.89
    3.11
   16.41
    7.41
    0.04
    0.00
 2803.50
    1.11
    5.10
   17.00
    0.00
    0.00
    0.19
    5.34
   17.80
    0.00
    0.00
    0.23
    5.65
   18.82
    0.00
    0.00
    0.04
    6.47
    3.08
   15.41
    7.33
    0.04
    0.00
 2803.75
    1.10
    4.80
   15.99
    0.00
    0.00
    0.19
    5.02
   16.73
    0.00
    0.00
    0.22
    5.30
   17.67
    0.00
    0.00
    0.04
    6.14
    3.05
   14.61
    7.26
    0.04
    0.00
 2804.00
    1.10
    4.56
   15.19
    0.00
    0.00
    0.19
    4.77
   15.89
    0.00
    0.00
    0.84
    5.03
   16.76
    0.00
    0.00
    0.06
    5.88
    3.03
   14.01
    7.21
    0.06
    0.00
 2804.25
    1.10
    4.35
   14.52
    0.00
    0.00
    0.19
    4.55
   15.17
    0.00
    0.00
    0.84
    4.80
   15.99
    0.00
    0.00
    0.08
    5.68
    3.01
   13.52
    7.16
    0.08
    0.00
 2804.50
    1.11
    4.17
   13.90
    0.00
    0.00
    0.19
    4.35
   14.51
    0.00
    0.00
    0.21
    4.59
   15.29
    0.00
    0.00
    0.08
    5.49
    2.99
   13.07
    7.11
    0.08
    0.00
 2804.75
    1.11
    4.01
   13.38
    0.00
    0.00
    0.19
    4.19
   13.96
    0.00
    0.00
    0.21
    4.41
   14.70
    0.00
    0.00
    0.09
    5.31
    2.96
   12.64
    7.06
    0.09
    0.00
 2805.00
    1.08
    3.88
   12.93
    0.00
    0.00
    0.19
    4.05
   13.49
    0.00
    0.00
    0.22
    4.26
   14.19
    0.00
    0.00
    0.10
    5.13
    2.94
   12.22
    7.01
    0.10
    0.00
 2805.25
    1.02
    3.75
   12.51
    0.00
    0.00
    0.18
    3.91
   13.04
    0.00
    0.00
    0.23
    4.12
   13.72
    0.00
    0.00
    0.12
    4.97
    2.92
   11.83
    6.96
    0.12
    0.00
 2805.50
    0.95
    3.64
   12.12
    0.00
    0.00
    0.16
    3.79
   12.63
    0.00
    0.00
    0.24
    3.98
   13.28
    0.00
    0.00
    0.12
    4.82
    2.90
   11.47
    6.90
    0.12
    0.00
 2805.75
    0.93
    3.53
   11.78
    0.00
    0.00
    0.16
    3.68
   12.28
    0.00
    0.00
    0.24
    3.87
   12.90
    0.00
    0.00
    0.13
    4.70
    2.88
   11.18
    6.86
    0.13
    0.00
 2806.00
    1.04
    3.46
   11.52
    0.00
    0.00
    0.18
    3.60
   12.00
    0.00
    0.00
    0.25
    3.78
   12.61
    0.00
    0.00
    0.14
    4.63
    2.87
   11.02
    6.84
    0.14
    0.00
 2806.25
    1.32
    3.39
   11.31
    0.00
    0.00
    0.22
    3.53
   11.77
    0.00
    0.00
    0.27
    3.71
   12.36
    0.00
    0.00
    0.15
    4.58
    2.86
   10.90
    6.82
    0.15
    0.00
 2806.50
    1.75
    3.33
   11.10
    0.00
    0.00
    0.30
    3.47
   11.55
    0.00
    0.00
    0.29
    3.64
   12.12
    0.00
    0.00
    0.15
    4.53
    2.86
   10.79
    6.80
    0.15
    0.00
 2806.75
    2.23
    3.28
   10.95
    0.00
    0.00
    0.37
    3.42
   11.39
    0.00
    0.00
    0.30
    3.58
   11.95
    0.00
    0.00
    0.16
    4.49
    2.85
   10.70
    6.79
    0.16
    0.00
 2807.00
    2.64
    3.26
   10.86
    0.00
    0.00
    0.44
    3.39
   11.29
    0.00
    0.00
    0.31
    3.55
   11.85
    0.00
    0.00
    0.17
    4.46
    2.85
   10.62
    6.77
    0.17
    0.00
 2807.25
    2.87
    3.23
   10.77
    0.00
    0.00
    0.48
    3.36
   11.21
    0.00
    0.00
    0.55
    3.53
   11.75
    0.00
    0.00
    0.18
    4.43
    2.84
   10.56
    6.76
    0.18
    0.00
 2807.50
    2.93
    3.21
   10.69
    0.00
    0.00
    0.48
    3.34
   11.12
    0.00
    0.00
    1.12
    3.50
   11.66
    0.00
    0.00
    0.18
    4.41
    2.84
   10.50
    6.75
    0.18
    0.00
 2807.75
    2.87
    3.18
   10.60
    0.00
    0.00
    0.47
    3.31
   11.03
    0.00
    0.00
    1.80
    3.47
   11.56
    0.00
    0.00
    0.19
    4.37
    2.83
   10.41
    6.74
    0.19
    0.00
 2808.00
    2.80
    3.15
   10.50
    0.00
    0.00
    0.46
    3.28
   10.92
    0.00
    0.00
    2.50
    3.43
   11.45
    0.00
    0.00
    0.20
    4.32
    2.82
   10.28
    6.72
    0.20
    0.00
 2808.25
    2.79
    3.12
   10.38
    0.00
    0.00
    0.45
    3.24
   10.80
    0.00
    0.00
    3.10
    3.40
   11.32
    0.00
    0.00
    0.22
    4.25
    2.81
   10.12
    6.69
    0.22
    0.00
 2808.50
    2.89
    3.08
   10.27
    0.00
    0.00
    0.47
    3.20
   10.68
    0.00
    0.00
    3.57
    3.36
   11.20
    0.00
    0.00
    0.22
    4.19
    2.80
    9.98
    6.66
    0.22
    0.00
 2808.75
    3.07
    3.04
   10.13
    0.00
    0.00
    0.50
    3.16
   10.54
    0.00
    0.00
    3.91
    3.31
   11.05
    0.00
    0.00
    0.23
    4.13
    2.79
    9.82
    6.63
    0.23
    0.00
 2809.00
    3.30
    2.99
    9.97
    0.00
    0.00
    0.54
    3.11
   10.37
    0.00
    0.00
    4.12
    3.26
   10.87
    0.00
    0.00
    0.24
    4.06
    2.77
    9.66
    6.60
    0.24
    0.00
 2809.25
    3.56
    2.94
    9.81
    0.00
    0.00
    0.58
    3.06
   10.20
    0.00
    0.00
    4.24
    3.21
   10.69
    0.00
    0.00
    0.26
    3.99
    2.76
    9.49
    6.57
    0.26
    0.00
 2809.50
    3.84
    2.90
    9.66
    0.00
    0.00
    0.64
    3.01
   10.04
    0.00
    0.00
    4.28
    3.16
   10.52
    0.00
    0.00
    0.27
    3.92
    2.75
    9.33
    6.54
    0.27
    0.00
 2809.75
    4.16
    2.85
    9.51
    0.00
    0.00
    0.69
    2.97
    9.88
    0.00
    0.00
    4.27
    3.11
   10.36
    0.00
    0.00
    0.28
    3.86
    2.73
    9.20
    6.51
    0.28
    0.00
 2810.00
    4.51
    2.82
    9.39
    0.00
    0.00
    0.76
    2.93
    9.75
    0.00
    0.00
    4.24
    3.07
   10.22
    0.00
    0.00
    0.29
    3.82
    2.73
    9.10
    6.49
    0.29
    0.00
 2810.25
    4.89
    2.78
    9.27
    0.00
    0.00
    0.83
    2.89
    9.63
    0.00
    0.00
    4.21
    3.03
   10.09
    0.00
    0.00
    0.31
    3.79
    2.72
    9.03
    6.48
    0.31
    0.00
 2810.50
    5.29
    2.75
    9.16
    0.00
    0.00
    0.89
    2.86
    9.52
    0.00
    0.00
    4.20
    2.99
    9.97
    0.00
    0.00
    0.32
    3.76
    2.71
    8.96
    6.46
    0.32
    0.00
 2810.75
    5.65
    2.72
    9.07
    0.00
    0.00
    0.95
    2.83
    9.42
    0.00
    0.00
    4.20
    2.96
    9.86
    0.00
    0.00
    0.32
    3.73
    2.71
    8.89
    6.44
    0.32
    0.00
 2811.00
    5.92
    2.70
    9.00
    0.00
    0.00
    1.00
    2.80
    9.34
    0.00
    0.00
    4.19
    2.93
    9.78
    0.00
    0.00
    0.35
    3.70
    2.70
    8.81
    6.43
    0.35
    0.00
 2811.25
    6.05
    2.68
    8.92
    0.00
    0.00
    1.02
    2.78
    9.26
    0.00
    0.00
    4.18
    2.91
    9.69
    0.00
    0.00
    0.38
    3.66
    2.69
    8.72
    6.41
    0.38
    0.00
 2811.50
    6.04
    2.65
    8.84
    0.00
    0.00
    1.02
    2.75
    9.18
    0.00
    0.00
    4.15
    2.88
    9.61
    0.00
    0.00
    0.38
    3.63
    2.68
    8.64
    6.39
    0.38
    0.00
 2811.75
    5.94
    2.63
    8.77
    0.00
    0.00
    1.01
    2.73
    9.10
    0.00
    0.00
    4.10
    2.86
    9.53
    0.00
    0.00
    0.39
    3.60
    2.68
    8.58
    6.37
    0.39
    0.00
 2812.00
    5.79
    2.61
    8.70
    0.00
    0.00
    0.99
    2.71
    9.03
    0.00
    0.00
    4.02
    2.84
    9.45
    0.00
    0.00
    0.42
    3.58
    2.67
    8.53
    6.36
    0.42
    0.00
 2812.25
    5.96
    2.59
    8.65
    0.30
    0.00
    0.97
    2.69
    8.97
    0.00
    0.00
    3.91
    2.82
    9.39
    0.00
    0.00
    0.45
    3.57
    2.67
    8.49
    6.35
    0.45
    0.00
 2812.50
    6.12
    2.58
    8.59
    0.56
    0.00
    0.95
    2.67
    8.91
    0.00
    0.00
    3.77
    2.80
    9.33
    0.00
    0.00
    0.46
    3.55
    2.66
    8.45
    6.34
    0.46
    0.00
 2812.75
    6.01
    2.57
    8.58
    0.52
    0.00
    0.94
    2.67
    8.90
    0.00
    0.00
    3.60
    2.79
    9.31
    0.00
    0.00
    0.46
    3.56
    2.67
    8.48
    6.35
    0.46
    0.00
 2813.00
    5.95
    2.59
    8.65
    0.52
    0.00
    0.94
    2.69
    8.97
    0.00
    0.00
    3.39
    2.81
    9.38
    0.00
    0.00
    0.47
    3.63
    2.68
    8.63
    6.39
    0.47
    0.00
 2813.25
    5.91
    2.63
    8.75
    0.51
    0.00
    0.94
    2.72
    9.08
    0.00
    0.00
    3.16
    2.85
    9.48
    0.00
    0.00
    0.48
    3.72
    2.70
    8.86
    6.44
    0.48
    0.00
 2813.50
    5.35
    2.66
    8.86
    0.48
    0.50
    0.93
    2.76
    9.19
    0.00
    0.00
    2.90
    2.88
    9.60
    0.00
    0.01
    0.47
    3.82
    2.73
    9.10
    6.49
    0.47
    0.00
 2813.75
    4.40
    2.71
    9.04
    0.44
    1.39
    0.93
    2.81
    9.37
    0.00
    0.00
    2.65
    2.94
    9.79
    0.00
    0.05
    0.46
    3.93
    2.75
    9.37
    6.55
    0.46
    0.00
 2814.00
    3.45
    2.79
    9.31
    0.39
    2.31
    0.93
    2.89
    9.65
    0.00
    0.00
    2.48
    3.02
   10.08
    0.00
    0.09
    0.47
    4.06
    2.77
    9.66
    6.60
    0.46
    0.00
 2814.25
    0.95
    2.88
    9.59
    0.18
    4.63
    0.94
    2.98
    9.94
    0.00
    0.00
    2.44
    3.12
   10.39
    0.00
    0.12
    0.46
    4.19
    2.80
    9.98
    6.66
    0.45
    0.00
 2814.50
    0.00
    2.97
    9.89
    0.00
    5.66
    0.95
    3.08
   10.26
    0.00
    0.00
    2.50
    3.22
   10.72
    0.00
    0.15
    0.42
    4.33
    2.82
   10.32
    6.72
    0.42
    0.00
 2814.75
    0.00
    3.08
   10.27
    0.00
    7.02
    0.96
    3.19
   10.65
    0.00
    0.00
    2.61
    3.34
   11.13
    0.00
    0.18
    0.39
    4.52
    2.86
   10.77
    6.80
    0.39
    0.00
 2815.00
    0.00
    3.23
   10.77
    0.00
    8.43
    0.98
    3.35
   11.17
    0.00
    0.00
    2.72
    3.50
   11.67
    0.00
    0.21
    0.37
    4.81
    2.90
   11.45
    6.90
    0.37
    0.00
 2815.25
    0.00
    3.42
   11.39
    0.00
   11.66
    1.01
    3.54
   11.81
    0.00
    0.00
    2.74
    3.70
   12.34
    0.00
    0.29
    0.34
    5.18
    2.95
   12.34
    7.02
    0.34
    0.00
 2815.50
    0.00
    3.63
   12.11
    0.00
   13.39
    1.04
    3.77
   12.55
    0.00
    0.00
    2.61
    3.93
   13.10
    0.00
    0.42
    0.31
    5.63
    3.00
   13.41
    7.15
    0.31
    0.00
 2815.75
    0.00
    3.90
   13.00
    0.00
   15.11
    1.09
    4.04
   13.48
    0.00
    0.00
    2.41
    4.22
   14.07
    0.00
    0.58
    0.30
    6.15
    3.05
   14.63
    7.27
    0.28
    0.00
 2816.00
    0.00
    4.23
   14.09
    0.00
   16.73
    1.15
    4.38
   14.61
    0.00
    0.00
    2.15
    4.58
   15.26
    0.00
    0.73
    0.27
    6.69
    3.10
   15.92
    7.37
    0.25
    0.00
 2816.25
    0.00
    4.60
   15.34
    0.00
   19.89
    1.22
    4.78
   15.93
    0.00
    0.00
    1.78
    4.99
   16.64
    0.00
    0.96
    0.24
    7.29
    3.14
   17.36
    7.48
    0.22
    0.00
 2816.50
    0.00
    5.06
   16.88
    0.00
   21.61
    1.25
    5.26
   17.53
    0.00
    0.00
    1.42
    5.50
   18.33
    0.00
    1.15
    0.21
    8.04
    3.19
   19.14
    7.58
    0.19
    0.00
 2816.75
    0.00
    5.64
   18.80
    0.00
   23.27
    1.25
    5.86
   19.53
    0.00
    0.00
    1.03
    6.13
   20.42
    0.00
    1.34
    0.43
    9.08
    3.24
   21.61
    7.70
    0.18
    0.00
 2817.00
    0.00
    6.43
   21.44
    0.00
   24.86
    1.26
    6.68
   22.26
    0.00
    0.00
    0.62
    6.98
   23.26
    0.00
    1.53
    0.68
   10.75
    3.30
   25.61
    7.85
    0.16
    0.00
 2817.25
    0.00
    7.61
   25.37
    0.00
   27.60
    1.30
    7.89
   26.31
    0.00
    0.00
    0.13
    8.23
   27.43
    0.00
    1.78
    0.67
   13.56
    3.36
   32.28
    8.01
    0.13
    0.00
 2817.50
    0.00
    9.46
   31.54
    0.00
   29.07
    1.38
    9.79
   32.63
    0.00
    0.00
    0.00
   10.18
   33.92
    0.00
    1.96
    0.37
   18.77
    3.43
   44.70
    8.18
    0.08
    0.00
 2817.75
    0.00
   12.57
   41.91
    0.00
   30.39
    1.43
   12.96
   43.21
    0.00
    0.00
    0.00
   13.41
   44.71
    0.00
    2.13
    0.34
   29.08
    3.50
   69.25
    8.32
    0.05
    0.00
 2818.00
    0.00
   17.69
   58.97
    0.00
   31.56
    1.49
   18.18
   60.59
    0.00
    0.00
    0.00
   18.73
   62.43
    0.00
    2.29
    0.35
   48.25
    3.54
  114.89
    8.42
    0.03
    0.00
 2818.25
    0.00
   29.27
   97.58
    0.00
   33.44
    1.55
   29.85
   99.49
    0.00
    0.00
    0.00
   30.48
  101.60
    0.00
    2.50
    0.35
  116.73
    3.57
  277.94
    8.50
    0.01
    0.00
 2818.50
    0.00
   62.12
  207.06
    0.00
   34.35
    1.51
   62.41
  208.05
    0.00
    0.00
    0.00
   62.72
  209.08
    0.00
    2.63
    0.64
 2350.15
    3.60
 5595.60
    8.58
    0.00
    0.00
 2818.75
    0.00
  121.70
  405.67
    0.00
   35.20
    1.47
  121.70
  405.67
    0.00
    0.00
    0.00
  121.70
  405.67
    0.00
    2.76
    0.12
  256.66
    3.63
  611.09
    8.65
    0.00
    0.12
 2819.00
    0.00
  235.26
  784.19
    0.00
   36.00
    1.47
  235.26
  784.19
    0.00
    0.00
    0.00
  235.26
  784.19
    0.00
    2.87
    0.00
  159.39
    3.66
  379.50
    8.72
    0.00
    0.00
 2819.25
    0.00
 3515.74
11719.12
    0.00
   37.18
    1.46
 3515.74
11719.12
    0.00
    0.00
    0.00
 3515.74
11719.12
    0.00
    2.99
    0.01
  117.65
    3.69
  280.12
    8.78
    0.00
    0.01
 2819.50
    0.00
  271.44
  904.80
    0.00
   37.70
    1.49
  271.44
  904.80
    0.00
    0.00
    0.00
  271.44
  904.80
    0.00
    3.08
    0.12
   93.23
    3.71
  221.98
    8.84
    0.00
    0.12
 2819.75
    0.00
  138.40
  461.34
    0.00
   38.11
    1.49
  138.40
  461.34
    0.00
    0.00
    0.00
  138.40
  461.34
    0.00
    3.15
    0.79
   75.44
    3.75
  179.62
    8.92
    0.00
    0.79
 2820.00
    0.00
   96.70
  322.32
    0.00
   38.39
    1.50
   96.70
  322.32
    0.00
    0.00
    0.00
   96.70
  322.32
    0.00
    3.21
    0.99
   61.01
    3.78
  145.25
    9.01
    0.00
    0.99
 2820.25
    0.00
   74.31
  247.68
    0.00
   38.59
    1.49
   74.31
  247.68
    0.00
    0.00
    0.00
   74.31
  247.68
    0.00
    3.27
    0.43
   50.42
    3.83
  120.06
    9.11
    0.00
    0.43
 2820.50
    0.00
   60.33
  201.11
    0.00
   38.60
    1.45
   60.33
  201.11
    0.00
    0.00
    0.00
   60.33
  201.11
    0.00
    3.31
    0.44
   42.97
    3.87
  102.31
    9.22
    0.00
    0.44
 2820.75
    0.00
   48.68
  162.28
    0.00
   38.45
    1.46
   48.68
  162.28
    0.00
    0.00
    0.00
   48.68
  162.28
    0.00
    3.34
    0.34
   38.99
    3.91
   92.83
    9.30
    0.00
    0.34
 2821.00
    0.00
   39.44
  131.46
    0.00
   38.15
    1.43
   39.44
  131.46
    0.00
    0.00
    0.00
   39.44
  131.46
    0.00
    3.36
    0.12
   38.61
    3.91
   91.92
    9.31
    0.00
    0.12
 2821.25
    0.00
   33.14
  110.47
    0.00
   37.19
    1.38
   33.14
  110.47
    0.00
    0.00
    0.00
   33.14
  110.47
    0.00
    3.32
    0.33
   39.85
    3.90
   94.88
    9.28
    0.00
    0.33
 2821.50
    0.00
   28.58
   95.27
    0.00
   36.63
    1.32
   28.58
   95.27
    0.00
    0.00
    0.00
   28.58
   95.27
    0.00
    3.32
    0.33
   41.18
    3.89
   98.05
    9.25
    0.00
    0.33
 2821.75
    0.00
   27.15
   90.50
    0.00
   36.04
    1.27
   27.15
   90.50
    0.00
    0.00
    0.00
   27.15
   90.50
    0.00
    3.30
    0.21
   41.70
    3.88
   99.29
    9.24
    0.00
    0.21
 2822.00
    0.00
   28.01
   93.38
    0.00
   35.40
    1.19
   28.01
   93.38
    0.00
    0.00
    0.00
   28.01
   93.38
    0.00
    3.28
    0.32
   40.50
    3.89
   96.44
    9.27
    0.00
    0.32
 2822.25
    0.00
   28.93
   96.44
    0.00
   32.58
    1.09
   28.93
   96.44
    0.00
    0.00
    0.00
   28.93
   96.44
    0.00
    3.07
    0.21
   38.61
    3.91
   91.92
    9.31
    0.00
    0.21
 2822.50
    0.00
   29.91
   99.71
    0.00
   31.74
    1.01
   29.91
   99.71
    0.00
    0.00
    0.00
   29.91
   99.71
    0.00
    3.02
    0.38
   36.88
    3.92
   87.80
    9.35
    0.00
    0.38
 2822.75
    0.00
   29.66
   98.87
    0.00
   30.75
    0.94
   29.66
   98.87
    0.00
    0.00
    0.00
   29.66
   98.87
    0.00
    2.97
    0.47
   35.61
    3.94
   84.80
    9.38
    0.00
    0.47
 2823.00
    0.00
   28.24
   94.12
    0.00
   29.61
    0.89
   28.24
   94.12
    0.00
    0.00
    0.00
   28.24
   94.12
    0.00
    2.90
    0.10
   35.05
    3.94
   83.44
    9.39
    0.00
    0.10
 2823.25
    0.00
   26.94
   89.81
    0.00
   27.14
    0.89
   26.94
   89.81
    0.00
    0.00
    0.00
   26.94
   89.81
    0.00
    2.69
    0.02
   34.80
    3.95
   82.86
    9.40
    0.00
    0.02
 2823.50
    0.00
   25.76
   85.88
    0.00
   25.86
    0.87
   25.76
   85.88
    0.00
    0.00
    0.00
   25.76
   85.88
    0.00
    2.61
    0.02
   34.56
    3.95
   82.28
    9.40
    0.00
    0.02
 2823.75
    0.00
   25.12
   83.74
    0.00
   24.50
    1.40
   25.12
   83.74
    0.00
    0.00
    0.00
   25.12
   83.74
    0.00
    2.51
    0.19
   34.80
    3.95
   82.86
    9.40
    0.00
    0.19
 2824.00
    0.00
   24.94
   83.15
    0.00
   23.08
    1.50
   24.94
   83.15
    0.00
    0.00
    0.00
   24.94
   83.15
    0.00
    2.40
    0.34
   36.07
    3.93
   85.88
    9.36
    0.00
    0.34
 2824.25
    0.00
   24.77
   82.57
    0.00
   20.17
    0.84
   24.77
   82.57
    0.00
    0.00
    0.00
   24.77
   82.57
    0.00
    2.11
    0.26
   38.01
    3.91
   90.50
    9.32
    0.00
    0.26
 2824.50
    0.00
   24.60
   81.99
    0.00
   18.71
    0.56
   24.60
   81.99
    0.00
    0.00
    0.00
   24.60
   81.99
    0.00
    1.99
    0.10
   40.18
    3.89
   95.66
    9.27
    0.00
    0.10
 2824.75
    0.00
   25.12
   83.74
    0.00
   17.22
    0.44
   25.12
   83.74
    0.00
    0.00
    0.00
   25.12
   83.74
    0.00
    1.85
    0.01
   43.92
    3.87
  104.58
    9.21
    0.00
    0.01
 2825.00
    0.00
   26.44
   88.13
    0.00
   15.75
    0.35
   26.44
   88.13
    0.00
    0.00
    0.00
   26.44
   88.13
    0.00
    1.72
    0.00
   52.02
    3.82
  123.85
    9.10
    0.00
    0.00
 2825.25
    0.00
   27.90
   93.01
    0.00
   13.12
    0.30
   27.90
   93.01
    0.00
    0.00
    0.00
   27.90
   93.01
    0.00
    1.43
    0.00
   66.78
    3.77
  158.99
    8.97
    0.00
    0.00
 2825.50
    0.00
   29.54
   98.46
    0.00
   11.68
    0.27
   29.54
   98.46
    0.00
    0.00
    0.00
   29.54
   98.46
    0.00
    1.28
    0.00
   93.23
    3.71
  221.98
    8.84
    0.00
    0.00
 2825.75
    0.00
   33.46
  111.52
    0.00
   10.27
    0.24
   33.46
  111.52
    0.00
    0.00
    0.00
   33.46
  111.52
    0.00
    1.13
    0.01
  164.70
    3.66
  392.15
    8.71
    0.00
    0.01
 2826.00
    0.00
   59.01
  196.70
    0.00
    8.91
    0.23
   57.38
  191.25
    0.00
    0.00
    0.00
   55.74
  185.81
    0.00
    0.97
    0.04
  225.60
    3.59
  537.13
    8.56
    0.01
    0.00
 2826.25
    0.00
  140.23
  467.42
    0.00
    6.11
    0.22
  184.15
  613.82
    0.00
    0.00
    0.00
  277.71
  925.70
    0.00
    0.65
    0.05
   42.84
    3.53
  102.00
    8.40
    0.03
    0.00
 2826.50
    0.00
   30.04
  100.14
    0.00
    5.03
    0.22
   33.04
  110.12
    0.00
    0.00
    0.00
   37.06
  123.54
    0.00
    0.52
    0.06
   22.87
    3.47
   54.45
    8.25
    0.06
    0.00
 2826.75
    0.00
   18.02
   60.05
    0.00
    4.10
    0.20
   19.41
   64.69
    0.00
    0.00
    0.00
   21.21
   70.69
    0.00
    0.40
    0.09
   16.75
    3.41
   39.87
    8.12
    0.09
    0.00
 2827.00
    0.00
   13.61
   45.37
    0.00
    3.30
    0.20
   14.52
   48.40
    0.00
    0.00
    0.00
   15.67
   52.24
    0.00
    0.28
    0.11
   14.21
    3.38
   33.84
    8.04
    0.11
    0.00
 2827.25
    1.12
   11.25
   37.49
    0.00
    0.00
    0.19
   11.92
   39.74
    0.00
    0.00
    0.23
   12.77
   42.57
    0.00
    0.00
    0.13
   12.75
    3.35
   30.35
    7.97
    0.13
    0.00
 2827.50
    1.11
    9.61
   32.02
    0.00
    0.00
    0.19
   10.14
   33.79
    0.00
    0.00
    0.23
   10.80
   36.01
    0.00
    0.00
    0.14
   11.58
    3.32
   27.56
    7.90
    0.14
    0.00
 2827.75
    1.10
    8.64
   28.79
    0.00
    0.00
    0.19
    9.09
   30.31
    0.00
    0.00
    0.22
    9.66
   32.21
    0.00
    0.00
    0.15
   10.78
    3.30
   25.66
    7.85
    0.15
    0.00
 2828.00
    1.10
    8.14
   27.14
    0.00
    0.00
    0.19
    8.56
   28.54
    0.00
    0.00
    0.22
    9.08
   30.27
    0.00
    0.00
    0.16
   10.38
    3.28
   24.71
    7.82
    0.16
    0.00
 2828.25
    1.10
    7.78
   25.92
    0.00
    0.00
    0.19
    8.16
   27.21
    0.00
    0.00
    0.21
    8.64
   28.82
    0.00
    0.00
    0.17
   10.15
    3.28
   24.16
    7.80
    0.17
    0.00
 2828.50
    1.11
    7.44
   24.81
    0.00
    0.00
    0.19
    7.80
   26.01
    0.00
    0.00
    0.21
    8.25
   27.50
    0.00
    0.00
    0.18
    9.93
    3.27
   23.64
    7.78
    0.18
    0.00
 2828.75
    1.11
    7.18
   23.95
    0.00
    0.00
    0.19
    7.53
   25.09
    0.00
    0.00
    0.21
    7.95
   26.51
    0.00
    0.00
    0.18
    9.67
    3.26
   23.03
    7.76
    0.18
    0.00
 2829.00
    1.08
    6.97
   23.22
    0.00
    0.00
    0.19
    7.30
   24.32
    0.00
    0.00
    0.22
    7.71
   25.70
    0.00
    0.00
    0.19
    9.33
    3.25
   22.22
    7.73
    0.19
    0.00
 2829.25
    1.02
    6.74
   22.47
    0.00
    0.00
    0.18
    7.06
   23.54
    0.00
    0.00
    0.24
    7.46
   24.87
    0.00
    0.00
    0.20
    8.98
    3.23
   21.37
    7.69
    0.20
    0.00
 2829.50
    0.95
    6.53
   21.77
    0.00
    0.00
    0.16
    6.84
   22.81
    0.00
    0.00
    0.24
    7.23
   24.10
    0.00
    0.00
    0.21
    8.65
    3.22
   20.60
    7.66
    0.21
    0.00
 2829.75
    0.93
    6.30
   21.00
    0.00
    0.00
    0.16
    6.60
   22.00
    0.00
    0.00
    0.24
    6.97
   23.24
    0.00
    0.00
    0.22
    8.32
    3.20
   19.81
    7.62
    0.22
    0.00
 2830.00
    1.04
    6.04
   20.14
    0.00
    0.00
    0.18
    6.33
   21.10
    0.00
    0.00
    0.25
    6.69
   22.28
    0.00
    0.00
    0.23
    7.97
    3.18
   18.98
    7.58
    0.23
    0.00
 2830.25
    1.32
    5.80
   19.33
    0.00
    0.00
    0.22
    6.07
   20.24
    0.00
    0.00
    0.27
    6.41
   21.37
    0.00
    0.00
    0.24
    7.63
    3.16
   18.16
    7.53
    0.24
    0.00
 2830.50
    1.75
    5.57
   18.58
    0.00
    0.00
    0.30
    5.83
   19.45
    0.00
    0.00
    0.28
    6.16
   20.54
    0.00
    0.00
    0.26
    7.32
    3.14
   17.42
    7.48
    0.26
    0.00
 2830.75
    2.23
    5.35
   17.82
    0.00
    0.00
    0.37
    5.59
   18.65
    0.00
    0.00
    0.30
    5.90
   19.68
    0.00
    0.00
    0.27
    7.01
    3.12
   16.69
    7.43
    0.27
    0.00
 2831.00
    2.64
    5.10
   17.01
    0.00
    0.00
    0.44
    5.34
   17.80
    0.00
    0.00
    0.31
    5.63
   18.78
    0.00
    0.00
    0.29
    6.69
    3.10
   15.92
    7.37
    0.29
    0.00
 2831.25
    2.87
    4.88
   16.26
    0.00
    0.00
    0.48
    5.10
   17.00
    0.00
    0.00
    0.55
    5.38
   17.93
    0.00
    0.00
    0.31
    6.37
    3.07
   15.17
    7.31
    0.31
    0.00
 2831.50
    2.93
    4.67
   15.57
    0.00
    0.00
    0.48
    4.88
   16.28
    0.00
    0.00
    1.12
    5.15
   17.17
    0.00
    0.00
    0.33
    6.09
    3.05
   14.50
    7.25
    0.33
    0.00
 2831.75
    2.87
    4.49
   14.97
    0.00
    0.00
    0.47
    4.69
   15.64
    0.00
    0.00
    1.80
    4.95
   16.49
    0.00
    0.00
    0.35
    5.87
    3.03
   13.98
    7.20
    0.35
    0.00
 2832.00
    2.80
    4.35
   14.49
    0.00
    0.00
    0.46
    4.54
   15.14
    0.00
    0.00
    2.50
    4.78
   15.95
    0.00
    0.00
    0.37
    5.74
    3.01
   13.67
    7.17
    0.37
    0.00
 2832.25
    2.79
    4.23
   14.10
    0.00
    0.00
    0.45
    4.42
   14.72
    0.00
    0.00
    3.10
    4.65
   15.49
    0.00
    0.00
    0.39
    5.65
    3.00
   13.45
    7.15
    0.39
    0.00
 2832.50
    2.89
    4.12
   13.73
    0.00
    0.00
    0.47
    4.30
   14.32
    0.00
    0.00
    3.57
    4.52
   15.07
    0.00
    0.00
    0.40
    5.56
    2.99
   13.24
    7.13
    0.40
    0.00
 2832.75
    3.07
    4.03
   13.45
    0.00
    0.00
    0.50
    4.21
   14.02
    0.00
    0.00
    3.91
    4.42
   14.74
    0.00
    0.00
    0.41
    5.47
    2.98
   13.03
    7.10
    0.41
    0.00
 2833.00
    3.30
    3.97
   13.24
    0.00
    0.00
    0.54
    4.14
   13.80
    0.00
    0.00
    4.12
    4.35
   14.51
    0.00
    0.00
    0.43
    5.39
    2.97
   12.83
    7.08
    0.43
    0.00
 2833.25
    3.56
    3.91
   13.04
    0.00
    0.00
    0.58
    4.08
   13.59
    0.00
    0.00
    4.24
    4.29
   14.28
    0.00
    0.00
    0.44
    5.31
    2.96
   12.64
    7.06
    0.44
    0.00
 2833.50
    3.84
    3.85
   12.85
    0.00
    0.00
    0.64
    4.02
   13.39
    0.00
    0.00
    4.28
    4.22
   14.07
    0.00
    0.00
    0.45
    5.23
    2.96
   12.46
    7.04
    0.45
    0.00
 2833.75
    4.16
    3.80
   12.66
    0.00
    0.00
    0.69
    3.96
   13.19
    0.00
    0.00
    4.27
    4.16
   13.86
    0.00
    0.00
    0.46
    5.16
    2.95
   12.28
    7.01
    0.46
    0.00
 2834.00
    4.51
    3.74
   12.47
    0.00
    0.00
    0.76
    3.90
   13.00
    0.00
    0.00
    4.24
    4.10
   13.65
    0.00
    0.00
    0.47
    5.09
    2.94
   12.11
    6.99
    0.47
    0.00
 2834.25
    4.89
    3.69
   12.30
    0.00
    0.00
    0.83
    3.84
   12.81
    0.00
    0.00
    4.21
    4.04
   13.46
    0.00
    0.00
    0.49
    5.02
    2.93
   11.94
    6.97
    0.49
    0.00
 2834.50
    5.29
    3.64
   12.13
    0.00
    0.00
    0.89
    3.79
   12.63
    0.00
    0.00
    4.20
    3.98
   13.27
    0.00
    0.00
    0.50
    4.95
    2.92
   11.78
    6.95
    0.50
    0.00
 2834.75
    5.65
    3.58
   11.94
    0.00
    0.00
    0.95
    3.73
   12.44
    0.00
    0.00
    4.20
    3.92
   13.06
    0.00
    0.00
    0.51
    4.87
    2.91
   11.59
    6.92
    0.51
    0.00
 2835.00
    5.92
    3.52
   11.73
    0.00
    0.00
    1.00
    3.66
   12.21
    0.00
    0.00
    4.19
    3.85
   12.82
    0.00
    0.00
    0.53
    4.77
    2.89
   11.35
    6.89
    0.53
    0.00
 2835.25
    6.05
    3.45
   11.50
    0.00
    0.00
    1.02
    3.59
   11.98
    0.00
    0.00
    4.18
    3.77
   12.58
    0.00
    0.00
    0.54
    4.66
    2.88
   11.08
    6.85
    0.54
    0.00
 2835.50
    6.04
    3.39
   11.29
    0.00
    0.00
    1.02
    3.53
   11.75
    0.00
    0.00
    4.15
    3.70
   12.34
    0.00
    0.00
    0.56
    4.55
    2.86
   10.84
    6.81
    0.56
    0.00
 2835.75
    5.94
    3.33
   11.10
    0.00
    0.00
    1.01
    3.47
   11.56
    0.00
    0.00
    4.10
    3.64
   12.14
    0.00
    0.00
    0.57
    4.49
    2.85
   10.68
    6.78
    0.57
    0.00
 2836.00
    5.79
    3.30
   11.00
    0.00
    0.00
    0.99
    3.43
   11.45
    0.00
    0.00
    4.02
    3.60
   12.01
    0.00
    0.00
    0.58
    4.49
    2.85
   10.68
    6.79
    0.58
    0.00
 2836.25
    5.89
    3.28
   10.95
    0.23
    0.00
    0.97
    3.42
   11.38
    0.00
    0.00
    3.91
    3.58
   11.94
    0.00
    0.00
    0.59
    4.52
    2.86
   10.77
    6.80
    0.59
    0.00
 2836.50
    5.99
    3.27
   10.89
    0.44
    0.00
    0.95
    3.40
   11.32
    0.00
    0.00
    3.77
    3.56
   11.86
    0.00
    0.00
    0.59
    4.56
    2.86
   10.86
    6.81
    0.59
    0.00
 2836.75
    5.89
    3.28
   10.92
    0.41
    0.00
    0.94
    3.41
   11.35
    0.00
    0.00
    3.60
    3.57
   11.89
    0.00
    0.00
    0.59
    4.61
    2.87
   10.98
    6.83
    0.59
    0.00
 2837.00
    5.84
    3.32
   11.06
    0.40
    0.00
    0.94
    3.45
   11.50
    0.00
    0.00
    3.39
    3.61
   12.04
    0.00
    0.00
    0.58
    4.68
    2.88
   11.15
    6.86
    0.58
    0.00
 2837.25
    5.82
    3.37
   11.22
    0.40
    0.00
    0.94
    3.50
   11.66
    0.00
    0.00
    3.16
    3.67
   12.22
    0.00
    0.00
    0.57
    4.78
    2.89
   11.37
    6.89
    0.57
    0.00
 2837.50
    5.36
    3.42
   11.39
    0.38
    0.42
    0.93
    3.55
   11.84
    0.00
    0.00
    2.90
    3.72
   12.40
    0.00
    0.01
    0.58
    4.87
    2.91
   11.60
    6.92
    0.56
    0.00
 2837.75
    4.62
    3.49
   11.63
    0.36
    1.11
    0.95
    3.62
   12.08
    0.00
    0.00
    2.65
    3.80
   12.65
    0.00
    0.05
    0.57
    5.00
    2.92
   11.90
    6.96
    0.55
    0.00
 2838.00
    3.87
    3.59
   11.98
    0.34
    1.83
    0.96
    3.74
   12.45
    0.00
    0.00
    2.48
    3.91
   13.04
    0.00
    0.09
    0.54
    5.20
    2.95
   12.37
    7.02
    0.52
    0.00
 2838.25
    1.46
    3.72
   12.41
    0.16
    4.09
    0.94
    3.87
   12.89
    0.00
    0.00
    2.44
    4.05
   13.50
    0.00
    0.12
    0.51
    5.45
    2.98
   12.97
    7.10
    0.50
    0.00
 2838.50
    0.39
    3.86
   12.87
    0.00
    5.07
    0.95
    4.01
   13.38
    0.00
    0.00
    2.49
    4.20
   14.00
    0.00
    0.15
    0.48
    5.72
    3.01
   13.63
    7.17
    0.47
    0.00
 2838.75
    0.00
    4.04
   13.47
    0.00
    6.27
    0.96
    4.20
   13.99
    0.00
    0.00
    2.61
    4.39
   14.64
    0.00
    0.19
    0.44
    6.05
    3.04
   14.40
    7.24
    0.44
    0.00
 2839.00
    0.00
    4.27
   14.23
    0.00
    7.50
    0.98
    4.44
   14.79
    0.00
    0.00
    2.72
    4.64
   15.48
    0.00
    0.22
    0.40
    6.43
    3.08
   15.32
    7.33
    0.40
    0.00
 2839.25
    0.00
    4.54
   15.12
    0.00
    9.35
    1.01
    4.72
   15.72
    0.00
    0.00
    2.69
    4.94
   16.45
    0.00
    0.34
    0.37
    6.89
    3.11
   16.41
    7.41
    0.37
    0.00
 2839.50
    0.00
    4.84
   16.15
    0.00
   10.70
    1.04
    5.04
   16.79
    0.00
    0.00
    2.60
    5.27
   17.57
    0.00
    0.44
    0.34
    7.43
    3.15
   17.69
    7.50
    0.34
    0.00
 2839.75
    0.00
    5.25
   17.50
    0.00
   12.04
    1.10
    5.46
   18.19
    0.00
    0.00
    2.43
    5.71
   19.03
    0.00
    0.56
    0.31
    8.17
    3.19
   19.46
    7.60
    0.30
    0.00
 2840.00
    0.00
    5.84
   19.47
    0.00
   13.36
    1.15
    6.07
   20.24
    0.00
    0.00
    2.20
    6.35
   21.16
    0.00
    0.68
    0.31
    9.38
    3.25
   22.35
    7.73
    0.26
    0.00
 2840.25
    0.00
    6.68
   22.28
    0.00
   15.58
    1.27
    6.94
   23.13
    0.00
    0.00
    1.89
    7.25
   24.16
    0.00
    0.85
    0.54
   11.29
    3.31
   26.89
    7.89
    0.23
    0.00
 2840.50
    0.00
    7.88
   26.27
    0.00
   16.91
    1.32
    8.17
   27.23
    0.00
    0.00
    1.58
    8.51
   28.38
    0.00
    0.98
    1.03
   14.36
    3.38
   34.18
    8.04
    0.19
    0.00
 2840.75
    0.00
    9.82
   32.73
    0.00
   18.17
    1.29
   10.16
   33.85
    0.00
    0.00
    1.25
   10.55
   35.17
    0.00
    1.11
    1.57
   19.75
    3.44
   47.01
    8.20
    0.15
    0.00
 2841.00
    0.00
   13.32
   44.41
    0.00
   19.33
    1.28
   13.74
   45.78
    0.00
    0.00
    0.89
   14.21
   47.37
    0.00
    1.24
    1.56
   31.01
    3.50
   73.82
    8.34
    0.09
    0.00
 2841.25
    0.00
   22.43
   74.78
    0.00
   22.52
    1.27
   22.87
   76.22
    0.00
    0.00
    0.40
   23.35
   77.84
    0.00
    1.50
    1.20
   86.82
    3.56
  206.72
    8.48
    0.03
    0.00
 2841.50
    0.00
   43.85
  146.15
    0.00
   23.64
    1.34
   43.85
  146.15
    0.00
    0.00
    0.02
   43.85
  146.15
    0.00
    1.63
    0.31
  352.88
    3.62
  840.19
    8.62
    0.00
    0.31
 2841.75
    0.00
   69.21
  230.69
    0.00
   24.68
    1.38
   69.21
  230.69
    0.00
    0.00
    0.00
   69.21
  230.69
    0.00
    1.76
    0.22
  121.26
    3.68
  288.71
    8.77
    0.00
    0.22
 2842.00
    0.00
  141.17
  470.56
    0.00
   25.64
    1.45
  141.17
  470.56
    0.00
    0.00
    0.00
  141.17
  470.56
    0.00
    1.88
    0.33
   71.61
    3.75
  170.51
    8.94
    0.00
    0.33
 2842.25
    0.00
 3515.74
11719.12
    0.00
   26.53
    1.49
 3515.74
11719.12
    0.00
    0.00
    0.00
 3515.74
11719.12
    0.00
    1.99
    0.43
   50.42
    3.83
  120.06
    9.11
    0.00
    0.43
 2842.50
    0.00
  130.71
  435.71
    0.00
   27.29
    1.48
  130.71
  435.71
    0.00
    0.00
    0.00
  130.71
  435.71
    0.00
    2.09
    0.33
   38.91
    3.91
   92.64
    9.30
    0.00
    0.33
 2842.75
    0.00
   64.76
  215.87
    0.00
   27.92
    1.51
   64.76
  215.87
    0.00
    0.00
    0.00
   64.76
  215.87
    0.00
    2.19
    0.21
   32.67
    3.97
   77.79
    9.46
    0.00
    0.21
 2843.00
    0.00
   42.27
  140.90
    0.00
   28.44
    1.50
   42.27
  140.90
    0.00
    0.00
    0.00
   42.27
  140.90
    0.00
    2.27
    0.11
   29.77
    4.02
   70.88
    9.56
    0.00
    0.11
 2843.25
    0.00
   31.37
  104.58
    0.00
   30.41
    1.48
   31.37
  104.58
    0.00
    0.00
    0.00
   31.37
  104.58
    0.00
    2.50
    0.21
   28.08
    4.04
   66.85
    9.63
    0.00
    0.21
 2843.50
    0.00
   24.94
   83.15
    0.00
   30.73
    1.49
   24.94
   83.15
    0.00
    0.00
    0.00
   24.94
   83.15
    0.00
    2.57
    0.31
   26.57
    4.07
   63.26
    9.70
    0.00
    0.31
 2843.75
    0.00
   21.92
   73.08
    0.00
   31.00
    1.49
   21.92
   73.08
    0.00
    0.00
    0.00
   21.92
   73.08
    0.00
    2.63
    0.21
   25.15
    4.10
   59.88
    9.77
    0.00
    0.21
 2844.00
    0.00
   20.64
   68.81
    0.00
   31.23
    1.48
   20.64
   68.81
    0.00
    0.00
    0.00
   20.64
   68.81
    0.00
    2.68
    0.10
   23.76
    4.14
   56.57
    9.86
    0.00
    0.10
 2844.25
    0.00
   19.50
   65.00
    0.00
   29.69
    1.45
   19.50
   65.00
    0.00
    0.00
    0.00
   19.50
   65.00
    0.00
    2.55
    0.10
   22.46
    4.18
   53.48
    9.94
    0.00
    0.10
 2844.50
    0.00
   18.48
   61.60
    0.00
   29.70
    1.46
   18.48
   61.60
    0.00
    0.00
    0.00
   18.48
   61.60
    0.00
    2.58
    0.19
   21.30
    4.21
   50.71
   10.03
    0.00
    0.19
 2844.75
    0.00
   17.47
   58.25
    0.00
   29.60
    1.45
   17.47
   58.25
    0.00
    0.00
    0.00
   17.47
   58.25
    0.00
    2.60
    0.10
   20.46
    4.24
   48.72
   10.11
    0.00
    0.10
 2845.00
    0.00
   16.49
   54.98
    0.00
   29.40
    1.40
   16.49
   54.98
    0.00
    0.00
    0.00
   16.49
   54.98
    0.00
    2.61
    0.12
   20.09
    4.26
   47.83
   10.14
    0.00
    0.12
 2845.25
    0.00
   15.62
   52.06
    0.00
   23.87
    1.38
   15.62
   52.06
    0.00
    0.00
    0.00
   15.62
   52.06
    0.00
    2.09
    0.11
   19.93
    4.27
   47.44
   10.16
    0.00
    0.11
 2845.50
    0.00
   14.83
   49.44
    0.00
   23.53
    1.35
   14.83
   49.44
    0.00
    0.00
    0.00
   14.83
   49.44
    0.00
    2.08
    0.00
   19.77
    4.27
   47.06
   10.17
    0.00
    0.00
 2845.75
    0.00
   14.41
   48.02
    0.00
   23.14
    1.26
   14.41
   48.02
    0.00
    0.00
    0.00
   14.41
   48.02
    0.00
    2.07
    0.00
   19.73
    4.27
   46.97
   10.18
    0.00
    0.00
 2846.00
    0.00
   14.29
   47.63
    0.00
   22.70
    1.18
   14.29
   47.63
    0.00
    0.00
    0.00
   14.29
   47.63
    0.00
    2.04
    0.07
   19.93
    4.27
   47.44
   10.16
    0.00
    0.07
 2846.25
    0.00
   14.18
   47.25
    0.00
   20.43
    1.11
   14.18
   47.25
    0.00
    0.00
    0.00
   14.18
   47.25
    0.00
    1.85
    0.08
   20.25
    4.25
   48.22
   10.13
    0.00
    0.08
 2846.50
    0.00
   14.06
   46.88
    0.00
   19.88
    1.03
   14.06
   46.88
    0.00
    0.00
    0.00
   14.06
   46.88
    0.00
    1.81
    0.01
   20.59
    4.24
   49.02
   10.10
    0.00
    0.01
 2846.75
    0.00
   14.12
   47.06
    0.00
   19.27
    1.01
   14.12
   47.06
    0.00
    0.00
    0.00
   14.12
   47.06
    0.00
    1.76
    0.02
   20.89
    4.23
   49.75
   10.07
    0.00
    0.02
 2847.00
    0.00
   14.35
   47.83
    0.00
   18.62
    0.99
   14.35
   47.83
    0.00
    0.00
    0.00
   14.35
   47.83
    0.00
    1.71
    0.10
   21.12
    4.22
   50.28
   10.05
    0.00
    0.10
 2847.25
    0.00
   14.59
   48.62
    0.00
   17.13
    0.90
   14.59
   48.62
    0.00
    0.00
    0.00
   14.59
   48.62
    0.00
    1.59
    0.11
   21.30
    4.21
   50.71
   10.03
    0.00
    0.11
 2847.50
    0.00
   14.83
   49.44
    0.00
   16.37
    0.82
   14.83
   49.44
    0.00
    0.00
    0.00
   14.83
   49.44
    0.00
    1.53
    0.53
   21.49
    4.21
   51.16
   10.02
    0.00
    0.53
 2847.75
    0.00
   15.02
   50.07
    0.00
   15.56
    0.76
   15.02
   50.07
    0.00
    0.00
    0.00
   15.02
   50.07
    0.00
    1.46
    0.53
   21.79
    4.20
   51.89
   10.00
    0.00
    0.53
 2848.00
    0.00
   15.15
   50.50
    0.00
   14.70
    0.56
   15.15
   50.50
    0.00
    0.00
    0.00
   15.15
   50.50
    0.00
    1.39
    0.03
   22.36
    4.18
   53.24
    9.95
    0.00
    0.03
 2848.25
    0.00
   15.28
   50.93
    0.00
   13.71
    0.35
   15.28
   50.93
    0.00
    0.00
    0.00
   15.28
   50.93
    0.00
    1.31
    0.12
   23.09
    4.16
   54.98
    9.90
    0.00
    0.12
 2848.50
    0.00
   15.41
   51.38
    0.00
   12.76
    0.37
   15.41
   51.38
    0.00
    0.00
    0.00
   15.41
   51.38
    0.00
    1.23
    0.32
   23.87
    4.14
   56.84
    9.85
    0.00
    0.32
 2848.75
    0.00
   15.72
   52.41
    0.00
   11.79
    0.30
   15.72
   52.41
    0.00
    0.00
    0.00
   15.72
   52.41
    0.00
    1.14
    0.41
   24.99
    4.11
   59.50
    9.78
    0.00
    0.41
 2849.00
    0.00
   16.23
   54.10
    0.00
   10.79
    0.17
   16.23
   54.10
    0.00
    0.00
    0.00
   16.23
   54.10
    0.00
    1.05
    0.38
   26.86
    4.07
   63.94
    9.68
    0.00
    0.38
 2849.25
    0.00
   16.77
   55.89
    0.00
    7.32
    0.16
   16.77
   55.89
    0.00
    0.00
    0.00
   16.77
   55.89
    0.00
    0.67
    0.18
   29.41
    4.02
   70.03
    9.57
    0.00
    0.18
 2849.50
    0.00
   17.35
   57.82
    0.00
    6.59
    0.14
   17.35
   57.82
    0.00
    0.00
    0.00
   17.35
   57.82
    0.00
    0.63
    0.00
   32.51
    3.98
   77.41
    9.46
    0.00
    0.00
 2849.75
    0.00
   18.38
   61.28
    0.00
    5.81
    0.12
   18.38
   61.28
    0.00
    0.00
    0.00
   18.38
   61.28
    0.00
    0.55
    0.00
   36.34
    3.93
   86.51
    9.36
    0.00
    0.00
 2850.00
    0.00
   20.06
   66.85
    0.00
    5.04
    0.10
   20.06
   66.85
    0.00
    0.00
    0.00
   20.06
   66.85
    0.00
    0.48
    0.00
   41.18
    3.89
   98.05
    9.25
    0.00
    0.00
 2850.25
    0.04
   22.06
   73.54
    0.00
    1.28
    0.09
   22.06
   73.54
    0.00
    0.00
    0.12
   22.06
   73.54
    0.00
    0.11
    0.00
   47.51
    3.84
  113.13
    9.15
    0.00
    0.00
 2850.50
    0.19
   24.51
   81.71
    0.00
    1.05
    0.10
   24.51
   81.71
    0.00
    0.00
    0.14
   24.51
   81.71
    0.00
    0.09
    0.00
   56.15
    3.80
  133.70
    9.05
    0.00
    0.00
 2850.75
    0.38
   27.58
   91.92
    0.00
    0.82
    0.10
   27.58
   91.92
    0.00
    0.00
    0.15
   27.58
   91.92
    0.00
    0.07
    0.00
   69.11
    3.76
  164.55
    8.95
    0.00
    0.00
 2851.00
    0.58
   31.51
  105.05
    0.00
    0.59
    0.08
   31.51
  105.05
    0.00
    0.00
    0.17
   31.51
  105.05
    0.00
    0.05
    0.00
   91.51
    3.72
  217.87
    8.85
    0.00
    0.00
 2851.25
    1.10
   36.77
  122.56
    0.00
    0.06
    0.08
   36.77
  122.56
    0.00
    0.00
    0.21
   36.77
  122.56
    0.00
    0.01
    0.00
  137.25
    3.67
  326.80
    8.74
    0.00
    0.00
 2851.50
    1.11
   44.12
  147.07
    0.00
    0.03
    0.08
   44.12
  147.07
    0.00
    0.00
    0.21
   44.12
  147.07
    0.00
    0.00
    0.00
  274.48
    3.63
  653.52
    8.64
    0.00
    0.00
 2851.75
    1.11
   66.57
  221.89
    0.00
    0.00
    0.08
   65.70
  219.00
    0.00
    0.00
    0.22
   64.82
  216.07
    0.00
    0.00
    0.00
  673.50
    3.59
 1603.56
    8.56
    0.00
    0.00
 2852.00
    1.10
  291.18
  970.61
    0.00
    0.00
    0.08
  245.13
  817.10
    0.00
    0.00
    0.22
  210.11
  700.35
    0.00
    0.00
    0.02
  122.76
    3.57
  292.28
    8.50
    0.02
    0.00
 2852.25
    1.10
  119.19
  397.29
    0.00
    0.00
    0.08
  137.18
  457.26
    0.00
    0.00
    0.21
  163.40
  544.65
    0.00
    0.00
    0.03
   69.31
    3.56
  165.03
    8.47
    0.03
    0.00
 2852.50
    1.11
   51.79
  172.64
    0.00
    0.00
    0.08
   56.12
  187.07
    0.00
    0.00
    0.21
   61.63
  205.42
    0.00
    0.00
    0.04
   49.84
    3.54
  118.67
    8.43
    0.04
    0.00
 2852.75
    1.11
   39.36
  131.20
    0.00
    0.00
    0.08
   42.11
  140.37
    0.00
    0.00
    0.88
   45.52
  151.73
    0.00
    0.00
    0.05
   44.28
    3.53
  105.43
    8.41
    0.05
    0.00
 2853.00
    1.08
   41.70
  139.01
    0.00
    0.00
    0.08
   44.35
  147.84
    0.00
    0.00
    0.88
   47.58
  158.60
    0.00
    0.00
    0.04
   51.89
    3.54
  123.55
    8.43
    0.04
    0.00
 2853.25
    1.02
   52.34
  174.46
    0.00
    0.00
    0.07
   55.14
  183.82
    0.00
    0.00
    0.23
   58.47
  194.91
    0.00
    0.00
    0.03
   78.76
    3.56
  187.51
    8.48
    0.03
    0.00
 2853.50
    0.95
   81.97
  273.23
    0.00
    0.00
    0.07
   84.49
  281.64
    0.00
    0.00
    0.23
   87.33
  291.09
    0.00
    0.00
    0.01
  215.91
    3.58
  514.06
    8.52
    0.01
    0.00
 2853.75
    0.94
  147.05
  490.17
    0.00
    0.00
    0.07
  147.05
  490.17
    0.00
    0.00
    0.24
  147.05
  490.17
    0.00
    0.00
    0.00
 2465.93
    3.59
 5871.26
    8.55
    0.00
    0.00
 2854.00
    1.04
  220.56
  735.19
    0.00
    0.00
    0.07
  220.56
  735.19
    0.00
    0.00
    0.24
  220.56
  735.19
    0.00
    0.00
    0.00
 1234.20
    3.60
 2938.56
    8.56
    0.00
    0.00
 2854.25
    1.32
  441.00
 1470.01
    0.00
    0.00
    0.09
  441.00
 1470.01
    0.00
    0.00
    0.25
  441.00
 1470.01
    0.00
    0.00
    0.00
 1234.20
    3.60
 2938.56
    8.56
    0.00
    0.00
 2854.50
    1.73
********
********
    0.00
    0.00
    0.12
********
********
    0.00
    0.00
    0.25
********
********
    0.00
    0.00
    0.00
 1234.20
    3.60
 2938.56
    8.56
    0.00
    0.00
