  
 Results from TRNSYS Input File: 
 C:\Users\lbarnic\OneDrive - Fraunhofer\A_Bearbeitung\9_Parameterstudie_REP\II_
 NT_WN\II_HT_WN.dck                                                            
                                                                               
                                                                   
 Initiated at time: 2024-12-30 AT  15:20:15
 TIME                                   ,Strom_system                            ,Netzstrom                               ,PV_Strom                                ,Netzeinspeisung                         ,
  +0.0000000000000000E+00,  +3.4874999999999998E+00,  +3.4874999999999998E+00,  +0.0000000000000000E+00,  +0.0000000000000000E+00,
  +2.5000000000000000E-01,  +6.8270612288827426E+00,  +6.8270612288827426E+00,  +0.0000000000000000E+00,  +0.0000000000000000E+00,
  +5.0000000000000000E-01,  +8.6403881635920072E+00,  +8.6403881635920072E+00,  +0.0000000000000000E+00,  +0.0000000000000000E+00,
  +7.5000000000000000E-01,  +8.7372902707283373E+00,  +8.7372902707283373E+00,  +0.0000000000000000E+00,  +0.0000000000000000E+00,
  +1.0000000000000000E+00,  +9.3283313196160194E+00,  +9.3283313196160194E+00,  +0.0000000000000000E+00,  +0.0000000000000000E+00,
  +1.2500000000000000E+00,  +9.7971220566352120E+00,  +9.7971220566352120E+00,  +0.0000000000000000E+00,  +0.0000000000000000E+00,
  +1.5000000000000000E+00,  +1.0037565540716670E+01,  +1.0037565540716670E+01,  +0.0000000000000000E+00,  +0.0000000000000000E+00,
  +1.7500000000000000E+00,  +1.0164357974383854E+01,  +1.0164357974383854E+01,  +0.0000000000000000E+00,  +0.0000000000000000E+00,
  +2.0000000000000000E+00,  +1.0441263584987530E+01,  +1.0441263584987530E+01,  +0.0000000000000000E+00,  +0.0000000000000000E+00,
  +2.2500000000000000E+00,  +1.0737471185484178E+01,  +1.0737471185484178E+01,  +0.0000000000000000E+00,  +0.0000000000000000E+00,
  +2.5000000000000000E+00,  +1.0777851704616676E+01,  +1.0777851704616676E+01,  +0.0000000000000000E+00,  +0.0000000000000000E+00,
  +2.7500000000000000E+00,  +1.0810156329974347E+01,  +1.0810156329974347E+01,  +0.0000000000000000E+00,  +0.0000000000000000E+00,
  +3.0000000000000000E+00,  +1.1185507820444398E+01,  +1.1185507820444398E+01,  +0.0000000000000000E+00,  +0.0000000000000000E+00,
  +3.2500000000000000E+00,  +1.1575132451925583E+01,  +1.1575132451925583E+01,  +0.0000000000000000E+00,  +0.0000000000000000E+00,
  +3.5000000000000000E+00,  +1.1588018223058116E+01,  +1.1588018223058116E+01,  +0.0000000000000000E+00,  +0.0000000000000000E+00,
  +3.7500000000000000E+00,  +1.1633623151675248E+01,  +1.1633623151675248E+01,  +0.0000000000000000E+00,  +0.0000000000000000E+00,
  +4.0000000000000000E+00,  +1.2134151290757334E+01,  +1.2134151290757334E+01,  +0.0000000000000000E+00,  +0.0000000000000000E+00,
  +4.2500000000000000E+00,  +1.7422926186274601E+01,  +1.7422926186274601E+01,  +0.0000000000000000E+00,  +0.0000000000000000E+00,
  +4.5000000000000000E+00,  +2.2485070498664651E+01,  +2.2485070498664651E+01,  +0.0000000000000000E+00,  +0.0000000000000000E+00,
  +4.7500000000000000E+00,  +2.3139042396097302E+01,  +2.3139042396097302E+01,  +0.0000000000000000E+00,  +0.0000000000000000E+00,
  +5.0000000000000000E+00,  +2.4042583701495317E+01,  +2.4042583701495317E+01,  +0.0000000000000000E+00,  +0.0000000000000000E+00,
  +5.2500000000000000E+00,  +2.5122581790209196E+01,  +2.5122581790209196E+01,  +0.0000000000000000E+00,  +0.0000000000000000E+00,
  +5.5000000000000000E+00,  +2.5713257124311177E+01,  +2.5713257124311177E+01,  +0.0000000000000000E+00,  +0.0000000000000000E+00,
  +5.7500000000000000E+00,  +2.5734154617459886E+01,  +2.5734154617459886E+01,  +0.0000000000000000E+00,  +0.0000000000000000E+00,
  +6.0000000000000000E+00,  +2.5977150723894390E+01,  +2.5977150723894390E+01,  +0.0000000000000000E+00,  +0.0000000000000000E+00,
  +6.2500000000000000E+00,  +2.6167516392352290E+01,  +2.6167516392352290E+01,  +0.0000000000000000E+00,  +0.0000000000000000E+00,
  +6.5000000000000000E+00,  +2.5984483683746010E+01,  +2.5984483683746010E+01,  +0.0000000000000000E+00,  +0.0000000000000000E+00,
  +6.7500000000000000E+00,  +2.5853242317672013E+01,  +2.5853242317672013E+01,  +0.0000000000000000E+00,  +0.0000000000000000E+00,
  +7.0000000000000000E+00,  +2.6279421943927886E+01,  +2.6279421943927886E+01,  +0.0000000000000000E+00,  +0.0000000000000000E+00,
  +7.2500000000000000E+00,  +2.7368813621709094E+01,  +2.7368813621709094E+01,  +0.0000000000000000E+00,  +0.0000000000000000E+00,
  +7.5000000000000000E+00,  +2.8151825387185987E+01,  +2.8151825387185987E+01,  +0.0000000000000000E+00,  +0.0000000000000000E+00,
  +7.7500000000000000E+00,  +2.8411985965652462E+01,  +2.8411985965652462E+01,  +0.0000000000000000E+00,  +0.0000000000000000E+00,
  +8.0000000000000000E+00,  +2.8763051000067541E+01,  +2.8763051000067541E+01,  +0.0000000000000000E+00,  +0.0000000000000000E+00,
  +8.2500000000000000E+00,  +2.9127114154441401E+01,  +2.9127114154441401E+01,  +0.0000000000000000E+00,  +0.0000000000000000E+00,
  +8.5000000000000000E+00,  +2.9333083863827461E+01,  +2.9333083863827461E+01,  +0.0000000000000000E+00,  +0.0000000000000000E+00,
  +8.7500000000000000E+00,  +2.9554406786763515E+01,  +2.9536622700713213E+01,  +1.7784086050303311E-02,  +0.0000000000000000E+00,
  +9.0000000000000000E+00,  +3.0991070180362271E+01,  +3.0859757435779972E+01,  +1.3131274458229841E-01,  +0.0000000000000000E+00,
  +9.2500000000000000E+00,  +3.1924945009936199E+01,  +3.1374601176823333E+01,  +5.5034383311286617E-01,  +0.0000000000000000E+00,
  +9.5000000000000000E+00,  +3.1681983093512052E+01,  +3.0864752756017307E+01,  +8.1723033749474372E-01,  +0.0000000000000000E+00,
  +9.7500000000000000E+00,  +3.1951879365607240E+01,  +3.0878116779525126E+01,  +1.0737625860821134E+00,  +0.0000000000000000E+00,
  +1.0000000000000000E+01,  +3.2090364973846199E+01,  +3.0773613370970178E+01,  +1.3167516028760220E+00,  +0.0000000000000000E+00,
  +1.0250000000000000E+01,  +3.2041639866950852E+01,  +2.9823542830144184E+01,  +2.2180970368066690E+00,  +0.0000000000000000E+00,
  +1.0500000000000000E+01,  +3.1978486843354723E+01,  +2.9460676144655054E+01,  +2.5178106986996678E+00,  +0.0000000000000000E+00,
  +1.0750000000000000E+01,  +3.1969706069616279E+01,  +2.9180357838916731E+01,  +2.7893482306995483E+00,  +0.0000000000000000E+00,
  +1.1000000000000000E+01,  +3.2103207677412414E+01,  +2.9072344359921736E+01,  +3.0308633174906756E+00,  +0.0000000000000000E+00,
  +1.1250000000000000E+01,  +3.2261195959057716E+01,  +2.9085927706187384E+01,  +3.1752682528703313E+00,  +0.0000000000000000E+00,
  +1.1500000000000000E+01,  +3.2539909056342481E+01,  +2.9191118994640131E+01,  +3.3487900617023487E+00,  +0.0000000000000000E+00,
  +1.1750000000000000E+01,  +3.2598961287292973E+01,  +2.9110797492590855E+01,  +3.4881637947021162E+00,  +0.0000000000000000E+00,
  +1.2000000000000000E+01,  +3.2534047806150838E+01,  +2.8941535643091875E+01,  +3.5925121630589620E+00,  +0.0000000000000000E+00,
  +1.2250000000000000E+01,  +3.2394813945287297E+01,  +2.9346361108998479E+01,  +3.0484528362888179E+00,  +0.0000000000000000E+00,
  +1.2500000000000000E+01,  +3.1812534171283254E+01,  +2.8735382298412485E+01,  +3.0771518728707683E+00,  +0.0000000000000000E+00,
  +1.2750000000000000E+01,  +3.1282396870579227E+01,  +2.8205542486983688E+01,  +3.0768543835955380E+00,  +0.0000000000000000E+00,
  +1.3000000000000000E+01,  +3.0931870419560301E+01,  +2.7884210605085915E+01,  +3.0476598144743865E+00,  +0.0000000000000000E+00,
  +1.3250000000000000E+01,  +3.0597909259656522E+01,  +2.7274346124855278E+01,  +3.3235631348012449E+00,  +0.0000000000000000E+00,
  +1.3500000000000000E+01,  +3.0305747003076114E+01,  +2.7078097445381591E+01,  +3.2276495576945239E+00,  +0.0000000000000000E+00,
  +1.3750000000000000E+01,  +3.0074549549947189E+01,  +2.6972293203922177E+01,  +3.1022563460250128E+00,  +0.0000000000000000E+00,
  +1.4000000000000000E+01,  +3.0119279198486296E+01,  +2.7171181322648653E+01,  +2.9480978758376430E+00,  +0.0000000000000000E+00,
  +1.4250000000000000E+01,  +2.9802669521646152E+01,  +2.6677639440878387E+01,  +3.1250300807677629E+00,  +0.0000000000000000E+00,
  +1.4500000000000000E+01,  +2.9263236516670819E+01,  +2.6376391999101962E+01,  +2.8868445175688571E+00,  +0.0000000000000000E+00,
  +1.4750000000000000E+01,  +2.9235412217381082E+01,  +2.6615954884465850E+01,  +2.6194573329152329E+00,  +0.0000000000000000E+00,
  +1.5000000000000000E+01,  +2.8813137081071119E+01,  +2.6488573104704276E+01,  +2.3245639763668438E+00,  +0.0000000000000000E+00,
  +1.5250000000000000E+01,  +2.8491468207044640E+01,  +2.6924870132854959E+01,  +1.5665980741896810E+00,  +0.0000000000000000E+00,
  +1.5500000000000000E+01,  +2.8656095339882313E+01,  +2.7359141137894408E+01,  +1.2969542019879046E+00,  +0.0000000000000000E+00,
  +1.5750000000000000E+01,  +2.9018661278686224E+01,  +2.8007077800498877E+01,  +1.0115834781873465E+00,  +0.0000000000000000E+00,
  +1.6000000000000000E+01,  +2.9344120102846450E+01,  +2.8629974784597845E+01,  +7.1414531824860505E-01,  +0.0000000000000000E+00,
  +1.6250000000000000E+01,  +2.9705017198097739E+01,  +2.9469582932979801E+01,  +2.3543426511793900E-01,  +0.0000000000000000E+00,
  +1.6500000000000000E+01,  +3.0089992875061654E+01,  +3.0025812137225653E+01,  +6.4180737836001103E-02,  +0.0000000000000000E+00,
  +1.6750000000000000E+01,  +3.0019044313509990E+01,  +3.0019044313509990E+01,  +0.0000000000000000E+00,  +0.0000000000000000E+00,
  +1.7000000000000000E+01,  +3.0182214035519724E+01,  +3.0182214035519724E+01,  +0.0000000000000000E+00,  +0.0000000000000000E+00,
  +1.7250000000000000E+01,  +3.0633835580653855E+01,  +3.0633835580653855E+01,  +0.0000000000000000E+00,  +0.0000000000000000E+00,
  +1.7500000000000000E+01,  +3.1036252542107391E+01,  +3.1036252542107391E+01,  +0.0000000000000000E+00,  +0.0000000000000000E+00,
  +1.7750000000000000E+01,  +3.1435402512595566E+01,  +3.1435402512595566E+01,  +0.0000000000000000E+00,  +0.0000000000000000E+00,
  +1.8000000000000000E+01,  +3.2132365398393560E+01,  +3.2132365398393560E+01,  +0.0000000000000000E+00,  +0.0000000000000000E+00,
  +1.8250000000000000E+01,  +3.2774088370002957E+01,  +3.2774088370002957E+01,  +0.0000000000000000E+00,  +0.0000000000000000E+00,
  +1.8500000000000000E+01,  +3.3023139502296338E+01,  +3.3023139502296338E+01,  +0.0000000000000000E+00,  +0.0000000000000000E+00,
  +1.8750000000000000E+01,  +3.3172796999036223E+01,  +3.3172796999036223E+01,  +0.0000000000000000E+00,  +0.0000000000000000E+00,
  +1.9000000000000000E+01,  +3.0771787835676779E+01,  +3.0771787835676779E+01,  +0.0000000000000000E+00,  +0.0000000000000000E+00,
  +1.9250000000000000E+01,  +2.8086682320411736E+01,  +2.8086682320411736E+01,  +0.0000000000000000E+00,  +0.0000000000000000E+00,
  +1.9500000000000000E+01,  +2.7799906088510731E+01,  +2.7799906088510731E+01,  +0.0000000000000000E+00,  +0.0000000000000000E+00,
  +1.9750000000000000E+01,  +2.7587711021976979E+01,  +2.7587711021976979E+01,  +0.0000000000000000E+00,  +0.0000000000000000E+00,
  +2.0000000000000000E+01,  +2.7782355601946819E+01,  +2.7782355601946819E+01,  +0.0000000000000000E+00,  +0.0000000000000000E+00,
  +2.0250000000000000E+01,  +2.7078771418450305E+01,  +2.7078771418450305E+01,  +0.0000000000000000E+00,  +0.0000000000000000E+00,
  +2.0500000000000000E+01,  +2.6101233184095427E+01,  +2.6101233184095427E+01,  +0.0000000000000000E+00,  +0.0000000000000000E+00,
  +2.0750000000000000E+01,  +2.6094804362463769E+01,  +2.6094804362463769E+01,  +0.0000000000000000E+00,  +0.0000000000000000E+00,
  +2.1000000000000000E+01,  +2.6297376378766053E+01,  +2.6297376378766053E+01,  +0.0000000000000000E+00,  +0.0000000000000000E+00,
  +2.1250000000000000E+01,  +2.6447787715776052E+01,  +2.6447787715776052E+01,  +0.0000000000000000E+00,  +0.0000000000000000E+00,
  +2.1500000000000000E+01,  +2.6285280834626718E+01,  +2.6285280834626718E+01,  +0.0000000000000000E+00,  +0.0000000000000000E+00,
  +2.1750000000000000E+01,  +2.5961566587187278E+01,  +2.5961566587187278E+01,  +0.0000000000000000E+00,  +0.0000000000000000E+00,
  +2.2000000000000000E+01,  +2.5609571505297975E+01,  +2.5609571505297975E+01,  +0.0000000000000000E+00,  +0.0000000000000000E+00,
  +2.2250000000000000E+01,  +2.5223871907426133E+01,  +2.5223871907426133E+01,  +0.0000000000000000E+00,  +0.0000000000000000E+00,
  +2.2500000000000000E+01,  +2.4691558954708071E+01,  +2.4691558954708071E+01,  +0.0000000000000000E+00,  +0.0000000000000000E+00,
  +2.2750000000000000E+01,  +2.4148039888723986E+01,  +2.4148039888723986E+01,  +0.0000000000000000E+00,  +0.0000000000000000E+00,
  +2.3000000000000000E+01,  +2.3765224765434183E+01,  +2.3765224765434183E+01,  +0.0000000000000000E+00,  +0.0000000000000000E+00,
  +2.3250000000000000E+01,  +2.3481375127727361E+01,  +2.3481375127727361E+01,  +0.0000000000000000E+00,  +0.0000000000000000E+00,
  +2.3500000000000000E+01,  +2.3116902158477874E+01,  +2.3116902158477874E+01,  +0.0000000000000000E+00,  +0.0000000000000000E+00,
  +2.3750000000000000E+01,  +2.2773107027437941E+01,  +2.2773107027437941E+01,  +0.0000000000000000E+00,  +0.0000000000000000E+00,
  +2.4000000000000000E+01,  +2.2552519056515433E+01,  +2.2552519056515433E+01,  +0.0000000000000000E+00,  +0.0000000000000000E+00,
  +2.4250000000000000E+01,  +2.2453647802924291E+01,  +2.2453647802924291E+01,  +0.0000000000000000E+00,  +0.0000000000000000E+00,
  +2.4500000000000000E+01,  +2.2170346312607887E+01,  +2.2170346312607887E+01,  +0.0000000000000000E+00,  +0.0000000000000000E+00,
  +2.4750000000000000E+01,  +2.1911299169471420E+01,  +2.1911299169471420E+01,  +0.0000000000000000E+00,  +0.0000000000000000E+00,
  +2.5000000000000000E+01,  +2.1914558959741740E+01,  +2.1914558959741740E+01,  +0.0000000000000000E+00,  +0.0000000000000000E+00,
  +2.5250000000000000E+01,  +2.1985063605472096E+01,  +2.1985063605472096E+01,  +0.0000000000000000E+00,  +0.0000000000000000E+00,
  +2.5500000000000000E+01,  +2.1872606442467273E+01,  +2.1872606442467273E+01,  +0.0000000000000000E+00,  +0.0000000000000000E+00,
  +2.5750000000000000E+01,  +2.1862696707697715E+01,  +2.1862696707697715E+01,  +0.0000000000000000E+00,  +0.0000000000000000E+00,
  +2.6000000000000000E+01,  +2.2211664920964807E+01,  +2.2211664920964807E+01,  +0.0000000000000000E+00,  +0.0000000000000000E+00,
  +2.6250000000000000E+01,  +2.2553879278981871E+01,  +2.2553879278981871E+01,  +0.0000000000000000E+00,  +0.0000000000000000E+00,
  +2.6500000000000000E+01,  +2.2707583405113429E+01,  +2.2707583405113429E+01,  +0.0000000000000000E+00,  +0.0000000000000000E+00,
  +2.6750000000000000E+01,  +2.2689248123047282E+01,  +2.2689248123047282E+01,  +0.0000000000000000E+00,  +0.0000000000000000E+00,
  +2.7000000000000000E+01,  +2.2886935841679989E+01,  +2.2886935841679989E+01,  +0.0000000000000000E+00,  +0.0000000000000000E+00,
  +2.7250000000000000E+01,  +2.3120962369629773E+01,  +2.3120962369629773E+01,  +0.0000000000000000E+00,  +0.0000000000000000E+00,
  +2.7500000000000000E+01,  +2.3144915964000685E+01,  +2.3144915964000685E+01,  +0.0000000000000000E+00,  +0.0000000000000000E+00,
  +2.7750000000000000E+01,  +2.3164673865951681E+01,  +2.3164673865951681E+01,  +0.0000000000000000E+00,  +0.0000000000000000E+00,
  +2.8000000000000000E+01,  +2.3421475275479192E+01,  +2.3421475275479192E+01,  +0.0000000000000000E+00,  +0.0000000000000000E+00,
  +2.8250000000000000E+01,  +4.5492462936475874E+01,  +4.5492462936475874E+01,  +0.0000000000000000E+00,  +0.0000000000000000E+00,
  +2.8500000000000000E+01,  +6.8918536167350311E+01,  +6.8918536167350311E+01,  +0.0000000000000000E+00,  +0.0000000000000000E+00,
  +2.8750000000000000E+01,  +6.9474590788802516E+01,  +6.9474590788802516E+01,  +0.0000000000000000E+00,  +0.0000000000000000E+00,
  +2.9000000000000000E+01,  +6.8105502446240720E+01,  +6.8105502446240720E+01,  +0.0000000000000000E+00,  +0.0000000000000000E+00,
  +2.9250000000000000E+01,  +6.8364685009373005E+01,  +6.8364685009373005E+01,  +0.0000000000000000E+00,  +0.0000000000000000E+00,
  +2.9500000000000000E+01,  +7.0150833701917051E+01,  +7.0150833701917051E+01,  +0.0000000000000000E+00,  +0.0000000000000000E+00,
  +2.9750000000000000E+01,  +7.0493958344506126E+01,  +7.0493958344506126E+01,  +0.0000000000000000E+00,  +0.0000000000000000E+00,
  +3.0000000000000000E+01,  +6.8772138556708796E+01,  +6.8772138556708796E+01,  +0.0000000000000000E+00,  +0.0000000000000000E+00,
  +3.0250000000000000E+01,  +7.2200923049233268E+01,  +7.2200923049233268E+01,  +0.0000000000000000E+00,  +0.0000000000000000E+00,
  +3.0500000000000000E+01,  +7.7744494180633083E+01,  +7.7744494180633083E+01,  +0.0000000000000000E+00,  +0.0000000000000000E+00,
  +3.0750000000000000E+01,  +7.8394635961360237E+01,  +7.8394635961360237E+01,  +0.0000000000000000E+00,  +0.0000000000000000E+00,
  +3.1000000000000000E+01,  +7.7852688934604288E+01,  +7.7852688934604288E+01,  +0.0000000000000000E+00,  +0.0000000000000000E+00,
  +3.1250000000000000E+01,  +7.7367111395339080E+01,  +7.7367111395339080E+01,  +0.0000000000000000E+00,  +0.0000000000000000E+00,
  +3.1500000000000000E+01,  +7.8355440674640988E+01,  +7.8355440674640988E+01,  +0.0000000000000000E+00,  +0.0000000000000000E+00,
  +3.1750000000000000E+01,  +7.8935075597227950E+01,  +7.8935075597227950E+01,  +0.0000000000000000E+00,  +0.0000000000000000E+00,
  +3.2000000000000000E+01,  +7.7821774848881532E+01,  +7.7821774848881532E+01,  +0.0000000000000000E+00,  +0.0000000000000000E+00,
  +3.2250000000000000E+01,  +7.6811037786541903E+01,  +7.6811037786541903E+01,  +0.0000000000000000E+00,  +0.0000000000000000E+00,
  +3.2500000000000000E+01,  +7.7318810043250565E+01,  +7.7318810043250565E+01,  +0.0000000000000000E+00,  +0.0000000000000000E+00,
  +3.2750000000000000E+01,  +7.7652620314381679E+01,  +7.7571329394797814E+01,  +8.1290919583867416E-02,  +0.0000000000000000E+00,
  +3.3000000000000000E+01,  +7.7586972096681109E+01,  +7.7002699592549703E+01,  +5.8427250413140852E-01,  +0.0000000000000000E+00,
  +3.3250000000000000E+01,  +7.6474481069951082E+01,  +7.4654891004564618E+01,  +1.8195900653864667E+00,  +0.0000000000000000E+00,
  +3.3500000000000000E+01,  +7.5093329094122055E+01,  +7.2604065021279226E+01,  +2.4892640728428290E+00,  +0.0000000000000000E+00,
  +3.3750000000000000E+01,  +7.3773069485964385E+01,  +7.0660896400983574E+01,  +3.1121730849808174E+00,  +0.0000000000000000E+00,
  +3.4000000000000000E+01,  +7.0481513457332824E+01,  +6.6698671869591294E+01,  +3.7828415877415367E+00,  +0.0000000000000000E+00,
  +3.4250000000000000E+01,  +6.7683579527618406E+01,  +6.3841253773901514E+01,  +3.8423257537168887E+00,  +0.0000000000000000E+00,
  +3.4500000000000000E+01,  +6.5986005211861553E+01,  +6.1627009913264949E+01,  +4.3589952985966036E+00,  +0.0000000000000000E+00,
  +3.4750000000000000E+01,  +6.4664653924741614E+01,  +5.9837823065363253E+01,  +4.8268308593783633E+00,  +0.0000000000000000E+00,
  +3.5000000000000000E+01,  +6.3834917213246911E+01,  +5.8593706758317254E+01,  +5.2412104549296590E+00,  +0.0000000000000000E+00,
  +3.5250000000000000E+01,  +6.3022158308038044E+01,  +5.6173663056172543E+01,  +6.8484952518654971E+00,  +0.0000000000000000E+00,
  +3.5500000000000000E+01,  +6.3195767661757728E+01,  +5.5972327459150137E+01,  +7.2234402026075921E+00,  +0.0000000000000000E+00,
  +3.5750000000000000E+01,  +6.3550742950998725E+01,  +5.6013992148837019E+01,  +7.5367508021617091E+00,  +0.0000000000000000E+00,
  +3.6000000000000000E+01,  +6.2263979079159405E+01,  +5.4476778277393770E+01,  +7.7872008017656356E+00,  +0.0000000000000000E+00,
  +3.6250000000000000E+01,  +6.0043537736433429E+01,  +5.0652173340413903E+01,  +9.3913643960195259E+00,  +0.0000000000000000E+00,
  +3.6500000000000000E+01,  +5.9121032103805426E+01,  +4.9607132586857205E+01,  +9.5138995169482250E+00,  +0.0000000000000000E+00,
  +3.6750000000000000E+01,  +5.8897888759611384E+01,  +4.9357670774626257E+01,  +9.5402179849851265E+00,  +0.0000000000000000E+00,
  +3.7000000000000000E+01,  +5.7922006931193884E+01,  +4.8451796349674346E+01,  +9.4702105815195381E+00,  +0.0000000000000000E+00,
  +3.7250000000000000E+01,  +5.7100594767303463E+01,  +4.7952642663263916E+01,  +9.1479521040395504E+00,  +0.0000000000000000E+00,
  +3.7500000000000000E+01,  +5.7113263736537846E+01,  +4.8208657666731604E+01,  +8.9046060698062419E+00,  +0.0000000000000000E+00,
  +3.7750000000000000E+01,  +5.7204124229590704E+01,  +4.8617746993354118E+01,  +8.5863772362365829E+00,  +0.0000000000000000E+00,
  +3.8000000000000000E+01,  +5.6707178438985338E+01,  +4.8511936083130387E+01,  +8.1952423558549530E+00,  +0.0000000000000000E+00,
  +3.8250000000000000E+01,  +5.6375125297996632E+01,  +4.8893568403764007E+01,  +7.4815568942326252E+00,  +0.0000000000000000E+00,
  +3.8500000000000000E+01,  +5.6617811567148252E+01,  +4.9663344749898080E+01,  +6.9544668172501698E+00,  +0.0000000000000000E+00,
  +3.8750000000000000E+01,  +5.6933902911311044E+01,  +5.0570846573086470E+01,  +6.3630563382245775E+00,  +0.0000000000000000E+00,
  +3.9000000000000000E+01,  +5.6840598242744136E+01,  +5.1127243815666745E+01,  +5.7133544270773928E+00,  +0.0000000000000000E+00,
  +3.9250000000000000E+01,  +5.8331083389547672E+01,  +5.5703278804034554E+01,  +2.6278045855131165E+00,  +0.0000000000000000E+00,
  +3.9500000000000000E+01,  +6.0737786075859368E+01,  +5.8482169159698024E+01,  +2.2556169161613471E+00,  +0.0000000000000000E+00,
  +3.9750000000000000E+01,  +6.1583067591002681E+01,  +5.9769191587110861E+01,  +1.8138760038918189E+00,  +0.0000000000000000E+00,
  +4.0000000000000000E+01,  +6.2697672330983515E+01,  +6.1340638284928986E+01,  +1.3570340460545283E+00,  +0.0000000000000000E+00,
  +4.0250000000000000E+01,  +6.4227274936171455E+01,  +6.3992750801805890E+01,  +2.3452413436556163E-01,  +0.0000000000000000E+00,
  +4.0500000000000000E+01,  +6.5928981319998996E+01,  +6.5857684327628363E+01,  +7.1296992370639634E-02,  +0.0000000000000000E+00,
  +4.0750000000000000E+01,  +6.7726908870206572E+01,  +6.7726908870206572E+01,  +0.0000000000000000E+00,  +0.0000000000000000E+00,
  +4.1000000000000000E+01,  +6.9376590014861421E+01,  +6.9376590014861421E+01,  +0.0000000000000000E+00,  +0.0000000000000000E+00,
  +4.1250000000000000E+01,  +7.0581830983945395E+01,  +7.0581830983945395E+01,  +0.0000000000000000E+00,  +0.0000000000000000E+00,
  +4.1500000000000000E+01,  +7.1603444332110811E+01,  +7.1603444332110811E+01,  +0.0000000000000000E+00,  +0.0000000000000000E+00,
  +4.1750000000000000E+01,  +7.2574527223755609E+01,  +7.2574527223755609E+01,  +0.0000000000000000E+00,  +0.0000000000000000E+00,
  +4.2000000000000000E+01,  +7.4293729197466149E+01,  +7.4293729197466149E+01,  +0.0000000000000000E+00,  +0.0000000000000000E+00,
  +4.2250000000000000E+01,  +7.6157523466407085E+01,  +7.6157523466407085E+01,  +0.0000000000000000E+00,  +0.0000000000000000E+00,
  +4.2500000000000000E+01,  +7.6759437077599515E+01,  +7.6759437077599515E+01,  +0.0000000000000000E+00,  +0.0000000000000000E+00,
  +4.2750000000000000E+01,  +7.7026243124460976E+01,  +7.7026243124460976E+01,  +0.0000000000000000E+00,  +0.0000000000000000E+00,
  +4.3000000000000000E+01,  +5.3779037149054581E+01,  +5.3779037149054581E+01,  +0.0000000000000000E+00,  +0.0000000000000000E+00,
  +4.3250000000000000E+01,  +3.3247070821349020E+01,  +3.3247070821349020E+01,  +0.0000000000000000E+00,  +0.0000000000000000E+00,
  +4.3500000000000000E+01,  +3.1792116894458736E+01,  +3.1792116894458736E+01,  +0.0000000000000000E+00,  +0.0000000000000000E+00,
  +4.3750000000000000E+01,  +3.0966847544139952E+01,  +3.0966847544139952E+01,  +0.0000000000000000E+00,  +0.0000000000000000E+00,
  +4.4000000000000000E+01,  +3.1449112550179528E+01,  +3.1449112550179528E+01,  +0.0000000000000000E+00,  +0.0000000000000000E+00,
  +4.4250000000000000E+01,  +3.1495706885388323E+01,  +3.1495706885388323E+01,  +0.0000000000000000E+00,  +0.0000000000000000E+00,
  +4.4500000000000000E+01,  +3.0791545848058391E+01,  +3.0791545848058391E+01,  +0.0000000000000000E+00,  +0.0000000000000000E+00,
  +4.4750000000000000E+01,  +3.0983516539014424E+01,  +3.0983516539014424E+01,  +0.0000000000000000E+00,  +0.0000000000000000E+00,
  +4.5000000000000000E+01,  +3.1805202821542057E+01,  +3.1805202821542057E+01,  +0.0000000000000000E+00,  +0.0000000000000000E+00,
  +4.5250000000000000E+01,  +3.2693872850016511E+01,  +3.2693872850016511E+01,  +0.0000000000000000E+00,  +0.0000000000000000E+00,
  +4.5500000000000000E+01,  +3.2724569009728128E+01,  +3.2724569009728128E+01,  +0.0000000000000000E+00,  +0.0000000000000000E+00,
  +4.5750000000000000E+01,  +3.2606215623615597E+01,  +3.2606215623615597E+01,  +0.0000000000000000E+00,  +0.0000000000000000E+00,
  +4.6000000000000000E+01,  +3.1361634883011433E+01,  +3.1361634883011433E+01,  +0.0000000000000000E+00,  +0.0000000000000000E+00,
  +4.6250000000000000E+01,  +3.0282272945034702E+01,  +3.0282272945034702E+01,  +0.0000000000000000E+00,  +0.0000000000000000E+00,
  +4.6500000000000000E+01,  +2.9711209836277380E+01,  +2.9711209836277380E+01,  +0.0000000000000000E+00,  +0.0000000000000000E+00,
  +4.6750000000000000E+01,  +2.9144382718721058E+01,  +2.9144382718721058E+01,  +0.0000000000000000E+00,  +0.0000000000000000E+00,
  +4.7000000000000000E+01,  +2.9264043247340716E+01,  +2.9264043247340716E+01,  +0.0000000000000000E+00,  +0.0000000000000000E+00,
  +4.7250000000000000E+01,  +2.9628035272833312E+01,  +2.9628035272833312E+01,  +0.0000000000000000E+00,  +0.0000000000000000E+00,
  +4.7500000000000000E+01,  +2.9460667459490431E+01,  +2.9460667459490431E+01,  +0.0000000000000000E+00,  +0.0000000000000000E+00,
  +4.7750000000000000E+01,  +2.9193360601568333E+01,  +2.9193360601568333E+01,  +0.0000000000000000E+00,  +0.0000000000000000E+00,
  +4.8000000000000000E+01,  +3.0288951972501692E+01,  +3.0288951972501692E+01,  +0.0000000000000000E+00,  +0.0000000000000000E+00,
  +4.8250000000000000E+01,  +3.1033219981683704E+01,  +3.1033219981683704E+01,  +0.0000000000000000E+00,  +0.0000000000000000E+00,
  +4.8500000000000000E+01,  +3.0573346182710516E+01,  +3.0573346182710516E+01,  +0.0000000000000000E+00,  +0.0000000000000000E+00,
  +4.8750000000000000E+01,  +3.0671634752076734E+01,  +3.0671634752076734E+01,  +0.0000000000000000E+00,  +0.0000000000000000E+00,
  +4.9000000000000000E+01,  +3.1375903046485625E+01,  +3.1375903046485625E+01,  +0.0000000000000000E+00,  +0.0000000000000000E+00,
  +4.9250000000000000E+01,  +3.2041332629086043E+01,  +3.2041332629086043E+01,  +0.0000000000000000E+00,  +0.0000000000000000E+00,
  +4.9500000000000000E+01,  +3.1983675723513748E+01,  +3.1983675723513748E+01,  +0.0000000000000000E+00,  +0.0000000000000000E+00,
  +4.9750000000000000E+01,  +3.1971367145932412E+01,  +3.1971367145932412E+01,  +0.0000000000000000E+00,  +0.0000000000000000E+00,
  +5.0000000000000000E+01,  +3.2646980261780037E+01,  +3.2646980261780037E+01,  +0.0000000000000000E+00,  +0.0000000000000000E+00,
  +5.0250000000000000E+01,  +3.3400409145878747E+01,  +3.3400409145878747E+01,  +0.0000000000000000E+00,  +0.0000000000000000E+00,
  +5.0500000000000000E+01,  +3.3561493947483356E+01,  +3.3561493947483356E+01,  +0.0000000000000000E+00,  +0.0000000000000000E+00,
  +5.0750000000000000E+01,  +3.3680794010826638E+01,  +3.3680794010826638E+01,  +0.0000000000000000E+00,  +0.0000000000000000E+00,
  +5.1000000000000000E+01,  +3.4321752800034723E+01,  +3.4321752800034723E+01,  +0.0000000000000000E+00,  +0.0000000000000000E+00,
  +5.1250000000000000E+01,  +3.5003024277838655E+01,  +3.5003024277838655E+01,  +0.0000000000000000E+00,  +0.0000000000000000E+00,
  +5.1500000000000000E+01,  +3.5119461681846886E+01,  +3.5119461681846886E+01,  +0.0000000000000000E+00,  +0.0000000000000000E+00,
  +5.1750000000000000E+01,  +3.5181806564331744E+01,  +3.5181806564331744E+01,  +0.0000000000000000E+00,  +0.0000000000000000E+00,
  +5.2000000000000000E+01,  +3.5791731392883101E+01,  +3.5791731392883101E+01,  +0.0000000000000000E+00,  +0.0000000000000000E+00,
  +5.2250000000000000E+01,  +6.1535811132336192E+01,  +6.1535811132336192E+01,  +0.0000000000000000E+00,  +0.0000000000000000E+00,
  +5.2500000000000000E+01,  +8.7712789147101972E+01,  +8.7712789147101972E+01,  +0.0000000000000000E+00,  +0.0000000000000000E+00,
  +5.2750000000000000E+01,  +8.7892199539381409E+01,  +8.7892199539381409E+01,  +0.0000000000000000E+00,  +0.0000000000000000E+00,
  +5.3000000000000000E+01,  +8.6468374948239997E+01,  +8.6468374948239997E+01,  +0.0000000000000000E+00,  +0.0000000000000000E+00,
  +5.3250000000000000E+01,  +8.6901098559349080E+01,  +8.6901098559349080E+01,  +0.0000000000000000E+00,  +0.0000000000000000E+00,
  +5.3500000000000000E+01,  +8.8543787667706468E+01,  +8.8543787667706468E+01,  +0.0000000000000000E+00,  +0.0000000000000000E+00,
  +5.3750000000000000E+01,  +8.9289609081675096E+01,  +8.9289609081675096E+01,  +0.0000000000000000E+00,  +0.0000000000000000E+00,
  +5.4000000000000000E+01,  +8.7276506416505100E+01,  +8.7276506416505100E+01,  +0.0000000000000000E+00,  +0.0000000000000000E+00,
  +5.4250000000000000E+01,  +9.4247995325299073E+01,  +9.4247995325299073E+01,  +0.0000000000000000E+00,  +0.0000000000000000E+00,
  +5.4500000000000000E+01,  +1.0359018840545829E+02,  +1.0359018840545829E+02,  +0.0000000000000000E+00,  +0.0000000000000000E+00,
  +5.4750000000000000E+01,  +1.0314152509130754E+02,  +1.0314152509130754E+02,  +0.0000000000000000E+00,  +0.0000000000000000E+00,
  +5.5000000000000000E+01,  +1.0153349395421175E+02,  +1.0153349395421175E+02,  +0.0000000000000000E+00,  +0.0000000000000000E+00,
  +5.5250000000000000E+01,  +9.9834313619453738E+01,  +9.9834313619453738E+01,  +0.0000000000000000E+00,  +0.0000000000000000E+00,
  +5.5500000000000000E+01,  +9.9532292749830276E+01,  +9.9532292749830276E+01,  +0.0000000000000000E+00,  +0.0000000000000000E+00,
  +5.5750000000000000E+01,  +9.9699418243190365E+01,  +9.9699418243190365E+01,  +0.0000000000000000E+00,  +0.0000000000000000E+00,
  +5.6000000000000000E+01,  +9.8571454260397886E+01,  +9.8571454260397886E+01,  +0.0000000000000000E+00,  +0.0000000000000000E+00,
  +5.6250000000000000E+01,  +9.6492524926639902E+01,  +9.6492524926639902E+01,  +0.0000000000000000E+00,  +0.0000000000000000E+00,
  +5.6500000000000000E+01,  +9.6060008018341406E+01,  +9.6060008018341406E+01,  +0.0000000000000000E+00,  +0.0000000000000000E+00,
  +5.6750000000000000E+01,  +9.7028910608524683E+01,  +9.6966192119579972E+01,  +6.2718488944709383E-02,  +0.0000000000000000E+00,
  +5.7000000000000000E+01,  +9.7470842896903406E+01,  +9.7033039628408332E+01,  +4.3780326849507434E-01,  +0.0000000000000000E+00,
  +5.7250000000000000E+01,  +9.3980551064793303E+01,  +9.1792081538136358E+01,  +2.1884695266569483E+00,  +0.0000000000000000E+00,
  +5.7500000000000000E+01,  +8.8967406307004467E+01,  +8.6140654898042911E+01,  +2.8267514089615555E+00,  +0.0000000000000000E+00,
  +5.7750000000000000E+01,  +8.5785274081953148E+01,  +8.2393472410461143E+01,  +3.3918016714920078E+00,  +0.0000000000000000E+00,
  +5.8000000000000000E+01,  +8.2876458926636218E+01,  +7.8795103239212622E+01,  +4.0813556874235912E+00,  +0.0000000000000000E+00,
  +5.8250000000000000E+01,  +8.1340809585213449E+01,  +7.6781203903982998E+01,  +4.5596056812304475E+00,  +0.0000000000000000E+00,
  +5.8500000000000000E+01,  +8.1910960129389863E+01,  +7.6819018301596017E+01,  +5.0919418277938497E+00,  +0.0000000000000000E+00,
  +5.8750000000000000E+01,  +8.1736657721216247E+01,  +7.6088430303912872E+01,  +5.6482274173033691E+00,  +0.0000000000000000E+00,
  +5.9000000000000000E+01,  +7.9727359990709090E+01,  +7.3577880864789933E+01,  +6.1494791259191572E+00,  +0.0000000000000000E+00,
  +5.9250000000000000E+01,  +7.9985402315488471E+01,  +7.7315785754965276E+01,  +2.6696165605231990E+00,  +0.0000000000000000E+00,
  +5.9500000000000000E+01,  +8.1520523966505294E+01,  +7.8704312286175764E+01,  +2.8162116803295341E+00,  +0.0000000000000000E+00,
  +5.9750000000000000E+01,  +8.2310145357700506E+01,  +7.9375087190558830E+01,  +2.9350581671416696E+00,  +0.0000000000000000E+00,
  +6.0000000000000000E+01,  +8.1166223557302288E+01,  +7.8140744096122290E+01,  +3.0254794611799909E+00,  +0.0000000000000000E+00,
  +6.0250000000000000E+01,  +7.9528862476138258E+01,  +7.6648125575840709E+01,  +2.8807369002975562E+00,  +0.0000000000000000E+00,
  +6.0500000000000000E+01,  +7.8760548495196318E+01,  +7.5849794846703389E+01,  +2.9107536484929355E+00,  +0.0000000000000000E+00,
  +6.0750000000000000E+01,  +7.8213867605699463E+01,  +7.5300460808885390E+01,  +2.9134067968140700E+00,  +0.0000000000000000E+00,
  +6.1000000000000000E+01,  +7.7855154179596965E+01,  +7.4966406967431979E+01,  +2.8887472121649864E+00,  +0.0000000000000000E+00,
  +6.1250000000000000E+01,  +7.6074898327870400E+01,  +7.2980170081293636E+01,  +3.0947282465767714E+00,  +0.0000000000000000E+00,
  +6.1500000000000000E+01,  +7.5112346224262112E+01,  +7.2103218733639622E+01,  +3.0091274906224879E+00,  +0.0000000000000000E+00,
  +6.1750000000000000E+01,  +7.4795468040628521E+01,  +7.1899496510022729E+01,  +2.8959715306057934E+00,  +0.0000000000000000E+00,
  +6.2000000000000000E+01,  +7.3932156056734158E+01,  +7.1176245350476890E+01,  +2.7559107062572634E+00,  +0.0000000000000000E+00,
  +6.2250000000000000E+01,  +7.3430672513199980E+01,  +7.1199589214567922E+01,  +2.2310832986320515E+00,  +0.0000000000000000E+00,
  +6.2500000000000000E+01,  +7.3588812693072100E+01,  +7.1523961463170949E+01,  +2.0648512299011474E+00,  +0.0000000000000000E+00,
  +6.2750000000000000E+01,  +7.3772041747760724E+01,  +7.1894761278481511E+01,  +1.8772804692792091E+00,  +0.0000000000000000E+00,
  +6.3000000000000000E+01,  +7.3533473682584628E+01,  +7.1863702969153223E+01,  +1.6697707134314057E+00,  +0.0000000000000000E+00,
  +6.3250000000000000E+01,  +7.3381320173279761E+01,  +7.2193252567496614E+01,  +1.1880676057831485E+00,  +0.0000000000000000E+00,
  +6.3500000000000000E+01,  +7.4028244160703366E+01,  +7.3039465355746074E+01,  +9.8877880495728687E-01,  +0.0000000000000000E+00,
  +6.3750000000000000E+01,  +7.5144451661862917E+01,  +7.4365877498299042E+01,  +7.7857416356388098E-01,  +0.0000000000000000E+00,
  +6.4000000000000000E+01,  +7.5912562007586217E+01,  +7.5352977079121359E+01,  +5.5958492846486418E-01,  +0.0000000000000000E+00,
  +6.4250000000000000E+01,  +7.7058599418632838E+01,  +7.6828948316413900E+01,  +2.2965110221894364E-01,  +0.0000000000000000E+00,
  +6.4500000000000000E+01,  +7.8940288413541197E+01,  +7.8863860079753806E+01,  +7.6428333787389169E-02,  +0.0000000000000000E+00,
  +6.4750000000000000E+01,  +8.0703028992883389E+01,  +8.0702919233822442E+01,  +1.0975906094499194E-04,  +0.0000000000000000E+00,
  +6.5000000000000000E+01,  +8.0934522953999476E+01,  +8.0934522953999476E+01,  +0.0000000000000000E+00,  +0.0000000000000000E+00,
  +6.5250000000000000E+01,  +8.0719216468199278E+01,  +8.0719216468199278E+01,  +0.0000000000000000E+00,  +0.0000000000000000E+00,
  +6.5500000000000000E+01,  +8.0769675667210493E+01,  +8.0769675667210493E+01,  +0.0000000000000000E+00,  +0.0000000000000000E+00,
  +6.5750000000000000E+01,  +8.0209701920526712E+01,  +8.0209701920526712E+01,  +0.0000000000000000E+00,  +0.0000000000000000E+00,
  +6.6000000000000000E+01,  +8.0684348485175192E+01,  +8.0684348485175192E+01,  +0.0000000000000000E+00,  +0.0000000000000000E+00,
  +6.6250000000000000E+01,  +8.1858248212094793E+01,  +8.1858248212094793E+01,  +0.0000000000000000E+00,  +0.0000000000000000E+00,
  +6.6500000000000000E+01,  +8.2671111371560812E+01,  +8.2671111371560812E+01,  +0.0000000000000000E+00,  +0.0000000000000000E+00,
  +6.6750000000000000E+01,  +8.3315494916447605E+01,  +8.3315494916447605E+01,  +0.0000000000000000E+00,  +0.0000000000000000E+00,
  +6.7000000000000000E+01,  +5.9427740622717081E+01,  +5.9427740622717081E+01,  +0.0000000000000000E+00,  +0.0000000000000000E+00,
  +6.7250000000000000E+01,  +3.7864392921708841E+01,  +3.7864392921708841E+01,  +0.0000000000000000E+00,  +0.0000000000000000E+00,
  +6.7500000000000000E+01,  +3.6413941255902778E+01,  +3.6413941255902778E+01,  +0.0000000000000000E+00,  +0.0000000000000000E+00,
  +6.7750000000000000E+01,  +3.5758096841280299E+01,  +3.5758096841280299E+01,  +0.0000000000000000E+00,  +0.0000000000000000E+00,
  +6.8000000000000000E+01,  +3.6320609679303359E+01,  +3.6320609679303359E+01,  +0.0000000000000000E+00,  +0.0000000000000000E+00,
  +6.8250000000000000E+01,  +3.6148252042094782E+01,  +3.6148252042094782E+01,  +0.0000000000000000E+00,  +0.0000000000000000E+00,
  +6.8500000000000000E+01,  +3.5076321436955844E+01,  +3.5076321436955844E+01,  +0.0000000000000000E+00,  +0.0000000000000000E+00,
  +6.8750000000000000E+01,  +3.4950214139939874E+01,  +3.4950214139939874E+01,  +0.0000000000000000E+00,  +0.0000000000000000E+00,
  +6.9000000000000000E+01,  +3.5795467354752802E+01,  +3.5795467354752802E+01,  +0.0000000000000000E+00,  +0.0000000000000000E+00,
  +6.9250000000000000E+01,  +3.6721118305860074E+01,  +3.6721118305860074E+01,  +0.0000000000000000E+00,  +0.0000000000000000E+00,
  +6.9500000000000000E+01,  +3.6327268756310112E+01,  +3.6327268756310112E+01,  +0.0000000000000000E+00,  +0.0000000000000000E+00,
  +6.9750000000000000E+01,  +3.5830350258129201E+01,  +3.5830350258129201E+01,  +0.0000000000000000E+00,  +0.0000000000000000E+00,
  +7.0000000000000000E+01,  +3.4609512186033456E+01,  +3.4609512186033456E+01,  +0.0000000000000000E+00,  +0.0000000000000000E+00,
  +7.0250000000000000E+01,  +3.3240077590205999E+01,  +3.3240077590205999E+01,  +0.0000000000000000E+00,  +0.0000000000000000E+00,
  +7.0500000000000000E+01,  +3.2839101673553543E+01,  +3.2839101673553543E+01,  +0.0000000000000000E+00,  +0.0000000000000000E+00,
  +7.0750000000000000E+01,  +3.2392053793361548E+01,  +3.2392053793361548E+01,  +0.0000000000000000E+00,  +0.0000000000000000E+00,
  +7.1000000000000000E+01,  +3.2555182434737773E+01,  +3.2555182434737773E+01,  +0.0000000000000000E+00,  +0.0000000000000000E+00,
  +7.1250000000000000E+01,  +3.2794525243590030E+01,  +3.2794525243590030E+01,  +0.0000000000000000E+00,  +0.0000000000000000E+00,
  +7.1500000000000000E+01,  +3.2355848768980238E+01,  +3.2355848768980238E+01,  +0.0000000000000000E+00,  +0.0000000000000000E+00,
  +7.1750000000000000E+01,  +3.1960379145894535E+01,  +3.1960379145894535E+01,  +0.0000000000000000E+00,  +0.0000000000000000E+00,
  +7.2000000000000000E+01,  +3.1549077208789555E+01,  +3.1549077208789555E+01,  +0.0000000000000000E+00,  +0.0000000000000000E+00,
  +7.2250000000000000E+01,  +3.1923668364679102E+01,  +3.1923668364679102E+01,  +0.0000000000000000E+00,  +0.0000000000000000E+00,
  +7.2500000000000000E+01,  +3.2367613433088970E+01,  +3.2367613433088970E+01,  +0.0000000000000000E+00,  +0.0000000000000000E+00,
  +7.2750000000000000E+01,  +3.2055867085012295E+01,  +3.2055867085012295E+01,  +0.0000000000000000E+00,  +0.0000000000000000E+00,
  +7.3000000000000000E+01,  +3.2379276196052601E+01,  +3.2379276196052601E+01,  +0.0000000000000000E+00,  +0.0000000000000000E+00,
  +7.3250000000000000E+01,  +3.2802025757585589E+01,  +3.2802025757585589E+01,  +0.0000000000000000E+00,  +0.0000000000000000E+00,
  +7.3500000000000000E+01,  +3.2714716941456274E+01,  +3.2714716941456274E+01,  +0.0000000000000000E+00,  +0.0000000000000000E+00,
  +7.3750000000000000E+01,  +3.2650807066769225E+01,  +3.2650807066769225E+01,  +0.0000000000000000E+00,  +0.0000000000000000E+00,
  +7.4000000000000000E+01,  +3.2937336317050878E+01,  +3.2937336317050878E+01,  +0.0000000000000000E+00,  +0.0000000000000000E+00,
  +7.4250000000000000E+01,  +3.3244531202752121E+01,  +3.3244531202752121E+01,  +0.0000000000000000E+00,  +0.0000000000000000E+00,
  +7.4500000000000000E+01,  +3.3065545904918686E+01,  +3.3065545904918686E+01,  +0.0000000000000000E+00,  +0.0000000000000000E+00,
  +7.4750000000000000E+01,  +3.2991905552901031E+01,  +3.2991905552901031E+01,  +0.0000000000000000E+00,  +0.0000000000000000E+00,
  +7.5000000000000000E+01,  +3.3317043441411883E+01,  +3.3317043441411883E+01,  +0.0000000000000000E+00,  +0.0000000000000000E+00,
  +7.5250000000000000E+01,  +3.3667099742305403E+01,  +3.3667099742305403E+01,  +0.0000000000000000E+00,  +0.0000000000000000E+00,
  +7.5500000000000000E+01,  +3.3584436015139659E+01,  +3.3584436015139659E+01,  +0.0000000000000000E+00,  +0.0000000000000000E+00,
  +7.5750000000000000E+01,  +3.3441701991165807E+01,  +3.3441701991165807E+01,  +0.0000000000000000E+00,  +0.0000000000000000E+00,
  +7.6000000000000000E+01,  +3.3783513516208842E+01,  +3.3783513516208842E+01,  +0.0000000000000000E+00,  +0.0000000000000000E+00,
  +7.6250000000000000E+01,  +5.6785200144883575E+01,  +5.6785200144883575E+01,  +0.0000000000000000E+00,  +0.0000000000000000E+00,
  +7.6500000000000000E+01,  +8.0968570355446957E+01,  +8.0968570355446957E+01,  +0.0000000000000000E+00,  +0.0000000000000000E+00,
  +7.6750000000000000E+01,  +8.1222764454262915E+01,  +8.1222764454262915E+01,  +0.0000000000000000E+00,  +0.0000000000000000E+00,
  +7.7000000000000000E+01,  +7.9160995546310119E+01,  +7.9160995546310119E+01,  +0.0000000000000000E+00,  +0.0000000000000000E+00,
  +7.7250000000000000E+01,  +7.9389823423254853E+01,  +7.9389823423254853E+01,  +0.0000000000000000E+00,  +0.0000000000000000E+00,
  +7.7500000000000000E+01,  +8.0987117398481431E+01,  +8.0987117398481431E+01,  +0.0000000000000000E+00,  +0.0000000000000000E+00,
  +7.7750000000000000E+01,  +8.1135902147329162E+01,  +8.1135902147329162E+01,  +0.0000000000000000E+00,  +0.0000000000000000E+00,
  +7.8000000000000000E+01,  +7.9215009327678715E+01,  +7.9215009327678715E+01,  +0.0000000000000000E+00,  +0.0000000000000000E+00,
  +7.8250000000000000E+01,  +8.5801826314832780E+01,  +8.5801826314832780E+01,  +0.0000000000000000E+00,  +0.0000000000000000E+00,
  +7.8500000000000000E+01,  +9.4211614735276143E+01,  +9.4211614735276143E+01,  +0.0000000000000000E+00,  +0.0000000000000000E+00,
  +7.8750000000000000E+01,  +9.4082571303115031E+01,  +9.4082571303115031E+01,  +0.0000000000000000E+00,  +0.0000000000000000E+00,
  +7.9000000000000000E+01,  +9.3305174008146281E+01,  +9.3305174008146281E+01,  +0.0000000000000000E+00,  +0.0000000000000000E+00,
  +7.9250000000000000E+01,  +9.1853566154261117E+01,  +9.1853566154261117E+01,  +0.0000000000000000E+00,  +0.0000000000000000E+00,
  +7.9500000000000000E+01,  +9.1193015544219492E+01,  +9.1193015544219492E+01,  +0.0000000000000000E+00,  +0.0000000000000000E+00,
  +7.9750000000000000E+01,  +9.0964557761453733E+01,  +9.0964557761453733E+01,  +0.0000000000000000E+00,  +0.0000000000000000E+00,
  +8.0000000000000000E+01,  +8.9343637558222071E+01,  +8.9343637558222071E+01,  +0.0000000000000000E+00,  +0.0000000000000000E+00,
  +8.0250000000000000E+01,  +8.7661754993605001E+01,  +8.7661754993605001E+01,  +0.0000000000000000E+00,  +0.0000000000000000E+00,
  +8.0500000000000000E+01,  +8.7194419478001507E+01,  +8.7194419478001507E+01,  +0.0000000000000000E+00,  +0.0000000000000000E+00,
  +8.0750000000000000E+01,  +8.7365806800843814E+01,  +8.7347201395046838E+01,  +1.8605405796982173E-02,  +0.0000000000000000E+00,
  +8.1000000000000000E+01,  +8.7269020194880810E+01,  +8.7140240990152208E+01,  +1.2877920472859505E-01,  +0.0000000000000000E+00,
  +8.1250000000000000E+01,  +8.6765707696568072E+01,  +8.6101327845195968E+01,  +6.6437985137210154E-01,  +0.0000000000000000E+00,
  +8.1500000000000000E+01,  +8.6503105145328675E+01,  +8.5519066254653097E+01,  +9.8403889067557537E-01,  +0.0000000000000000E+00,
  +8.1750000000000000E+01,  +8.6327229783238593E+01,  +8.5035673784912603E+01,  +1.2915559983259839E+00,  +0.0000000000000000E+00,
  +8.2000000000000000E+01,  +8.5641389951570005E+01,  +8.4058746573759734E+01,  +1.5826433778102693E+00,  +0.0000000000000000E+00,
  +8.2250000000000000E+01,  +8.5146826690964403E+01,  +8.3790175923455934E+01,  +1.3566507675084765E+00,  +0.0000000000000000E+00,
  +8.2500000000000000E+01,  +8.5473309108519260E+01,  +8.3932706323970848E+01,  +1.5406027845484074E+00,  +0.0000000000000000E+00,
  +8.2750000000000000E+01,  +8.5708020511968485E+01,  +8.4000182520470503E+01,  +1.7078379914979809E+00,  +0.0000000000000000E+00,
  +8.3000000000000000E+01,  +8.4802919296849893E+01,  +8.2945702570582071E+01,  +1.8572167262678159E+00,  +0.0000000000000000E+00,
  +8.3250000000000000E+01,  +8.4518605300097732E+01,  +8.2551069692469000E+01,  +1.9675356076287316E+00,  +0.0000000000000000E+00,
  +8.3500000000000000E+01,  +8.5454816307464398E+01,  +8.3377857698829729E+01,  +2.0769586086346741E+00,  +0.0000000000000000E+00,
  +8.3750000000000000E+01,  +8.5388330688037811E+01,  +8.3222268143567646E+01,  +2.1660625444701616E+00,  +0.0000000000000000E+00,
  +8.4000000000000000E+01,  +8.4219718124345732E+01,  +8.1985404376873817E+01,  +2.2343137474719117E+00,  +0.0000000000000000E+00,
  +8.4250000000000000E+01,  +8.3126466872813879E+01,  +8.0684532743126169E+01,  +2.4419341296877146E+00,  +0.0000000000000000E+00,
  +8.4500000000000000E+01,  +8.2521177949403267E+01,  +8.0051951936238979E+01,  +2.4692260131642927E+00,  +0.0000000000000000E+00,
  +8.4750000000000000E+01,  +8.2218589373702770E+01,  +7.9744304733879702E+01,  +2.4742846398230665E+00,  +0.0000000000000000E+00,
  +8.5000000000000000E+01,  +8.1711500610525661E+01,  +7.9254397788321938E+01,  +2.4571028222037214E+00,  +0.0000000000000000E+00,
  +8.5250000000000000E+01,  +8.0963740389199046E+01,  +7.9432825281327993E+01,  +1.5309151078710470E+00,  +0.0000000000000000E+00,
  +8.5500000000000000E+01,  +8.0240203485732138E+01,  +7.8749339776084085E+01,  +1.4908637096480535E+00,  +0.0000000000000000E+00,
  +8.5750000000000000E+01,  +7.9554119854673289E+01,  +7.8117964911613115E+01,  +1.4361549430601706E+00,  +0.0000000000000000E+00,
  +8.6000000000000000E+01,  +7.8310171526785822E+01,  +7.6942983645791656E+01,  +1.3671878809941680E+00,  +0.0000000000000000E+00,
  +8.6250000000000000E+01,  +7.7701785832721811E+01,  +7.6545766271550235E+01,  +1.1560195611715822E+00,  +0.0000000000000000E+00,
  +8.6500000000000000E+01,  +7.7652624527912295E+01,  +7.6582248710166610E+01,  +1.0703758177456888E+00,  +0.0000000000000000E+00,
  +8.6750000000000000E+01,  +7.6960227421099333E+01,  +7.5986702706430478E+01,  +9.7352471466885193E-01,  +0.0000000000000000E+00,
  +8.7000000000000000E+01,  +7.6112155699441075E+01,  +7.5245888881732412E+01,  +8.6626681770866432E-01,  +0.0000000000000000E+00,
  +8.7250000000000000E+01,  +7.5061402355476048E+01,  +7.4077060737096971E+01,  +9.8434161837907785E-01,  +0.0000000000000000E+00,
  +8.7500000000000000E+01,  +7.4926101111461051E+01,  +7.4105124166028915E+01,  +8.2097694543213140E-01,  +0.0000000000000000E+00,
  +8.7750000000000000E+01,  +7.5612985447711921E+01,  +7.4964444967579084E+01,  +6.4854048013283361E-01,  +0.0000000000000000E+00,
  +8.8000000000000000E+01,  +7.5910439767052850E+01,  +7.5441451870812500E+01,  +4.6898789624035286E-01,  +0.0000000000000000E+00,
  +8.8250000000000000E+01,  +7.5816473372798313E+01,  +7.5595577105183381E+01,  +2.2089626761493092E-01,  +0.0000000000000000E+00,
  +8.8500000000000000E+01,  +7.6087963916834738E+01,  +7.6008465820053758E+01,  +7.9498096780987473E-02,  +0.0000000000000000E+00,
  +8.8750000000000000E+01,  +7.6202968163824195E+01,  +7.6202308517229383E+01,  +6.5964659481063744E-04,  +0.0000000000000000E+00,
  +8.9000000000000000E+01,  +7.6413281415483524E+01,  +7.6413281415483524E+01,  +0.0000000000000000E+00,  +0.0000000000000000E+00,
  +8.9250000000000000E+01,  +7.7476461116588325E+01,  +7.7476461116588325E+01,  +0.0000000000000000E+00,  +0.0000000000000000E+00,
  +8.9500000000000000E+01,  +7.7963111009652138E+01,  +7.7963111009652138E+01,  +0.0000000000000000E+00,  +0.0000000000000000E+00,
  +8.9750000000000000E+01,  +7.7405282816908041E+01,  +7.7405282816908041E+01,  +0.0000000000000000E+00,  +0.0000000000000000E+00,
  +9.0000000000000000E+01,  +7.7189220872922888E+01,  +7.7189220872922888E+01,  +0.0000000000000000E+00,  +0.0000000000000000E+00,
  +9.0250000000000000E+01,  +7.7544807651735240E+01,  +7.7544807651735240E+01,  +0.0000000000000000E+00,  +0.0000000000000000E+00,
  +9.0500000000000000E+01,  +7.8030561733482131E+01,  +7.8030561733482131E+01,  +0.0000000000000000E+00,  +0.0000000000000000E+00,
  +9.0750000000000000E+01,  +7.8254522466991531E+01,  +7.8254522466991531E+01,  +0.0000000000000000E+00,  +0.0000000000000000E+00,
  +9.1000000000000000E+01,  +5.5446436169355614E+01,  +5.5446436169355614E+01,  +0.0000000000000000E+00,  +0.0000000000000000E+00,
  +9.1250000000000000E+01,  +3.4504256690060274E+01,  +3.4504256690060274E+01,  +0.0000000000000000E+00,  +0.0000000000000000E+00,
  +9.1500000000000000E+01,  +3.2376667345598150E+01,  +3.2376667345598150E+01,  +0.0000000000000000E+00,  +0.0000000000000000E+00,
  +9.1750000000000000E+01,  +3.1328601964586397E+01,  +3.1328601964586397E+01,  +0.0000000000000000E+00,  +0.0000000000000000E+00,
  +9.2000000000000000E+01,  +3.1415470388954233E+01,  +3.1415470388954233E+01,  +0.0000000000000000E+00,  +0.0000000000000000E+00,
  +9.2250000000000000E+01,  +3.0852702447496938E+01,  +3.0852702447496938E+01,  +0.0000000000000000E+00,  +0.0000000000000000E+00,
  +9.2500000000000000E+01,  +2.9720674188711609E+01,  +2.9720674188711609E+01,  +0.0000000000000000E+00,  +0.0000000000000000E+00,
  +9.2750000000000000E+01,  +2.9529495354314982E+01,  +2.9529495354314982E+01,  +0.0000000000000000E+00,  +0.0000000000000000E+00,
  +9.3000000000000000E+01,  +2.9863962473322491E+01,  +2.9863962473322491E+01,  +0.0000000000000000E+00,  +0.0000000000000000E+00,
  +9.3250000000000000E+01,  +3.0183122433768421E+01,  +3.0183122433768421E+01,  +0.0000000000000000E+00,  +0.0000000000000000E+00,
  +9.3500000000000000E+01,  +2.9922190148127076E+01,  +2.9922190148127076E+01,  +0.0000000000000000E+00,  +0.0000000000000000E+00,
  +9.3750000000000000E+01,  +2.9496848734931518E+01,  +2.9496848734931518E+01,  +0.0000000000000000E+00,  +0.0000000000000000E+00,
  +9.4000000000000000E+01,  +2.8222995111938392E+01,  +2.8222995111938392E+01,  +0.0000000000000000E+00,  +0.0000000000000000E+00,
  +9.4250000000000000E+01,  +2.6713755196973729E+01,  +2.6713755196973729E+01,  +0.0000000000000000E+00,  +0.0000000000000000E+00,
  +9.4500000000000000E+01,  +2.6061556446679162E+01,  +2.6061556446679162E+01,  +0.0000000000000000E+00,  +0.0000000000000000E+00,
  +9.4750000000000000E+01,  +2.5419499152425075E+01,  +2.5419499152425075E+01,  +0.0000000000000000E+00,  +0.0000000000000000E+00,
  +9.5000000000000000E+01,  +2.5219596794807657E+01,  +2.5219596794807657E+01,  +0.0000000000000000E+00,  +0.0000000000000000E+00,
  +9.5250000000000000E+01,  +2.5218710046462043E+01,  +2.5218710046462043E+01,  +0.0000000000000000E+00,  +0.0000000000000000E+00,
  +9.5500000000000000E+01,  +2.4827265046578738E+01,  +2.4827265046578738E+01,  +0.0000000000000000E+00,  +0.0000000000000000E+00,
  +9.5750000000000000E+01,  +2.4422655135736818E+01,  +2.4422655135736818E+01,  +0.0000000000000000E+00,  +0.0000000000000000E+00,
  +9.6000000000000000E+01,  +2.4865051672389683E+01,  +2.4865051672389683E+01,  +0.0000000000000000E+00,  +0.0000000000000000E+00,
  +9.6250000000000000E+01,  +2.5277641206759533E+01,  +2.5277641206759533E+01,  +0.0000000000000000E+00,  +0.0000000000000000E+00,
  +9.6500000000000000E+01,  +2.4960679844676033E+01,  +2.4960679844676033E+01,  +0.0000000000000000E+00,  +0.0000000000000000E+00,
  +9.6750000000000000E+01,  +2.4599008256684442E+01,  +2.4599008256684442E+01,  +0.0000000000000000E+00,  +0.0000000000000000E+00,
  +9.7000000000000000E+01,  +2.4769546724424856E+01,  +2.4769546724424856E+01,  +0.0000000000000000E+00,  +0.0000000000000000E+00,
  +9.7250000000000000E+01,  +2.5003390703565628E+01,  +2.5003390703565628E+01,  +0.0000000000000000E+00,  +0.0000000000000000E+00,
  +9.7500000000000000E+01,  +2.4936794459860220E+01,  +2.4936794459860220E+01,  +0.0000000000000000E+00,  +0.0000000000000000E+00,
  +9.7750000000000000E+01,  +2.4828719354129266E+01,  +2.4828719354129266E+01,  +0.0000000000000000E+00,  +0.0000000000000000E+00,
  +9.8000000000000000E+01,  +2.4971543859928900E+01,  +2.4971543859928900E+01,  +0.0000000000000000E+00,  +0.0000000000000000E+00,
  +9.8250000000000000E+01,  +2.5137647963221042E+01,  +2.5137647963221042E+01,  +0.0000000000000000E+00,  +0.0000000000000000E+00,
  +9.8500000000000000E+01,  +2.5047392649716439E+01,  +2.5047392649716439E+01,  +0.0000000000000000E+00,  +0.0000000000000000E+00,
  +9.8750000000000000E+01,  +2.4983460691107986E+01,  +2.4983460691107986E+01,  +0.0000000000000000E+00,  +0.0000000000000000E+00,
  +9.9000000000000000E+01,  +2.5228539741072389E+01,  +2.5228539741072389E+01,  +0.0000000000000000E+00,  +0.0000000000000000E+00,
  +9.9250000000000000E+01,  +2.5499600412167322E+01,  +2.5499600412167322E+01,  +0.0000000000000000E+00,  +0.0000000000000000E+00,
  +9.9500000000000000E+01,  +2.5500713996176696E+01,  +2.5500713996176696E+01,  +0.0000000000000000E+00,  +0.0000000000000000E+00,
  +9.9750000000000000E+01,  +2.5454539403848699E+01,  +2.5454539403848699E+01,  +0.0000000000000000E+00,  +0.0000000000000000E+00,
  +1.0000000000000000E+02,  +2.5665930808043822E+01,  +2.5665930808043822E+01,  +0.0000000000000000E+00,  +0.0000000000000000E+00,
  +1.0025000000000000E+02,  +4.5439155785307015E+01,  +4.5439155785307015E+01,  +0.0000000000000000E+00,  +0.0000000000000000E+00,
  +1.0050000000000000E+02,  +6.6557401972489757E+01,  +6.6557401972489757E+01,  +0.0000000000000000E+00,  +0.0000000000000000E+00,
  +1.0075000000000000E+02,  +6.6719732823052226E+01,  +6.6719732823052226E+01,  +0.0000000000000000E+00,  +0.0000000000000000E+00,
  +1.0100000000000000E+02,  +6.5382795930411888E+01,  +6.5382795930411888E+01,  +0.0000000000000000E+00,  +0.0000000000000000E+00,
  +1.0125000000000000E+02,  +6.5286310263109058E+01,  +6.5286310263109058E+01,  +0.0000000000000000E+00,  +0.0000000000000000E+00,
  +1.0150000000000000E+02,  +6.6519633146115240E+01,  +6.6519633146115240E+01,  +0.0000000000000000E+00,  +0.0000000000000000E+00,
  +1.0175000000000000E+02,  +6.6560911653981947E+01,  +6.6560911653981947E+01,  +0.0000000000000000E+00,  +0.0000000000000000E+00,
  +1.0200000000000000E+02,  +6.4934138639023004E+01,  +6.4934138639023004E+01,  +0.0000000000000000E+00,  +0.0000000000000000E+00,
  +1.0225000000000000E+02,  +6.9600415749201090E+01,  +6.9600415749201090E+01,  +0.0000000000000000E+00,  +0.0000000000000000E+00,
  +1.0250000000000000E+02,  +7.5954383392980176E+01,  +7.5954383392980176E+01,  +0.0000000000000000E+00,  +0.0000000000000000E+00,
  +1.0275000000000000E+02,  +7.6013885553165210E+01,  +7.6013885553165210E+01,  +0.0000000000000000E+00,  +0.0000000000000000E+00,
  +1.0300000000000000E+02,  +7.4687191930497221E+01,  +7.4687191930497221E+01,  +0.0000000000000000E+00,  +0.0000000000000000E+00,
  +1.0325000000000000E+02,  +7.4161542740641224E+01,  +7.4161542740641224E+01,  +0.0000000000000000E+00,  +0.0000000000000000E+00,
  +1.0350000000000000E+02,  +7.4230720663346361E+01,  +7.4230720663346361E+01,  +0.0000000000000000E+00,  +0.0000000000000000E+00,
  +1.0375000000000000E+02,  +7.3792078349435570E+01,  +7.3792078349435570E+01,  +0.0000000000000000E+00,  +0.0000000000000000E+00,
  +1.0400000000000000E+02,  +7.3222799310732498E+01,  +7.3222799310732498E+01,  +0.0000000000000000E+00,  +0.0000000000000000E+00,
  +1.0425000000000000E+02,  +7.2598631106674645E+01,  +7.2598631106674645E+01,  +0.0000000000000000E+00,  +0.0000000000000000E+00,
  +1.0450000000000000E+02,  +7.2863260752854472E+01,  +7.2863260752854472E+01,  +0.0000000000000000E+00,  +0.0000000000000000E+00,
  +1.0475000000000000E+02,  +7.3892833187609497E+01,  +7.3892833187609497E+01,  +0.0000000000000000E+00,  +0.0000000000000000E+00,
  +1.0500000000000000E+02,  +7.4928732548236965E+01,  +7.4928732548236965E+01,  +0.0000000000000000E+00,  +0.0000000000000000E+00,
  +1.0525000000000000E+02,  +7.5183892598556739E+01,  +7.3718125260935295E+01,  +1.4657673376214388E+00,  +0.0000000000000000E+00,
  +1.0550000000000000E+02,  +7.5873279707903521E+01,  +7.3785515126937952E+01,  +2.0877645809655743E+00,  +0.0000000000000000E+00,
  +1.0575000000000000E+02,  +7.4692984146684736E+01,  +7.2009112026043866E+01,  +2.6838721206408658E+00,  +0.0000000000000000E+00,
  +1.0600000000000000E+02,  +7.1489178730147131E+01,  +6.8206908411666461E+01,  +3.2822703184806699E+00,  +0.0000000000000000E+00,
  +1.0625000000000000E+02,  +7.0196584514114861E+01,  +6.7795507976895195E+01,  +2.4010765372196712E+00,  +0.0000000000000000E+00,
  +1.0650000000000000E+02,  +7.0217336860593591E+01,  +6.7487614881262132E+01,  +2.7297219793314551E+00,  +0.0000000000000000E+00,
  +1.0675000000000000E+02,  +7.0624101394565770E+01,  +6.7595608197786234E+01,  +3.0284931967795377E+00,  +0.0000000000000000E+00,
  +1.0700000000000000E+02,  +6.9425638305252605E+01,  +6.6130610934345114E+01,  +3.2950273709074915E+00,  +0.0000000000000000E+00,
  +1.0725000000000000E+02,  +6.7512779951175816E+01,  +6.5556751881784677E+01,  +1.9560280693911367E+00,  +0.0000000000000000E+00,
  +1.0750000000000000E+02,  +6.7096247394491030E+01,  +6.5029795042138133E+01,  +2.0664523523528997E+00,  +0.0000000000000000E+00,
  +1.0775000000000000E+02,  +6.7059429716036561E+01,  +6.4903474990926654E+01,  +2.1559547251099072E+00,  +0.0000000000000000E+00,
  +1.0800000000000000E+02,  +6.6385319878437798E+01,  +6.4161429675157549E+01,  +2.2238902032802508E+00,  +0.0000000000000000E+00,
  +1.0825000000000000E+02,  +6.5273896135111301E+01,  +6.2554554043024652E+01,  +2.7193420920866478E+00,  +0.0000000000000000E+00,
  +1.0850000000000000E+02,  +6.4977588281987451E+01,  +6.2227807024116089E+01,  +2.7497812578713603E+00,  +0.0000000000000000E+00,
  +1.0875000000000000E+02,  +6.4707310151693846E+01,  +6.1952805806289923E+01,  +2.7545043454039253E+00,  +0.0000000000000000E+00,
  +1.0900000000000000E+02,  +6.3703166254293563E+01,  +6.0969635320332387E+01,  +2.7335309339611760E+00,  +0.0000000000000000E+00,
  +1.0925000000000000E+02,  +6.2649215539058197E+01,  +5.8538087507797286E+01,  +4.1111280312609120E+00,  +0.0000000000000000E+00,
  +1.0950000000000000E+02,  +6.2824563519404812E+01,  +5.8821956845801708E+01,  +4.0026066736031014E+00,  +0.0000000000000000E+00,
  +1.0975000000000000E+02,  +6.2739818572134105E+01,  +5.8880554150698273E+01,  +3.8592644214358325E+00,  +0.0000000000000000E+00,
  +1.1000000000000000E+02,  +6.2376036441813433E+01,  +5.8694300798645060E+01,  +3.6817356431683708E+00,  +0.0000000000000000E+00,
  +1.1025000000000000E+02,  +6.2799457336412516E+01,  +5.9862587313122688E+01,  +2.9368700232898282E+00,  +0.0000000000000000E+00,
  +1.1050000000000000E+02,  +6.2170930786523378E+01,  +5.9445172407505595E+01,  +2.7257583790177837E+00,  +0.0000000000000000E+00,
  +1.1075000000000000E+02,  +6.1306044869497200E+01,  +5.8820238759401882E+01,  +2.4858061100953206E+00,  +0.0000000000000000E+00,
  +1.1100000000000000E+02,  +6.1450836212165591E+01,  +5.9231990999582813E+01,  +2.2188452125827784E+00,  +0.0000000000000000E+00,
  +1.1125000000000000E+02,  +6.1162642469836051E+01,  +6.0332376171345572E+01,  +8.3026629849048006E-01,  +0.0000000000000000E+00,
  +1.1150000000000000E+02,  +6.1160958241236955E+01,  +6.0466104629398501E+01,  +6.9485361183845062E-01,  +0.0000000000000000E+00,
  +1.1175000000000000E+02,  +6.3318472966996637E+01,  +6.2766997245094963E+01,  +5.5147572190167460E-01,  +0.0000000000000000E+00,
  +1.1200000000000000E+02,  +6.4512819697516761E+01,  +6.4110979575626502E+01,  +4.0184012189025597E-01,  +0.0000000000000000E+00,
  +1.1225000000000000E+02,  +6.5308711778697273E+01,  +6.5100013660271230E+01,  +2.0869811842604508E-01,  +0.0000000000000000E+00,
  +1.1250000000000000E+02,  +6.6728250226337678E+01,  +6.6647714411476230E+01,  +8.0535814861451380E-02,  +0.0000000000000000E+00,
  +1.1275000000000000E+02,  +6.6713225833145259E+01,  +6.6711626475200532E+01,  +1.5993579447316636E-03,  +0.0000000000000000E+00,
  +1.1300000000000000E+02,  +6.6544225204351022E+01,  +6.6544225204351022E+01,  +0.0000000000000000E+00,  +0.0000000000000000E+00,
  +1.1325000000000000E+02,  +6.7029004285777759E+01,  +6.7029004285777759E+01,  +0.0000000000000000E+00,  +0.0000000000000000E+00,
  +1.1350000000000000E+02,  +6.8753588692539324E+01,  +6.8753588692539324E+01,  +0.0000000000000000E+00,  +0.0000000000000000E+00,
  +1.1375000000000000E+02,  +6.8491724274256313E+01,  +6.8491724274256313E+01,  +0.0000000000000000E+00,  +0.0000000000000000E+00,
  +1.1400000000000000E+02,  +6.7887357837287041E+01,  +6.7887357837287041E+01,  +0.0000000000000000E+00,  +0.0000000000000000E+00,
  +1.1425000000000000E+02,  +6.8560429983552083E+01,  +6.8560429983552083E+01,  +0.0000000000000000E+00,  +0.0000000000000000E+00,
  +1.1450000000000000E+02,  +6.8609242824557114E+01,  +6.8609242824557114E+01,  +0.0000000000000000E+00,  +0.0000000000000000E+00,
  +1.1475000000000000E+02,  +6.8963195253953018E+01,  +6.8963195253953018E+01,  +0.0000000000000000E+00,  +0.0000000000000000E+00,
  +1.1500000000000000E+02,  +4.7980552289703496E+01,  +4.7980552289703496E+01,  +0.0000000000000000E+00,  +0.0000000000000000E+00,
  +1.1525000000000000E+02,  +2.9324248751939528E+01,  +2.9324248751939528E+01,  +0.0000000000000000E+00,  +0.0000000000000000E+00,
  +1.1550000000000000E+02,  +2.8054419130037914E+01,  +2.8054419130037914E+01,  +0.0000000000000000E+00,  +0.0000000000000000E+00,
  +1.1575000000000000E+02,  +2.7287475125437822E+01,  +2.7287475125437822E+01,  +0.0000000000000000E+00,  +0.0000000000000000E+00,
  +1.1600000000000000E+02,  +2.7462083586592719E+01,  +2.7462083586592719E+01,  +0.0000000000000000E+00,  +0.0000000000000000E+00,
  +1.1625000000000000E+02,  +2.7077458788233592E+01,  +2.7077458788233592E+01,  +0.0000000000000000E+00,  +0.0000000000000000E+00,
  +1.1650000000000000E+02,  +2.6176187891968198E+01,  +2.6176187891968198E+01,  +0.0000000000000000E+00,  +0.0000000000000000E+00,
  +1.1675000000000000E+02,  +2.6149646266448421E+01,  +2.6149646266448421E+01,  +0.0000000000000000E+00,  +0.0000000000000000E+00,
  +1.1700000000000000E+02,  +2.6562267150943207E+01,  +2.6562267150943207E+01,  +0.0000000000000000E+00,  +0.0000000000000000E+00,
  +1.1725000000000000E+02,  +2.7574892658137976E+01,  +2.7574892658137976E+01,  +0.0000000000000000E+00,  +0.0000000000000000E+00,
  +1.1750000000000000E+02,  +2.7348501920081929E+01,  +2.7348501920081929E+01,  +0.0000000000000000E+00,  +0.0000000000000000E+00,
  +1.1775000000000000E+02,  +2.6278184889148399E+01,  +2.6278184889148399E+01,  +0.0000000000000000E+00,  +0.0000000000000000E+00,
  +1.1800000000000000E+02,  +2.5082129711433506E+01,  +2.5082129711433506E+01,  +0.0000000000000000E+00,  +0.0000000000000000E+00,
  +1.1825000000000000E+02,  +2.3929011437913246E+01,  +2.3929011437913246E+01,  +0.0000000000000000E+00,  +0.0000000000000000E+00,
  +1.1850000000000000E+02,  +2.3307731957543623E+01,  +2.3307731957543623E+01,  +0.0000000000000000E+00,  +0.0000000000000000E+00,
  +1.1875000000000000E+02,  +2.2723915532912098E+01,  +2.2723915532912098E+01,  +0.0000000000000000E+00,  +0.0000000000000000E+00,
  +1.1900000000000000E+02,  +2.2455624094708490E+01,  +2.2455624094708490E+01,  +0.0000000000000000E+00,  +0.0000000000000000E+00,
  +1.1925000000000000E+02,  +2.2412960682878975E+01,  +2.2412960682878975E+01,  +0.0000000000000000E+00,  +0.0000000000000000E+00,
  +1.1950000000000000E+02,  +2.2115528587995108E+01,  +2.2115528587995108E+01,  +0.0000000000000000E+00,  +0.0000000000000000E+00,
  +1.1975000000000000E+02,  +2.1686925263858718E+01,  +2.1686925263858718E+01,  +0.0000000000000000E+00,  +0.0000000000000000E+00,
  +1.2000000000000000E+02,  +2.1726238631199774E+01,  +2.1726238631199774E+01,  +0.0000000000000000E+00,  +0.0000000000000000E+00,
  +1.2025000000000000E+02,  +2.1897167948179369E+01,  +2.1897167948179369E+01,  +0.0000000000000000E+00,  +0.0000000000000000E+00,
  +1.2050000000000000E+02,  +2.1623946532334990E+01,  +2.1623946532334990E+01,  +0.0000000000000000E+00,  +0.0000000000000000E+00,
  +1.2075000000000000E+02,  +2.1266592858725396E+01,  +2.1266592858725396E+01,  +0.0000000000000000E+00,  +0.0000000000000000E+00,
  +1.2100000000000000E+02,  +2.1418229387052843E+01,  +2.1418229387052843E+01,  +0.0000000000000000E+00,  +0.0000000000000000E+00,
  +1.2125000000000000E+02,  +2.1635918237157910E+01,  +2.1635918237157910E+01,  +0.0000000000000000E+00,  +0.0000000000000000E+00,
  +1.2150000000000000E+02,  +2.1547902969856327E+01,  +2.1547902969856327E+01,  +0.0000000000000000E+00,  +0.0000000000000000E+00,
  +1.2175000000000000E+02,  +2.1427009791326796E+01,  +2.1427009791326796E+01,  +0.0000000000000000E+00,  +0.0000000000000000E+00,
  +1.2200000000000000E+02,  +2.1722015513821944E+01,  +2.1722015513821944E+01,  +0.0000000000000000E+00,  +0.0000000000000000E+00,
  +1.2225000000000000E+02,  +2.2020669679709311E+01,  +2.2020669679709311E+01,  +0.0000000000000000E+00,  +0.0000000000000000E+00,
  +1.2250000000000000E+02,  +2.2008533556732235E+01,  +2.2008533556732235E+01,  +0.0000000000000000E+00,  +0.0000000000000000E+00,
  +1.2275000000000000E+02,  +2.1914267589276552E+01,  +2.1914267589276552E+01,  +0.0000000000000000E+00,  +0.0000000000000000E+00,
  +1.2300000000000000E+02,  +2.2133472973830358E+01,  +2.2133472973830358E+01,  +0.0000000000000000E+00,  +0.0000000000000000E+00,
  +1.2325000000000000E+02,  +2.2356507010440648E+01,  +2.2356507010440648E+01,  +0.0000000000000000E+00,  +0.0000000000000000E+00,
  +1.2350000000000000E+02,  +2.2319676427492119E+01,  +2.2319676427492119E+01,  +0.0000000000000000E+00,  +0.0000000000000000E+00,
  +1.2375000000000000E+02,  +2.2259837511777782E+01,  +2.2259837511777782E+01,  +0.0000000000000000E+00,  +0.0000000000000000E+00,
  +1.2400000000000000E+02,  +2.2607413734819879E+01,  +2.2607413734819879E+01,  +0.0000000000000000E+00,  +0.0000000000000000E+00,
  +1.2425000000000000E+02,  +2.8188226446217872E+01,  +2.8188226446217872E+01,  +0.0000000000000000E+00,  +0.0000000000000000E+00,
  +1.2450000000000000E+02,  +3.3538898094870333E+01,  +3.3538898094870333E+01,  +0.0000000000000000E+00,  +0.0000000000000000E+00,
  +1.2475000000000000E+02,  +3.3066730019740476E+01,  +3.3066730019740476E+01,  +0.0000000000000000E+00,  +0.0000000000000000E+00,
  +1.2500000000000000E+02,  +3.2929061138513937E+01,  +3.2929061138513937E+01,  +0.0000000000000000E+00,  +0.0000000000000000E+00,
  +1.2525000000000000E+02,  +3.2782643215211401E+01,  +3.2782643215211401E+01,  +0.0000000000000000E+00,  +0.0000000000000000E+00,
  +1.2550000000000000E+02,  +3.2740776202102744E+01,  +3.2740776202102744E+01,  +0.0000000000000000E+00,  +0.0000000000000000E+00,
  +1.2575000000000000E+02,  +3.2662224474357629E+01,  +3.2662224474357629E+01,  +0.0000000000000000E+00,  +0.0000000000000000E+00,
  +1.2600000000000000E+02,  +3.2598274622975453E+01,  +3.2598274622975453E+01,  +0.0000000000000000E+00,  +0.0000000000000000E+00,
  +1.2625000000000000E+02,  +3.1980273023695890E+01,  +3.1980273023695890E+01,  +0.0000000000000000E+00,  +0.0000000000000000E+00,
  +1.2650000000000000E+02,  +3.1619397862065114E+01,  +3.1619397862065114E+01,  +0.0000000000000000E+00,  +0.0000000000000000E+00,
  +1.2675000000000000E+02,  +3.1780736690279479E+01,  +3.1780736690279479E+01,  +0.0000000000000000E+00,  +0.0000000000000000E+00,
  +1.2700000000000000E+02,  +3.1800076021949447E+01,  +3.1800076021949447E+01,  +0.0000000000000000E+00,  +0.0000000000000000E+00,
  +1.2725000000000000E+02,  +3.2108530702064343E+01,  +3.2108530702064343E+01,  +0.0000000000000000E+00,  +0.0000000000000000E+00,
  +1.2750000000000000E+02,  +3.2381509250280722E+01,  +3.2381509250280722E+01,  +0.0000000000000000E+00,  +0.0000000000000000E+00,
  +1.2775000000000000E+02,  +3.2417634699844371E+01,  +3.2417634699844371E+01,  +0.0000000000000000E+00,  +0.0000000000000000E+00,
  +1.2800000000000000E+02,  +3.2576278414415519E+01,  +3.2576278414415519E+01,  +0.0000000000000000E+00,  +0.0000000000000000E+00,
  +1.2825000000000000E+02,  +3.2917668875386155E+01,  +3.2917668875386155E+01,  +0.0000000000000000E+00,  +0.0000000000000000E+00,
  +1.2850000000000000E+02,  +3.3344952260180072E+01,  +3.3344952260180072E+01,  +0.0000000000000000E+00,  +0.0000000000000000E+00,
  +1.2875000000000000E+02,  +3.3270568250119119E+01,  +3.3252197940262981E+01,  +1.8370309856135830E-02,  +0.0000000000000000E+00,
  +1.2900000000000000E+02,  +3.4024886185459998E+01,  +3.3906221821934388E+01,  +1.1866436352561360E-01,  +0.0000000000000000E+00,
  +1.2925000000000000E+02,  +3.4911675906902566E+01,  +3.4469907072091573E+01,  +4.4176883481099471E-01,  +0.0000000000000000E+00,
  +1.2950000000000000E+02,  +3.4888711784046485E+01,  +3.4235800241043428E+01,  +6.5291154300305698E-01,  +0.0000000000000000E+00,
  +1.2975000000000000E+02,  +3.4848922483851140E+01,  +3.3992234196449850E+01,  +8.5668828740128766E-01,  +0.0000000000000000E+00,
  +1.3000000000000000E+02,  +3.4741356462578750E+01,  +3.3691114167333424E+01,  +1.0502422952453243E+00,  +0.0000000000000000E+00,
  +1.3025000000000000E+02,  +3.4898420562580924E+01,  +3.3727700772777844E+01,  +1.1707197898030781E+00,  +0.0000000000000000E+00,
  +1.3050000000000000E+02,  +3.5174598866014861E+01,  +3.3844511933094267E+01,  +1.3300869329205902E+00,  +0.0000000000000000E+00,
  +1.3075000000000000E+02,  +3.5267309759650772E+01,  +3.3792061556618357E+01,  +1.4752482030324177E+00,  +0.0000000000000000E+00,
  +1.3100000000000000E+02,  +3.5799835965414907E+01,  +3.4194656443332953E+01,  +1.6051795220819534E+00,  +0.0000000000000000E+00,
  +1.3125000000000000E+02,  +3.6145491871898699E+01,  +3.4495039439081395E+01,  +1.6504524328173016E+00,  +0.0000000000000000E+00,
  +1.3150000000000000E+02,  +3.5868424110368338E+01,  +3.4125164091809694E+01,  +1.7432600185586460E+00,  +0.0000000000000000E+00,
  +1.3175000000000000E+02,  +3.5978295339044912E+01,  +3.4159179917903778E+01,  +1.8191154211411338E+00,  +0.0000000000000000E+00,
  +1.3200000000000000E+02,  +3.6201967324903400E+01,  +3.4324420647394852E+01,  +1.8775466775085503E+00,  +0.0000000000000000E+00,
  +1.3225000000000000E+02,  +3.6024603254914240E+01,  +3.4318599003693848E+01,  +1.7060042512203957E+00,  +0.0000000000000000E+00,
  +1.3250000000000000E+02,  +3.5880958462091570E+01,  +3.4154812382048632E+01,  +1.7261460800429382E+00,  +0.0000000000000000E+00,
  +1.3275000000000000E+02,  +3.5638168198209449E+01,  +3.3907658867284397E+01,  +1.7305093309250503E+00,  +0.0000000000000000E+00,
  +1.3300000000000000E+02,  +3.5353730234289024E+01,  +3.3634647349119206E+01,  +1.7190828851698186E+00,  +0.0000000000000000E+00,
  +1.3325000000000000E+02,  +3.5198148867531259E+01,  +3.3292772037682958E+01,  +1.9053768298483011E+00,  +0.0000000000000000E+00,
  +1.3350000000000000E+02,  +3.5128149936758369E+01,  +3.3271598517756885E+01,  +1.8565514190014851E+00,  +0.0000000000000000E+00,
  +1.3375000000000000E+02,  +3.4937962380992602E+01,  +3.3147427763971386E+01,  +1.7905346170212169E+00,  +0.0000000000000000E+00,
  +1.3400000000000000E+02,  +3.4614865653818661E+01,  +3.2907149876779997E+01,  +1.7077157770386677E+00,  +0.0000000000000000E+00,
  +1.3425000000000000E+02,  +3.4362968111783978E+01,  +3.2684156567638560E+01,  +1.6788115441454199E+00,  +0.0000000000000000E+00,
  +1.3450000000000000E+02,  +3.3866241346058722E+01,  +3.2307922094291158E+01,  +1.5583192517675615E+00,  +0.0000000000000000E+00,
  +1.3475000000000000E+02,  +3.3439915204514989E+01,  +3.2018411733155411E+01,  +1.4215034713595782E+00,  +0.0000000000000000E+00,
  +1.3500000000000000E+02,  +3.3266723751934528E+01,  +3.1997248205581180E+01,  +1.2694755463533474E+00,  +0.0000000000000000E+00,
  +1.3525000000000000E+02,  +3.3226341664310638E+01,  +3.2176966427221146E+01,  +1.0493752370894933E+00,  +0.0000000000000000E+00,
  +1.3550000000000000E+02,  +3.3316355264913788E+01,  +3.2435930265081254E+01,  +8.8042499983253775E-01,  +0.0000000000000000E+00,
  +1.3575000000000000E+02,  +3.3598966862795848E+01,  +3.2897191302650207E+01,  +7.0177556014564391E-01,  +0.0000000000000000E+00,
  +1.3600000000000000E+02,  +3.3943281016813415E+01,  +3.3427860659404530E+01,  +5.1542035740888203E-01,  +0.0000000000000000E+00,
  +1.3625000000000000E+02,  +3.4097260654614743E+01,  +3.3671457744572166E+01,  +4.2580291004257909E-01,  +0.0000000000000000E+00,
  +1.3650000000000000E+02,  +3.4167461862876081E+01,  +3.3991581330923999E+01,  +1.7588053195207962E-01,  +0.0000000000000000E+00,
  +1.3675000000000000E+02,  +3.4253054194307929E+01,  +3.4246728552069349E+01,  +6.3256422385811837E-03,  +0.0000000000000000E+00,
  +1.3700000000000000E+02,  +3.4420246934237838E+01,  +3.4420246934237838E+01,  +0.0000000000000000E+00,  +0.0000000000000000E+00,
  +1.3725000000000000E+02,  +3.4916311926519072E+01,  +3.4916311926519072E+01,  +0.0000000000000000E+00,  +0.0000000000000000E+00,
  +1.3750000000000000E+02,  +3.5398824031198885E+01,  +3.5398824031198885E+01,  +0.0000000000000000E+00,  +0.0000000000000000E+00,
  +1.3775000000000000E+02,  +3.5618364459117132E+01,  +3.5618364459117132E+01,  +0.0000000000000000E+00,  +0.0000000000000000E+00,
  +1.3800000000000000E+02,  +3.6049964304323332E+01,  +3.6049964304323332E+01,  +0.0000000000000000E+00,  +0.0000000000000000E+00,
  +1.3825000000000000E+02,  +3.6493918262445426E+01,  +3.6493918262445426E+01,  +0.0000000000000000E+00,  +0.0000000000000000E+00,
  +1.3850000000000000E+02,  +3.6726845843632816E+01,  +3.6726845843632816E+01,  +0.0000000000000000E+00,  +0.0000000000000000E+00,
  +1.3875000000000000E+02,  +3.6803285144533575E+01,  +3.6803285144533575E+01,  +0.0000000000000000E+00,  +0.0000000000000000E+00,
  +1.3900000000000000E+02,  +3.3916338357638693E+01,  +3.3916338357638693E+01,  +0.0000000000000000E+00,  +0.0000000000000000E+00,
  +1.3925000000000000E+02,  +3.0877111991475978E+01,  +3.0877111991475978E+01,  +0.0000000000000000E+00,  +0.0000000000000000E+00,
  +1.3950000000000000E+02,  +3.0438296639238274E+01,  +3.0438296639238274E+01,  +0.0000000000000000E+00,  +0.0000000000000000E+00,
  +1.3975000000000000E+02,  +3.0206426543590815E+01,  +3.0206426543590815E+01,  +0.0000000000000000E+00,  +0.0000000000000000E+00,
  +1.4000000000000000E+02,  +3.0348797171451515E+01,  +3.0348797171451515E+01,  +0.0000000000000000E+00,  +0.0000000000000000E+00,
  +1.4025000000000000E+02,  +2.9641676933829107E+01,  +2.9641676933829107E+01,  +0.0000000000000000E+00,  +0.0000000000000000E+00,
  +1.4050000000000000E+02,  +2.8768953593335617E+01,  +2.8768953593335617E+01,  +0.0000000000000000E+00,  +0.0000000000000000E+00,
  +1.4075000000000000E+02,  +2.8727662424137407E+01,  +2.8727662424137407E+01,  +0.0000000000000000E+00,  +0.0000000000000000E+00,
  +1.4100000000000000E+02,  +2.8771989810123436E+01,  +2.8771989810123436E+01,  +0.0000000000000000E+00,  +0.0000000000000000E+00,
  +1.4125000000000000E+02,  +2.8711577848112789E+01,  +2.8711577848112789E+01,  +0.0000000000000000E+00,  +0.0000000000000000E+00,
  +1.4150000000000000E+02,  +2.8686896135794161E+01,  +2.8686896135794161E+01,  +0.0000000000000000E+00,  +0.0000000000000000E+00,
  +1.4175000000000000E+02,  +2.8426778627227680E+01,  +2.8426778627227680E+01,  +0.0000000000000000E+00,  +0.0000000000000000E+00,
  +1.4200000000000000E+02,  +2.7918246088419405E+01,  +2.7918246088419405E+01,  +0.0000000000000000E+00,  +0.0000000000000000E+00,
  +1.4225000000000000E+02,  +2.7428615548778431E+01,  +2.7428615548778431E+01,  +0.0000000000000000E+00,  +0.0000000000000000E+00,
  +1.4250000000000000E+02,  +2.6913479113305868E+01,  +2.6913479113305868E+01,  +0.0000000000000000E+00,  +0.0000000000000000E+00,
  +1.4275000000000000E+02,  +2.6337134332424228E+01,  +2.6337134332424228E+01,  +0.0000000000000000E+00,  +0.0000000000000000E+00,
  +1.4300000000000000E+02,  +2.5713315711746112E+01,  +2.5713315711746112E+01,  +0.0000000000000000E+00,  +0.0000000000000000E+00,
  +1.4325000000000000E+02,  +2.5111836042242810E+01,  +2.5111836042242810E+01,  +0.0000000000000000E+00,  +0.0000000000000000E+00,
  +1.4350000000000000E+02,  +2.4596921574067412E+01,  +2.4596921574067412E+01,  +0.0000000000000000E+00,  +0.0000000000000000E+00,
  +1.4375000000000000E+02,  +2.4158443832233154E+01,  +2.4158443832233154E+01,  +0.0000000000000000E+00,  +0.0000000000000000E+00,
  +1.4400000000000000E+02,  +2.3835586554018988E+01,  +2.3835586554018988E+01,  +0.0000000000000000E+00,  +0.0000000000000000E+00,
