            TRNSYS - the TRaNsient SYstem Simulation program

   The Solar Energy Lab at the University of Wisconsin - Madison, USA
Le Centre Scientifique et Technique du Batiment, Sophia Antipolis, France
           Transsolar Energietechnik GmBH, Stuttgart, Germany
        Thermal Energy System Specialists, LLC, Madison Wisconsin, USA

                           Release 18.04.0001
                           User ID  18-D0687

Simulation log for: "C:\Users\lbarnic\OneDrive - Fraunhofer\A_Bearbeitung\9_Parameterstudie_REP\II_NT_WN\II_HT_WN.dck"
 
*** Notice at time        :         0.000000
    Generated by Unit     : Not applicable or not available
    Generated by Type     : Not applicable or not available
    Message               : The TRNSYS Executable (TRNExe.exe) and main DLL (TRNDll.dll) are located in "C:\TRNSYS18\Exe"
 
*** Notice at time        :         0.000000
    Generated by Unit     : Not applicable or not available
    Generated by Type     : Not applicable or not available
    TRNSYS Message     90 : TRNDll.dll is compiled in release mode. External DLLs will be loaded from the .\UserLib\ReleaseDLLs\ directory.
    Reported information  : Not available
 
*** Notice at time        :         0.000000
    Generated by Unit     : Not applicable or not available
    Generated by Type     : Not applicable or not available
    Message               : The following Types were loaded from TRNDll.dll: Type9, Type65, Type50, Type15, Type103, Type156, Type1, Type114, Type11, Type165, Type115, Type31, Type77, Type143, Type25
 
*** Notice at time        :         0.000000
    Generated by Unit     : Not applicable or not available
    Generated by Type     : Not applicable or not available
    Message               : "DS_Illuminance.dll" was found but did not contain any components from the input file.
 
*** Notice at time        :         0.000000
    Generated by Unit     : Not applicable or not available
    Generated by Type     : Not applicable or not available
    Message               : The following Types were loaded from "TESS_Archive_v18_0_32.dll": Type1221
 
*** Notice at time        :         0.000000
    Generated by Unit     : Not applicable or not available
    Generated by Type     : Not applicable or not available
    Message               : "TESS_CO_v18_0_32.dll" was found but did not contain any components from the input file.
 
*** Notice at time        :         0.000000
    Generated by Unit     : Not applicable or not available
    Generated by Type     : Not applicable or not available
    Message               : "TESS_EL_v18_0_32.dll" was found but did not contain any components from the input file.
 
*** Notice at time        :         0.000000
    Generated by Unit     : Not applicable or not available
    Generated by Type     : Not applicable or not available
    Message               : "TESS_GH_v18_0_32.dll" was found but did not contain any components from the input file.
 
*** Warning at time       :         0.000000
    Generated by Unit     : Not applicable or not available
    Generated by Type     :  1221
    TRNSYS Message    200 : This TYPE was found in more than one DLL. The first instance of the TYPE was loaded. Subsequent instances have been ignored
    Reported information  : A duplicate of TYPE1221 was found in "TESS_HV_v18_0_32.dll"
 
*** Notice at time        :         0.000000
    Generated by Unit     : Not applicable or not available
    Generated by Type     : Not applicable or not available
    Message               : The following Types were loaded from "TESS_HV_v18_0_32.dll": Type525, Type1332, Type1323,
 
*** Notice at time        :         0.000000
    Generated by Unit     : Not applicable or not available
    Generated by Type     : Not applicable or not available
    Message               : The following Types were loaded from "TESS_HY_v18_0_32.dll": Type649, Type604
 
*** Notice at time        :         0.000000
    Generated by Unit     : Not applicable or not available
    Generated by Type     : Not applicable or not available
    Message               : "TESS_LS_v18_0_32.dll" was found but did not contain any components from the input file.
 
*** Notice at time        :         0.000000
    Generated by Unit     : Not applicable or not available
    Generated by Type     : Not applicable or not available
    Message               : "Type159.dll" was found but did not contain any components from the input file.
 
*** Notice at time        :         0.000000
    Generated by Unit     : Not applicable or not available
    Generated by Type     : Not applicable or not available
    Message               : "Type169.dll" was found but did not contain any components from the input file.
 
*** Notice at time        :         0.000000
    Generated by Unit     : Not applicable or not available
    Generated by Type     : Not applicable or not available
    Message               : "Type313_x32.dll" was found but did not contain any components from the input file.
 
*** Notice at time        :         0.000000
    Generated by Unit     : Not applicable or not available
    Generated by Type     : Not applicable or not available
    Message               : The following Types were loaded from "Type340_x32.dll": Type340
 
*** Notice at time        :         0.000000
    Generated by Unit     : Not applicable or not available
    Generated by Type     : Not applicable or not available
    Message               : "Type342_x32.dll" was found but did not contain any components from the input file.
 
*** Notice at time        :         0.000000
    Generated by Unit     : Not applicable or not available
    Generated by Type     : Not applicable or not available
    Message               : "Type362_x32.dll" was found but did not contain any components from the input file.
 
*** Notice at time        :         0.000000
    Generated by Unit     : Not applicable or not available
    Generated by Type     : Not applicable or not available
    Message               : "Type399_x32.dll" was found but did not contain any components from the input file.
 
*** Notice at time        :         0.000000
    Generated by Unit     : Not applicable or not available
    Generated by Type     : Not applicable or not available
    Message               : "Type56.dll" was found but did not contain any components from the input file.
 
*** Notice at time        :         0.000000
    Generated by Unit     : Not applicable or not available
    Generated by Type     : Not applicable or not available
    Message               : "Type76Lib.dll" was found but did not contain any components from the input file.
 
*** Notice at time        :         0.000000
    Generated by Unit     : Not applicable or not available
    Generated by Type     : Not applicable or not available
    Message               : "Type82Lib.dll" was found but did not contain any components from the input file.
 
*** Notice at time        :         0.000000
    Generated by Unit     : Not applicable or not available
    Generated by Type     : Not applicable or not available
    TRNSYS Message    199 : TRNSYS found at least one user DLL in the UserLib directory. (Note: Only DLL's including Types that are used in the simulation are loaded)
    Reported information  : 4 user DLLs were loaded after searching in "C:\TRNSYS18\UserLib\ReleaseDLLs"
 
*** Warning at time       :         0.000000
    Generated by Unit     :    45
    Generated by Type     :   103
    Message               : The 4-parameter PV model found a negative solution for the modules series resistance. The series resistance was set to zero. Please check manufacturers catalog values.
 
*** Warning at time       :         0.000000
    Generated by Unit     :    50
    Generated by Type     :   103
    Message               : The 4-parameter PV model found a negative solution for the modules series resistance. The series resistance was set to zero. Please check manufacturers catalog values.
 
*** Warning at time       :         0.000000
    Generated by Unit     :   122
    Generated by Type     :   103
    Message               : The 4-parameter PV model found a negative solution for the modules series resistance. The series resistance was set to zero. Please check manufacturers catalog values.
 
*** Notice at time        :       144.000000
    Generated by Unit     :   113
    Generated by Type     :   340
    Message               : Qerrsum of V1.99E: -3.927567196569742E-008 [kJ]
 
*** Notice at time        :       144.000000
    Generated by Unit     :   113
    Generated by Type     :   340
    Message               : Qerrsum of V1.99E: -3.927567196569742E-008 [kJ]
 
*** Notice at time        :       144.000000
    Generated by Unit     :   113
    Generated by Type     :   340
    Message               : Qerrsum of V1.99E: -3.927567196569742E-008 [kJ]
 
*** Warning at time       :       144.000000
    Generated by Unit     :   109
    Generated by Type     :   143
    Message               : The file C:\TRNSYS18\Examples\Sample Catalog Files\WSHP_CCorr.dat was called 575 times (1% of the time) with a first independent variable value below the range supplied in the data file. Data is interpolated within the data file range but is not extrapolated beyond the range. Performance of the equipment modeled by this UNIT may be incorrect.
 
*** Warning at time       :       144.000000
    Generated by Unit     :   109
    Generated by Type     :   143
    Message               : The file C:\TRNSYS18\Examples\Sample Catalog Files\WSHP_CCorr.dat was called 575 times (1% of the time) with a second independent variable value below the range supplied in the data file. Data is interpolated within the data file range but is not extrapolated beyond the range. Performance of the equipment modeled by this UNIT may be incorrect.
