 TIME                                   	Erdreichtemepratur_100m                 	Erdreichtemperatur_3m                   	Flusswassertemperatur                   	Erdreichtemepratur_15m                  	Aussentemp                              	
  +0.0000000000000000E+00	  +1.0000000000000000E+01	  +1.0116417896070434E+01	  +5.9142857142857146E+00	  +9.9822430083554128E+00	  +2.1000000000000001E+00	
  +2.5000000000000000E-01	  +1.0000000000000000E+01	  +1.0116272913749903E+01	  +5.9146577380952383E+00	  +9.9822432255794702E+00	  +8.5000000000000009E-01	
  +5.0000000000000000E-01	  +1.0000000000000000E+01	  +1.0115982946306051E+01	  +5.9154017857142858E+00	  +9.9822436604557954E+00	  +3.4999999999999998E-01	
  +7.5000000000000000E-01	  +1.0000000000000000E+01	  +1.0115692975132912E+01	  +5.9161458333333332E+00	  +9.9822440959030541E+00	  -1.3750000000000001E-01	
  +1.0000000000000000E+00	  +1.0000000000000000E+01	  +1.0115403000239814E+01	  +5.9168898809523807E+00	  +9.9822445319212303E+00	  -6.1250000000000004E-01	
  +1.2500000000000000E+00	  +1.0000000000000000E+01	  +1.0115113021636075E+01	  +5.9176339285714290E+00	  +9.9822449685103116E+00	  -1.0874999999999999E+00	
  +1.5000000000000000E+00	  +1.0000000000000000E+01	  +1.0114823039331021E+01	  +5.9183779761904765E+00	  +9.9822454056702838E+00	  -1.5625000000000000E+00	
  +1.7500000000000000E+00	  +1.0000000000000000E+01	  +1.0114533053333977E+01	  +5.9191220238095239E+00	  +9.9822458434011327E+00	  -1.9874999999999998E+00	
  +2.0000000000000000E+00	  +1.0000000000000000E+01	  +1.0114243063654268E+01	  +5.9198660714285714E+00	  +9.9822462817028441E+00	  -2.3624999999999998E+00	
  +2.2500000000000000E+00	  +1.0000000000000000E+01	  +1.0113953070301214E+01	  +5.9206101190476197E+00	  +9.9822467205754037E+00	  -2.7374999999999998E+00	
  +2.5000000000000000E+00	  +1.0000000000000000E+01	  +1.0113663073284146E+01	  +5.9213541666666671E+00	  +9.9822471600187974E+00	  -3.1124999999999998E+00	
  +2.7500000000000000E+00	  +1.0000000000000000E+01	  +1.0113373072612381E+01	  +5.9220982142857146E+00	  +9.9822476000330109E+00	  -3.3624999999999998E+00	
  +3.0000000000000000E+00	  +1.0000000000000000E+01	  +1.0113083068295250E+01	  +5.9228422619047620E+00	  +9.9822480406180318E+00	  -3.4874999999999998E+00	
  +3.2500000000000000E+00	  +1.0000000000000000E+01	  +1.0112793060342073E+01	  +5.9235863095238095E+00	  +9.9822484817738442E+00	  -3.6124999999999998E+00	
  +3.5000000000000000E+00	  +1.0000000000000000E+01	  +1.0112503048762179E+01	  +5.9243303571428569E+00	  +9.9822489235004355E+00	  -3.7374999999999998E+00	
  +3.7500000000000000E+00	  +1.0000000000000000E+01	  +1.0112213033564888E+01	  +5.9250744047619044E+00	  +9.9822493657977880E+00	  -3.8374999999999999E+00	
  +4.0000000000000000E+00	  +1.0000000000000000E+01	  +1.0111923014759531E+01	  +5.9258184523809527E+00	  +9.9822498086658911E+00	  -3.9124999999999996E+00	
  +4.2500000000000000E+00	  +1.0000000000000000E+01	  +1.0111632992355428E+01	  +5.9265625000000002E+00	  +9.9822502521047305E+00	  -3.9874999999999998E+00	
  +4.5000000000000000E+00	  +1.0000000000000000E+01	  +1.0111342966361908E+01	  +5.9273065476190476E+00	  +9.9822506961142885E+00	  -4.0625000000000000E+00	
  +4.7500000000000000E+00	  +1.0000000000000000E+01	  +1.0111052936788294E+01	  +5.9280505952380951E+00	  +9.9822511406945544E+00	  -4.1624999999999996E+00	
  +5.0000000000000000E+00	  +1.0000000000000000E+01	  +1.0110762903643913E+01	  +5.9287946428571434E+00	  +9.9822515858455123E+00	  -4.2874999999999996E+00	
  +5.2500000000000000E+00	  +1.0000000000000000E+01	  +1.0110472866938089E+01	  +5.9295386904761909E+00	  +9.9822520315671479E+00	  -4.4124999999999996E+00	
  +5.5000000000000000E+00	  +1.0000000000000000E+01	  +1.0110182826680148E+01	  +5.9302827380952383E+00	  +9.9822524778594488E+00	  -4.5374999999999996E+00	
  +5.7500000000000000E+00	  +1.0000000000000000E+01	  +1.0109892782879419E+01	  +5.9310267857142858E+00	  +9.9822529247223972E+00	  -4.5874999999999995E+00	
  +6.0000000000000000E+00	  +1.0000000000000000E+01	  +1.0109602735545224E+01	  +5.9317708333333332E+00	  +9.9822533721559807E+00	  -4.5625000000000000E+00	
  +6.2500000000000000E+00	  +1.0000000000000000E+01	  +1.0109312684686891E+01	  +5.9325148809523807E+00	  +9.9822538201601851E+00	  -4.5374999999999996E+00	
  +6.5000000000000000E+00	  +1.0000000000000000E+01	  +1.0109022630313747E+01	  +5.9332589285714290E+00	  +9.9822542687349944E+00	  -4.5125000000000002E+00	
  +6.7500000000000000E+00	  +1.0000000000000000E+01	  +1.0108732572435116E+01	  +5.9340029761904765E+00	  +9.9822547178803962E+00	  -4.4249999999999998E+00	
  +7.0000000000000000E+00	  +1.0000000000000000E+01	  +1.0108442511060327E+01	  +5.9347470238095239E+00	  +9.9822551675963762E+00	  -4.2750000000000004E+00	
  +7.2500000000000000E+00	  +1.0000000000000000E+01	  +1.0108152446198705E+01	  +5.9354910714285714E+00	  +9.9822556178829185E+00	  -4.1250000000000000E+00	
  +7.5000000000000000E+00	  +1.0000000000000000E+01	  +1.0107862377859576E+01	  +5.9362351190476197E+00	  +9.9822560687400088E+00	  -3.9749999999999996E+00	
  +7.7500000000000000E+00	  +1.0000000000000000E+01	  +1.0107572306052269E+01	  +5.9369791666666671E+00	  +9.9822565201676330E+00	  -3.9375000000000000E+00	
  +8.0000000000000000E+00	  +1.0000000000000000E+01	  +1.0107282230786108E+01	  +5.9377232142857146E+00	  +9.9822569721657750E+00	  -4.0125000000000002E+00	
  +8.2500000000000000E+00	  +1.0000000000000000E+01	  +1.0106992152070424E+01	  +5.9384672619047620E+00	  +9.9822574247344242E+00	  -4.0875000000000004E+00	
  +8.5000000000000000E+00	  +1.0000000000000000E+01	  +1.0106702069914540E+01	  +5.9392113095238095E+00	  +9.9822578778735629E+00	  -4.1624999999999996E+00	
  +8.7500000000000000E+00	  +1.0000000000000000E+01	  +1.0106411984327787E+01	  +5.9399553571428569E+00	  +9.9822583315831768E+00	  -4.0875000000000004E+00	
  +9.0000000000000000E+00	  +1.0000000000000000E+01	  +1.0106121895319488E+01	  +5.9406994047619044E+00	  +9.9822587858632517E+00	  -3.8624999999999998E+00	
  +9.2500000000000000E+00	  +1.0000000000000000E+01	  +1.0105831802898974E+01	  +5.9414434523809527E+00	  +9.9822592407137734E+00	  -3.6375000000000002E+00	
  +9.5000000000000000E+00	  +1.0000000000000000E+01	  +1.0105541707075572E+01	  +5.9421875000000002E+00	  +9.9822596961347259E+00	  -3.4124999999999996E+00	
  +9.7500000000000000E+00	  +1.0000000000000000E+01	  +1.0105251607858607E+01	  +5.9429315476190476E+00	  +9.9822601521260967E+00	  -3.2124999999999999E+00	
  +1.0000000000000000E+01	  +1.0000000000000000E+01	  +1.0104961505257410E+01	  +5.9436755952380951E+00	  +9.9822606086878700E+00	  -3.0375000000000001E+00	
  +1.0250000000000000E+01	  +1.0000000000000000E+01	  +1.0104671399281308E+01	  +5.9444196428571434E+00	  +9.9822610658200315E+00	  -2.8624999999999998E+00	
  +1.0500000000000000E+01	  +1.0000000000000000E+01	  +1.0104381289939630E+01	  +5.9451636904761909E+00	  +9.9822615235225651E+00	  -2.6875000000000000E+00	
  +1.0750000000000000E+01	  +1.0000000000000000E+01	  +1.0104091177241701E+01	  +5.9459077380952383E+00	  +9.9822619817954568E+00	  -2.5125000000000002E+00	
  +1.1000000000000000E+01	  +1.0000000000000000E+01	  +1.0103801061196851E+01	  +5.9466517857142858E+00	  +9.9822624406386939E+00	  -2.3374999999999999E+00	
  +1.1250000000000000E+01	  +1.0000000000000000E+01	  +1.0103510941814410E+01	  +5.9473958333333332E+00	  +9.9822629000522589E+00	  -2.1625000000000001E+00	
  +1.1500000000000000E+01	  +1.0000000000000000E+01	  +1.0103220819103703E+01	  +5.9481398809523807E+00	  +9.9822633600361375E+00	  -1.9875000000000000E+00	
  +1.1750000000000000E+01	  +1.0000000000000000E+01	  +1.0102930693074059E+01	  +5.9488839285714290E+00	  +9.9822638205903154E+00	  -1.7749999999999999E+00	
  +1.2000000000000000E+01	  +1.0000000000000000E+01	  +1.0102640563734811E+01	  +5.9496279761904765E+00	  +9.9822642817147802E+00	  -1.5249999999999999E+00	
  +1.2250000000000000E+01	  +1.0000000000000000E+01	  +1.0102350431095283E+01	  +5.9503720238095239E+00	  +9.9822647434095124E+00	  -1.2749999999999999E+00	
  +1.2500000000000000E+01	  +1.0000000000000000E+01	  +1.0102060295164806E+01	  +5.9511160714285714E+00	  +9.9822652056744996E+00	  -1.0249999999999999E+00	
  +1.2750000000000000E+01	  +1.0000000000000000E+01	  +1.0101770155952707E+01	  +5.9518601190476197E+00	  +9.9822656685097275E+00	  -7.8750000000000009E-01	
  +1.3000000000000000E+01	  +1.0000000000000000E+01	  +1.0101480013468318E+01	  +5.9526041666666671E+00	  +9.9822661319151802E+00	  -5.6250000000000000E-01	
  +1.3250000000000000E+01	  +1.0000000000000000E+01	  +1.0101189867720967E+01	  +5.9533482142857146E+00	  +9.9822665958908434E+00	  -3.3750000000000002E-01	
  +1.3500000000000000E+01	  +1.0000000000000000E+01	  +1.0100899718719983E+01	  +5.9540922619047620E+00	  +9.9822670604367030E+00	  -1.1250000000000000E-01	
  +1.3750000000000000E+01	  +1.0000000000000000E+01	  +1.0100609566474693E+01	  +5.9548363095238095E+00	  +9.9822675255527411E+00	  +5.0000000000000003E-02	
  +1.4000000000000000E+01	  +1.0000000000000000E+01	  +1.0100319410994432E+01	  +5.9555803571428569E+00	  +9.9822679912389454E+00	  +1.5000000000000002E-01	
  +1.4250000000000000E+01	  +1.0000000000000000E+01	  +1.0100029252288525E+01	  +5.9563244047619044E+00	  +9.9822684574952998E+00	  +2.5000000000000000E-01	
  +1.4500000000000000E+01	  +1.0000000000000000E+01	  +1.0099739090366302E+01	  +5.9570684523809527E+00	  +9.9822689243217901E+00	  +3.5000000000000003E-01	
  +1.4750000000000000E+01	  +1.0000000000000000E+01	  +1.0099448925237096E+01	  +5.9578125000000002E+00	  +9.9822693917184004E+00	  +4.1250000000000003E-01	
  +1.5000000000000000E+01	  +1.0000000000000000E+01	  +1.0099158756910233E+01	  +5.9585565476190476E+00	  +9.9822698596851165E+00	  +4.3750000000000000E-01	
  +1.5250000000000000E+01	  +1.0000000000000000E+01	  +1.0098868585395046E+01	  +5.9593005952380951E+00	  +9.9822703282219241E+00	  +4.6250000000000002E-01	
  +1.5500000000000000E+01	  +1.0000000000000000E+01	  +1.0098578410700863E+01	  +5.9600446428571434E+00	  +9.9822707973288054E+00	  +4.8749999999999999E-01	
  +1.5750000000000000E+01	  +1.0000000000000000E+01	  +1.0098288232837016E+01	  +5.9607886904761909E+00	  +9.9822712670057481E+00	  +5.3749999999999998E-01	
  +1.6000000000000000E+01	  +1.0000000000000000E+01	  +1.0097998051812834E+01	  +5.9615327380952383E+00	  +9.9822717372527343E+00	  +6.1250000000000004E-01	
  +1.6250000000000000E+01	  +1.0000000000000000E+01	  +1.0097707867637647E+01	  +5.9622767857142858E+00	  +9.9822722080697517E+00	  +6.8750000000000000E-01	
  +1.6500000000000000E+01	  +1.0000000000000000E+01	  +1.0097417680320786E+01	  +5.9630208333333332E+00	  +9.9822726794567842E+00	  +7.6250000000000007E-01	
  +1.6750000000000000E+01	  +1.0000000000000000E+01	  +1.0097127489871585E+01	  +5.9637648809523807E+00	  +9.9822731514138159E+00	  +8.1250000000000000E-01	
  +1.7000000000000000E+01	  +1.0000000000000000E+01	  +1.0096837296299370E+01	  +5.9645089285714290E+00	  +9.9822736239408325E+00	  +8.3750000000000013E-01	
  +1.7250000000000000E+01	  +1.0000000000000000E+01	  +1.0096547099613472E+01	  +5.9652529761904765E+00	  +9.9822740970378181E+00	  +8.6250000000000004E-01	
  +1.7500000000000000E+01	  +1.0000000000000000E+01	  +1.0096256899823224E+01	  +5.9659970238095239E+00	  +9.9822745707047584E+00	  +8.8749999999999996E-01	
  +1.7750000000000000E+01	  +1.0000000000000000E+01	  +1.0095966696937957E+01	  +5.9667410714285714E+00	  +9.9822750449416358E+00	  +9.3750000000000000E-01	
  +1.8000000000000000E+01	  +1.0000000000000000E+01	  +1.0095676490967001E+01	  +5.9674851190476197E+00	  +9.9822755197484394E+00	  +1.0125000000000000E+00	
  +1.8250000000000000E+01	  +1.0000000000000000E+01	  +1.0095386281919687E+01	  +5.9682291666666671E+00	  +9.9822759951251498E+00	  +1.0874999999999999E+00	
  +1.8500000000000000E+01	  +1.0000000000000000E+01	  +1.0095096069805349E+01	  +5.9689732142857146E+00	  +9.9822764710717529E+00	  +1.1625000000000001E+00	
  +1.8750000000000000E+01	  +1.0000000000000000E+01	  +1.0094805854633314E+01	  +5.9697172619047620E+00	  +9.9822769475882343E+00	  +1.2124999999999999E+00	
  +1.9000000000000000E+01	  +1.0000000000000000E+01	  +1.0094515636412918E+01	  +5.9704613095238095E+00	  +9.9822774246745798E+00	  +1.2375000000000000E+00	
  +1.9250000000000000E+01	  +1.0000000000000000E+01	  +1.0094225415153488E+01	  +5.9712053571428569E+00	  +9.9822779023307699E+00	  +1.2625000000000000E+00	
  +1.9500000000000000E+01	  +1.0000000000000000E+01	  +1.0093935190864361E+01	  +5.9719494047619044E+00	  +9.9822783805567941E+00	  +1.2875000000000001E+00	
  +1.9750000000000000E+01	  +1.0000000000000000E+01	  +1.0093644963554864E+01	  +5.9726934523809527E+00	  +9.9822788593526326E+00	  +1.2875000000000001E+00	
  +2.0000000000000000E+01	  +1.0000000000000000E+01	  +1.0093354733234332E+01	  +5.9734375000000002E+00	  +9.9822793387182731E+00	  +1.2625000000000000E+00	
  +2.0250000000000000E+01	  +1.0000000000000000E+01	  +1.0093064499912096E+01	  +5.9741815476190476E+00	  +9.9822798186536996E+00	  +1.2375000000000000E+00	
  +2.0500000000000000E+01	  +1.0000000000000000E+01	  +1.0092774263597487E+01	  +5.9749255952380951E+00	  +9.9822802991588961E+00	  +1.2124999999999999E+00	
  +2.0750000000000000E+01	  +1.0000000000000000E+01	  +1.0092484024299837E+01	  +5.9756696428571434E+00	  +9.9822807802338467E+00	  +1.2250000000000001E+00	
  +2.1000000000000000E+01	  +1.0000000000000000E+01	  +1.0092193782028483E+01	  +5.9764136904761909E+00	  +9.9822812618785370E+00	  +1.2749999999999999E+00	
  +2.1250000000000000E+01	  +1.0000000000000000E+01	  +1.0091903536792751E+01	  +5.9771577380952383E+00	  +9.9822817440929512E+00	  +1.3249999999999997E+00	
  +2.1500000000000000E+01	  +1.0000000000000000E+01	  +1.0091613288601977E+01	  +5.9779017857142858E+00	  +9.9822822268770732E+00	  +1.3750000000000000E+00	
  +2.1750000000000000E+01	  +1.0000000000000000E+01	  +1.0091323037465493E+01	  +5.9786458333333332E+00	  +9.9822827102308871E+00	  +1.3624999999999998E+00	
  +2.2000000000000000E+01	  +1.0000000000000000E+01	  +1.0091032783392631E+01	  +5.9793898809523807E+00	  +9.9822831941543804E+00	  +1.2875000000000001E+00	
  +2.2250000000000000E+01	  +1.0000000000000000E+01	  +1.0090742526392724E+01	  +5.9801339285714290E+00	  +9.9822836786475335E+00	  +1.2124999999999999E+00	
  +2.2500000000000000E+01	  +1.0000000000000000E+01	  +1.0090452266475106E+01	  +5.9808779761904765E+00	  +9.9822841637103323E+00	  +1.1375000000000002E+00	
  +2.2750000000000000E+01	  +1.0000000000000000E+01	  +1.0090162003649109E+01	  +5.9816220238095239E+00	  +9.9822846493427626E+00	  +1.0750000000000002E+00	
  +2.3000000000000000E+01	  +1.0000000000000000E+01	  +1.0089871737924065E+01	  +5.9823660714285714E+00	  +9.9822851355448083E+00	  +1.0249999999999999E+00	
  +2.3250000000000000E+01	  +1.0000000000000000E+01	  +1.0089581469309309E+01	  +5.9831101190476197E+00	  +9.9822856223164518E+00	  +9.7500000000000009E-01	
  +2.3500000000000000E+01	  +1.0000000000000000E+01	  +1.0089291197814175E+01	  +5.9838541666666671E+00	  +9.9822861096576805E+00	  +9.2500000000000004E-01	
  +2.3750000000000000E+01	  +1.0000000000000000E+01	  +1.0089000923447992E+01	  +5.9845982142857146E+00	  +9.9822865975684767E+00	  +8.6250000000000004E-01	
  +2.4000000000000000E+01	  +1.0000000000000000E+01	  +1.0088710646220097E+01	  +5.9853422619047620E+00	  +9.9822870860488244E+00	  +7.8749999999999998E-01	
  +2.4250000000000000E+01	  +1.0000000000000000E+01	  +1.0088420366139824E+01	  +5.9860863095238095E+00	  +9.9822875750987077E+00	  +7.1250000000000002E-01	
  +2.4500000000000000E+01	  +1.0000000000000000E+01	  +1.0088130083216504E+01	  +5.9868303571428569E+00	  +9.9822880647181140E+00	  +6.3749999999999996E-01	
  +2.4750000000000000E+01	  +1.0000000000000000E+01	  +1.0087839797459472E+01	  +5.9875744047619044E+00	  +9.9822885549070239E+00	  +5.8749999999999991E-01	
  +2.5000000000000000E+01	  +1.0000000000000000E+01	  +1.0087549508878062E+01	  +5.9883184523809527E+00	  +9.9822890456654232E+00	  +5.6250000000000000E-01	
  +2.5250000000000000E+01	  +1.0000000000000000E+01	  +1.0087259217481607E+01	  +5.9890625000000002E+00	  +9.9822895369932958E+00	  +5.3750000000000009E-01	
  +2.5500000000000000E+01	  +1.0000000000000000E+01	  +1.0086968923279441E+01	  +5.9898065476190476E+00	  +9.9822900288906276E+00	  +5.1249999999999996E-01	
  +2.5750000000000000E+01	  +1.0000000000000000E+01	  +1.0086678626280900E+01	  +5.9905505952380951E+00	  +9.9822905213573989E+00	  +5.0000000000000000E-01	
  +2.6000000000000000E+01	  +1.0000000000000000E+01	  +1.0086388326495316E+01	  +5.9912946428571434E+00	  +9.9822910143935975E+00	  +5.0000000000000000E-01	
  +2.6250000000000000E+01	  +1.0000000000000000E+01	  +1.0086098023932024E+01	  +5.9920386904761909E+00	  +9.9822915079992072E+00	  +5.0000000000000000E-01	
  +2.6500000000000000E+01	  +1.0000000000000000E+01	  +1.0085807718600359E+01	  +5.9927827380952383E+00	  +9.9822920021742085E+00	  +5.0000000000000000E-01	
  +2.6750000000000000E+01	  +1.0000000000000000E+01	  +1.0085517410509654E+01	  +5.9935267857142858E+00	  +9.9822924969185909E+00	  +4.5000000000000001E-01	
  +2.7000000000000000E+01	  +1.0000000000000000E+01	  +1.0085227099669243E+01	  +5.9942708333333332E+00	  +9.9822929922323347E+00	  +3.4999999999999998E-01	
  +2.7250000000000000E+01	  +1.0000000000000000E+01	  +1.0084936786088464E+01	  +5.9950148809523807E+00	  +9.9822934881154257E+00	  +2.4999999999999997E-01	
  +2.7500000000000000E+01	  +1.0000000000000000E+01	  +1.0084646469776647E+01	  +5.9957589285714290E+00	  +9.9822939845678462E+00	  +1.5000000000000002E-01	
  +2.7750000000000000E+01	  +1.0000000000000000E+01	  +1.0084356150743131E+01	  +5.9965029761904765E+00	  +9.9822944815895820E+00	  +1.0000000000000001E-01	
  +2.8000000000000000E+01	  +1.0000000000000000E+01	  +1.0084065828997248E+01	  +5.9972470238095239E+00	  +9.9822949791806170E+00	  +1.0000000000000001E-01	
  +2.8250000000000000E+01	  +1.0000000000000000E+01	  +1.0083775504548335E+01	  +5.9979910714285714E+00	  +9.9822954773409336E+00	  +1.0000000000000001E-01	
  +2.8500000000000000E+01	  +1.0000000000000000E+01	  +1.0083485177405725E+01	  +5.9987351190476197E+00	  +9.9822959760705174E+00	  +1.0000000000000001E-01	
  +2.8750000000000000E+01	  +1.0000000000000000E+01	  +1.0083194847578755E+01	  +5.9994791666666671E+00	  +9.9822964753693526E+00	  +1.1250000000000000E-01	
  +2.9000000000000000E+01	  +1.0000000000000000E+01	  +1.0082904515076757E+01	  +6.0002232142857146E+00	  +9.9822969752374213E+00	  +1.3750000000000001E-01	
  +2.9250000000000000E+01	  +1.0000000000000000E+01	  +1.0082614179909070E+01	  +6.0009672619047620E+00	  +9.9822974756747094E+00	  +1.6250000000000003E-01	
  +2.9500000000000000E+01	  +1.0000000000000000E+01	  +1.0082323842085028E+01	  +6.0017113095238095E+00	  +9.9822979766811990E+00	  +1.8750000000000000E-01	
  +2.9750000000000000E+01	  +1.0000000000000000E+01	  +1.0082033501613965E+01	  +6.0024553571428569E+00	  +9.9822984782568742E+00	  +1.6250000000000001E-01	
  +3.0000000000000000E+01	  +1.0000000000000000E+01	  +1.0081743158505219E+01	  +6.0031994047619044E+00	  +9.9822989804017208E+00	  +8.7499999999999994E-02	
  +3.0250000000000000E+01	  +1.0000000000000000E+01	  +1.0081452812768125E+01	  +6.0039434523809527E+00	  +9.9822994831157228E+00	  +1.2499999999999983E-02	
  +3.0500000000000000E+01	  +1.0000000000000000E+01	  +1.0081162464412017E+01	  +6.0046875000000002E+00	  +9.9822999863988606E+00	  -6.2500000000000000E-02	
  +3.0750000000000000E+01	  +1.0000000000000000E+01	  +1.0080872113446233E+01	  +6.0054315476190476E+00	  +9.9823004902511201E+00	  -1.7499999999999999E-01	
  +3.1000000000000000E+01	  +1.0000000000000000E+01	  +1.0080581759880108E+01	  +6.0061755952380951E+00	  +9.9823009946724870E+00	  -3.2500000000000001E-01	
  +3.1250000000000000E+01	  +1.0000000000000000E+01	  +1.0080291403722978E+01	  +6.0069196428571434E+00	  +9.9823014996629418E+00	  -4.7499999999999998E-01	
  +3.1500000000000000E+01	  +1.0000000000000000E+01	  +1.0080001044984176E+01	  +6.0076636904761909E+00	  +9.9823020052224685E+00	  -6.2500000000000000E-01	
  +3.1750000000000000E+01	  +1.0000000000000000E+01	  +1.0079710683673044E+01	  +6.0084077380952383E+00	  +9.9823025113510546E+00	  -8.4999999999999998E-01	
  +3.2000000000000000E+01	  +1.0000000000000000E+01	  +1.0079420319798913E+01	  +6.0091517857142858E+00	  +9.9823030180486789E+00	  -1.1499999999999999E+00	
  +3.2250000000000000E+01	  +1.0000000000000000E+01	  +1.0079129953371122E+01	  +6.0098958333333332E+00	  +9.9823035253153289E+00	  -1.4499999999999997E+00	
  +3.2500000000000000E+01	  +1.0000000000000000E+01	  +1.0078839584399008E+01	  +6.0106398809523807E+00	  +9.9823040331509869E+00	  -1.7500000000000000E+00	
  +3.2750000000000000E+01	  +1.0000000000000000E+01	  +1.0078549212891906E+01	  +6.0113839285714290E+00	  +9.9823045415556351E+00	  -1.8624999999999998E+00	
  +3.3000000000000000E+01	  +1.0000000000000000E+01	  +1.0078258838859151E+01	  +6.0121279761904765E+00	  +9.9823050505292592E+00	  -1.7875000000000001E+00	
  +3.3250000000000000E+01	  +1.0000000000000000E+01	  +1.0077968462310084E+01	  +6.0128720238095239E+00	  +9.9823055600718416E+00	  -1.7124999999999999E+00	
  +3.3500000000000000E+01	  +1.0000000000000000E+01	  +1.0077678083254037E+01	  +6.0136160714285714E+00	  +9.9823060701833679E+00	  -1.6375000000000002E+00	
  +3.3750000000000000E+01	  +1.0000000000000000E+01	  +1.0077387701700349E+01	  +6.0143601190476197E+00	  +9.9823065808638187E+00	  -1.5000000000000000E+00	
  +3.4000000000000000E+01	  +1.0000000000000000E+01	  +1.0077097317658358E+01	  +6.0151041666666671E+00	  +9.9823070921131798E+00	  -1.3000000000000003E+00	
  +3.4250000000000000E+01	  +1.0000000000000000E+01	  +1.0076806931137398E+01	  +6.0158482142857146E+00	  +9.9823076039314351E+00	  -1.1000000000000001E+00	
  +3.4500000000000000E+01	  +1.0000000000000000E+01	  +1.0076516542146809E+01	  +6.0165922619047620E+00	  +9.9823081163185670E+00	  -9.0000000000000002E-01	
  +3.4750000000000000E+01	  +1.0000000000000000E+01	  +1.0076226150695927E+01	  +6.0173363095238095E+00	  +9.9823086292745575E+00	  -6.1250000000000004E-01	
  +3.5000000000000000E+01	  +1.0000000000000000E+01	  +1.0075935756794088E+01	  +6.0180803571428569E+00	  +9.9823091427993926E+00	  -2.3750000000000004E-01	
  +3.5250000000000000E+01	  +1.0000000000000000E+01	  +1.0075645360450629E+01	  +6.0188244047619044E+00	  +9.9823096568930563E+00	  +1.3749999999999996E-01	
  +3.5500000000000000E+01	  +1.0000000000000000E+01	  +1.0075354961674890E+01	  +6.0195684523809527E+00	  +9.9823101715555289E+00	  +5.1249999999999996E-01	
  +3.5750000000000000E+01	  +1.0000000000000000E+01	  +1.0075064560476207E+01	  +6.0203125000000002E+00	  +9.9823106867867963E+00	  +6.8750000000000000E-01	
  +3.6000000000000000E+01	  +1.0000000000000000E+01	  +1.0074774156863917E+01	  +6.0210565476190476E+00	  +9.9823112025868408E+00	  +6.6249999999999987E-01	
  +3.6250000000000000E+01	  +1.0000000000000000E+01	  +1.0074483750847358E+01	  +6.0218005952380951E+00	  +9.9823117189556481E+00	  +6.3749999999999996E-01	
  +3.6500000000000000E+01	  +1.0000000000000000E+01	  +1.0074193342435867E+01	  +6.0225446428571434E+00	  +9.9823122358931986E+00	  +6.1250000000000004E-01	
  +3.6750000000000000E+01	  +1.0000000000000000E+01	  +1.0073902931638784E+01	  +6.0232886904761909E+00	  +9.9823127533994764E+00	  +6.8750000000000000E-01	
  +3.7000000000000000E+01	  +1.0000000000000000E+01	  +1.0073612518465444E+01	  +6.0240327380952383E+00	  +9.9823132714744673E+00	  +8.6250000000000004E-01	
  +3.7250000000000000E+01	  +1.0000000000000000E+01	  +1.0073322102925186E+01	  +6.0247767857142858E+00	  +9.9823137901181518E+00	  +1.0375000000000001E+00	
  +3.7500000000000000E+01	  +1.0000000000000000E+01	  +1.0073031685027347E+01	  +6.0255208333333332E+00	  +9.9823143093305138E+00	  +1.2124999999999999E+00	
  +3.7750000000000000E+01	  +1.0000000000000000E+01	  +1.0072741264781268E+01	  +6.0262648809523807E+00	  +9.9823148291115356E+00	  +1.2124999999999999E+00	
  +3.8000000000000000E+01	  +1.0000000000000000E+01	  +1.0072450842196284E+01	  +6.0270089285714290E+00	  +9.9823153494612047E+00	  +1.0375000000000001E+00	
  +3.8250000000000000E+01	  +1.0000000000000000E+01	  +1.0072160417281735E+01	  +6.0277529761904765E+00	  +9.9823158703794999E+00	  +8.6250000000000004E-01	
  +3.8500000000000000E+01	  +1.0000000000000000E+01	  +1.0071869990046956E+01	  +6.0284970238095239E+00	  +9.9823163918664051E+00	  +6.8750000000000000E-01	
  +3.8750000000000000E+01	  +1.0000000000000000E+01	  +1.0071579560501290E+01	  +6.0292410714285714E+00	  +9.9823169139219061E+00	  +4.6249999999999997E-01	
  +3.9000000000000000E+01	  +1.0000000000000000E+01	  +1.0071289128654072E+01	  +6.0299851190476197E+00	  +9.9823174365459835E+00	  +1.8749999999999994E-01	
  +3.9250000000000000E+01	  +1.0000000000000000E+01	  +1.0070998694514643E+01	  +6.0307291666666671E+00	  +9.9823179597386229E+00	  -8.7500000000000078E-02	
  +3.9500000000000000E+01	  +1.0000000000000000E+01	  +1.0070708258092340E+01	  +6.0314732142857146E+00	  +9.9823184834998049E+00	  -3.6249999999999999E-01	
  +3.9750000000000000E+01	  +1.0000000000000000E+01	  +1.0070417819396500E+01	  +6.0322172619047620E+00	  +9.9823190078295152E+00	  -6.6249999999999998E-01	
  +4.0000000000000000E+01	  +1.0000000000000000E+01	  +1.0070127378436466E+01	  +6.0329613095238095E+00	  +9.9823195327277343E+00	  -9.8749999999999993E-01	
  +4.0250000000000000E+01	  +1.0000000000000000E+01	  +1.0069836935221572E+01	  +6.0337053571428569E+00	  +9.9823200581944462E+00	  -1.3125000000000000E+00	
  +4.0500000000000000E+01	  +1.0000000000000000E+01	  +1.0069546489761160E+01	  +6.0344494047619044E+00	  +9.9823205842296350E+00	  -1.6375000000000002E+00	
  +4.0750000000000000E+01	  +1.0000000000000000E+01	  +1.0069256042064570E+01	  +6.0351934523809527E+00	  +9.9823211108332828E+00	  -1.8875000000000002E+00	
  +4.1000000000000000E+01	  +1.0000000000000000E+01	  +1.0068965592141137E+01	  +6.0359375000000002E+00	  +9.9823216380053736E+00	  -2.0625000000000000E+00	
  +4.1250000000000000E+01	  +1.0000000000000000E+01	  +1.0068675140000201E+01	  +6.0366815476190476E+00	  +9.9823221657458898E+00	  -2.2374999999999998E+00	
  +4.1500000000000000E+01	  +1.0000000000000000E+01	  +1.0068384685651104E+01	  +6.0374255952380951E+00	  +9.9823226940548153E+00	  -2.4125000000000001E+00	
  +4.1750000000000000E+01	  +1.0000000000000000E+01	  +1.0068094229103183E+01	  +6.0381696428571434E+00	  +9.9823232229321324E+00	  -2.6250000000000000E+00	
  +4.2000000000000000E+01	  +1.0000000000000000E+01	  +1.0067803770365776E+01	  +6.0389136904761909E+00	  +9.9823237523778232E+00	  -2.8750000000000000E+00	
  +4.2250000000000000E+01	  +1.0000000000000000E+01	  +1.0067513309448227E+01	  +6.0396577380952383E+00	  +9.9823242823918719E+00	  -3.1250000000000000E+00	
  +4.2500000000000000E+01	  +1.0000000000000000E+01	  +1.0067222846359870E+01	  +6.0404017857142858E+00	  +9.9823248129742606E+00	  -3.3750000000000000E+00	
  +4.2750000000000000E+01	  +1.0000000000000000E+01	  +1.0066932381110048E+01	  +6.0411458333333332E+00	  +9.9823253441249733E+00	  -3.5125000000000002E+00	
  +4.3000000000000000E+01	  +1.0000000000000000E+01	  +1.0066641913708098E+01	  +6.0418898809523807E+00	  +9.9823258758439906E+00	  -3.5374999999999996E+00	
  +4.3250000000000000E+01	  +1.0000000000000000E+01	  +1.0066351444163363E+01	  +6.0426339285714290E+00	  +9.9823264081312999E+00	  -3.5625000000000000E+00	
  +4.3500000000000000E+01	  +1.0000000000000000E+01	  +1.0066060972485179E+01	  +6.0433779761904765E+00	  +9.9823269409868800E+00	  -3.5875000000000004E+00	
  +4.3750000000000000E+01	  +1.0000000000000000E+01	  +1.0065770498682889E+01	  +6.0441220238095239E+00	  +9.9823274744107149E+00	  -3.6375000000000002E+00	
  +4.4000000000000000E+01	  +1.0000000000000000E+01	  +1.0065480022765829E+01	  +6.0448660714285714E+00	  +9.9823280084027868E+00	  -3.7124999999999999E+00	
  +4.4250000000000000E+01	  +1.0000000000000000E+01	  +1.0065189544743344E+01	  +6.0456101190476197E+00	  +9.9823285429630815E+00	  -3.7875000000000001E+00	
  +4.4500000000000000E+01	  +1.0000000000000000E+01	  +1.0064899064624770E+01	  +6.0463541666666671E+00	  +9.9823290780915777E+00	  -3.8624999999999998E+00	
  +4.4750000000000000E+01	  +1.0000000000000000E+01	  +1.0064608582419448E+01	  +6.0470982142857146E+00	  +9.9823296137882611E+00	  -3.9874999999999998E+00	
  +4.5000000000000000E+01	  +1.0000000000000000E+01	  +1.0064318098136717E+01	  +6.0478422619047620E+00	  +9.9823301500531141E+00	  -4.1624999999999996E+00	
  +4.5250000000000000E+01	  +1.0000000000000000E+01	  +1.0064027611785919E+01	  +6.0485863095238095E+00	  +9.9823306868861188E+00	  -4.3375000000000004E+00	
  +4.5500000000000000E+01	  +1.0000000000000000E+01	  +1.0063737123376395E+01	  +6.0493303571428569E+00	  +9.9823312242872575E+00	  -4.5124999999999993E+00	
  +4.5750000000000000E+01	  +1.0000000000000000E+01	  +1.0063446632917483E+01	  +6.0500744047619044E+00	  +9.9823317622565142E+00	  -4.6499999999999995E+00	
  +4.6000000000000000E+01	  +1.0000000000000000E+01	  +1.0063156140418524E+01	  +6.0508184523809527E+00	  +9.9823323007938694E+00	  -4.7500000000000000E+00	
  +4.6250000000000000E+01	  +1.0000000000000000E+01	  +1.0062865645888857E+01	  +6.0515625000000002E+00	  +9.9823328398993088E+00	  -4.8499999999999996E+00	
  +4.6500000000000000E+01	  +1.0000000000000000E+01	  +1.0062575149337828E+01	  +6.0523065476190476E+00	  +9.9823333795728129E+00	  -4.9500000000000002E+00	
  +4.6750000000000000E+01	  +1.0000000000000000E+01	  +1.0062284650774771E+01	  +6.0530505952380951E+00	  +9.9823339198143639E+00	  -5.0750000000000002E+00	
  +4.7000000000000000E+01	  +1.0000000000000000E+01	  +1.0061994150209030E+01	  +6.0537946428571434E+00	  +9.9823344606239477E+00	  -5.2249999999999996E+00	
  +4.7250000000000000E+01	  +1.0000000000000000E+01	  +1.0061703647649946E+01	  +6.0545386904761909E+00	  +9.9823350020015429E+00	  -5.3750000000000000E+00	
  +4.7500000000000000E+01	  +1.0000000000000000E+01	  +1.0061413143106858E+01	  +6.0552827380952383E+00	  +9.9823355439471353E+00	  -5.5249999999999995E+00	
  +4.7750000000000000E+01	  +1.0000000000000000E+01	  +1.0061122636589106E+01	  +6.0560267857142858E+00	  +9.9823360864607054E+00	  -5.6124999999999998E+00	
  +4.8000000000000000E+01	  +1.0000000000000000E+01	  +1.0060832128106034E+01	  +6.0567708333333332E+00	  +9.9823366295422371E+00	  -5.6375000000000002E+00	
  +4.8250000000000000E+01	  +1.0000000000000000E+01	  +1.0060541617666981E+01	  +6.0575148809523807E+00	  +9.9823371731917110E+00	  -5.6624999999999996E+00	
  +4.8500000000000000E+01	  +1.0000000000000000E+01	  +1.0060251105281289E+01	  +6.0582589285714290E+00	  +9.9823377174091110E+00	  -5.6875000000000000E+00	
  +4.8750000000000000E+01	  +1.0000000000000000E+01	  +1.0059960590958298E+01	  +6.0590029761904765E+00	  +9.9823382621944212E+00	  -5.7874999999999996E+00	
  +4.9000000000000000E+01	  +1.0000000000000000E+01	  +1.0059670074707350E+01	  +6.0597470238095239E+00	  +9.9823388075476203E+00	  -5.9625000000000004E+00	
  +4.9250000000000000E+01	  +1.0000000000000000E+01	  +1.0059379556537785E+01	  +6.0604910714285714E+00	  +9.9823393534686939E+00	  -6.1375000000000011E+00	
  +4.9500000000000000E+01	  +1.0000000000000000E+01	  +1.0059089036458944E+01	  +6.0612351190476197E+00	  +9.9823398999576227E+00	  -6.3125000000000000E+00	
  +4.9750000000000000E+01	  +1.0000000000000000E+01	  +1.0058798514480172E+01	  +6.0619791666666671E+00	  +9.9823404470143906E+00	  -6.4125000000000005E+00	
  +5.0000000000000000E+01	  +1.0000000000000000E+01	  +1.0058507990610806E+01	  +6.0627232142857146E+00	  +9.9823409946389798E+00	  -6.4375000000000000E+00	
  +5.0250000000000000E+01	  +1.0000000000000000E+01	  +1.0058217464860189E+01	  +6.0634672619047620E+00	  +9.9823415428313709E+00	  -6.4625000000000004E+00	
  +5.0500000000000000E+01	  +1.0000000000000000E+01	  +1.0057926937237664E+01	  +6.0642113095238095E+00	  +9.9823420915915477E+00	  -6.4874999999999998E+00	
  +5.0750000000000000E+01	  +1.0000000000000000E+01	  +1.0057636407752568E+01	  +6.0649553571428569E+00	  +9.9823426409194926E+00	  -6.5875000000000004E+00	
  +5.1000000000000000E+01	  +1.0000000000000000E+01	  +1.0057345876414248E+01	  +6.0656994047619044E+00	  +9.9823431908151878E+00	  -6.7624999999999993E+00	
  +5.1250000000000000E+01	  +1.0000000000000000E+01	  +1.0057055343232044E+01	  +6.0664434523809527E+00	  +9.9823437412786156E+00	  -6.9375000000000000E+00	
  +5.1500000000000000E+01	  +1.0000000000000000E+01	  +1.0056764808215295E+01	  +6.0671875000000002E+00	  +9.9823442923097581E+00	  -7.1125000000000007E+00	
  +5.1750000000000000E+01	  +1.0000000000000000E+01	  +1.0056474271373347E+01	  +6.0679315476190476E+00	  +9.9823448439085976E+00	  -7.2125000000000004E+00	
  +5.2000000000000000E+01	  +1.0000000000000000E+01	  +1.0056183732715539E+01	  +6.0686755952380951E+00	  +9.9823453960751163E+00	  -7.2374999999999998E+00	
  +5.2250000000000000E+01	  +1.0000000000000000E+01	  +1.0055893192251213E+01	  +6.0694196428571434E+00	  +9.9823459488092965E+00	  -7.2625000000000002E+00	
  +5.2500000000000000E+01	  +1.0000000000000000E+01	  +1.0055602649989712E+01	  +6.0701636904761909E+00	  +9.9823465021111222E+00	  -7.2874999999999996E+00	
  +5.2750000000000000E+01	  +1.0000000000000000E+01	  +1.0055312105940379E+01	  +6.0709077380952383E+00	  +9.9823470559805720E+00	  -7.2750000000000004E+00	
  +5.3000000000000000E+01	  +1.0000000000000000E+01	  +1.0055021560112554E+01	  +6.0716517857142858E+00	  +9.9823476104176301E+00	  -7.2249999999999996E+00	
  +5.3250000000000000E+01	  +1.0000000000000000E+01	  +1.0054731012515578E+01	  +6.0723958333333332E+00	  +9.9823481654222803E+00	  -7.1749999999999989E+00	
  +5.3500000000000000E+01	  +1.0000000000000000E+01	  +1.0054440463158798E+01	  +6.0731398809523807E+00	  +9.9823487209945014E+00	  -7.1250000000000000E+00	
  +5.3750000000000000E+01	  +1.0000000000000000E+01	  +1.0054149912051551E+01	  +6.0738839285714290E+00	  +9.9823492771342774E+00	  -7.0000000000000000E+00	
  +5.4000000000000000E+01	  +1.0000000000000000E+01	  +1.0053859359203182E+01	  +6.0746279761904765E+00	  +9.9823498338415906E+00	  -6.7999999999999989E+00	
  +5.4250000000000000E+01	  +1.0000000000000000E+01	  +1.0053568804623035E+01	  +6.0753720238095239E+00	  +9.9823503911164231E+00	  -6.5999999999999996E+00	
  +5.4500000000000000E+01	  +1.0000000000000000E+01	  +1.0053278248320447E+01	  +6.0761160714285714E+00	  +9.9823509489587554E+00	  -6.4000000000000004E+00	
  +5.4750000000000000E+01	  +1.0000000000000000E+01	  +1.0052987690304766E+01	  +6.0768601190476197E+00	  +9.9823515073685716E+00	  -6.2249999999999996E+00	
  +5.5000000000000000E+01	  +1.0000000000000000E+01	  +1.0052697130585333E+01	  +6.0776041666666671E+00	  +9.9823520663458520E+00	  -6.0750000000000002E+00	
  +5.5250000000000000E+01	  +1.0000000000000000E+01	  +1.0052406569171490E+01	  +6.0783482142857146E+00	  +9.9823526258905808E+00	  -5.9249999999999998E+00	
  +5.5500000000000000E+01	  +1.0000000000000000E+01	  +1.0052116006072579E+01	  +6.0790922619047620E+00	  +9.9823531860027384E+00	  -5.7750000000000004E+00	
  +5.5750000000000000E+01	  +1.0000000000000000E+01	  +1.0051825441297943E+01	  +6.0798363095238095E+00	  +9.9823537466823069E+00	  -5.6375000000000002E+00	
  +5.6000000000000000E+01	  +1.0000000000000000E+01	  +1.0051534874856925E+01	  +6.0805803571428569E+00	  +9.9823543079292687E+00	  -5.5125000000000002E+00	
  +5.6250000000000000E+01	  +1.0000000000000000E+01	  +1.0051244306758868E+01	  +6.0813244047619044E+00	  +9.9823548697436042E+00	  -5.3875000000000002E+00	
  +5.6500000000000000E+01	  +1.0000000000000000E+01	  +1.0050953737013115E+01	  +6.0820684523809527E+00	  +9.9823554321252992E+00	  -5.2625000000000002E+00	
  +5.6750000000000000E+01	  +1.0000000000000000E+01	  +1.0050663165629008E+01	  +6.0828125000000002E+00	  +9.9823559950743306E+00	  -5.1375000000000002E+00	
  +5.7000000000000000E+01	  +1.0000000000000000E+01	  +1.0050372592615890E+01	  +6.0835565476190476E+00	  +9.9823565585906842E+00	  -5.0125000000000002E+00	
  +5.7250000000000000E+01	  +1.0000000000000000E+01	  +1.0050082017983106E+01	  +6.0843005952380951E+00	  +9.9823571226743404E+00	  -4.8875000000000002E+00	
  +5.7500000000000000E+01	  +1.0000000000000000E+01	  +1.0049791441739998E+01	  +6.0850446428571434E+00	  +9.9823576873252815E+00	  -4.7625000000000002E+00	
  +5.7750000000000000E+01	  +1.0000000000000000E+01	  +1.0049500863895908E+01	  +6.0857886904761909E+00	  +9.9823582525434880E+00	  -4.6624999999999996E+00	
  +5.8000000000000000E+01	  +1.0000000000000000E+01	  +1.0049210284460180E+01	  +6.0865327380952383E+00	  +9.9823588183289438E+00	  -4.5875000000000004E+00	
  +5.8250000000000000E+01	  +1.0000000000000000E+01	  +1.0048919703442158E+01	  +6.0872767857142858E+00	  +9.9823593846816294E+00	  -4.5125000000000011E+00	
  +5.8500000000000000E+01	  +1.0000000000000000E+01	  +1.0048629120851182E+01	  +6.0880208333333332E+00	  +9.9823599516015253E+00	  -4.4375000000000000E+00	
  +5.8750000000000000E+01	  +1.0000000000000000E+01	  +1.0048338536696599E+01	  +6.0887648809523807E+00	  +9.9823605190886173E+00	  -4.3125000000000000E+00	
  +5.9000000000000000E+01	  +1.0000000000000000E+01	  +1.0048047950987751E+01	  +6.0895089285714290E+00	  +9.9823610871428823E+00	  -4.1375000000000011E+00	
  +5.9250000000000000E+01	  +1.0000000000000000E+01	  +1.0047757363733982E+01	  +6.0902529761904765E+00	  +9.9823616557643060E+00	  -3.9625000000000004E+00	
  +5.9500000000000000E+01	  +1.0000000000000000E+01	  +1.0047466774944636E+01	  +6.0909970238095239E+00	  +9.9823622249528672E+00	  -3.7875000000000001E+00	
  +5.9750000000000000E+01	  +1.0000000000000000E+01	  +1.0047176184629054E+01	  +6.0917410714285714E+00	  +9.9823627947085498E+00	  -3.6125000000000003E+00	
  +6.0000000000000000E+01	  +1.0000000000000000E+01	  +1.0046885592796581E+01	  +6.0924851190476197E+00	  +9.9823633650313344E+00	  -3.4375000000000000E+00	
  +6.0250000000000000E+01	  +1.0000000000000000E+01	  +1.0046594999456561E+01	  +6.0932291666666671E+00	  +9.9823639359212031E+00	  -3.2625000000000002E+00	
  +6.0500000000000000E+01	  +1.0000000000000000E+01	  +1.0046304404618338E+01	  +6.0939732142857146E+00	  +9.9823645073781364E+00	  -3.0874999999999999E+00	
  +6.0750000000000000E+01	  +1.0000000000000000E+01	  +1.0046013808291253E+01	  +6.0947172619047620E+00	  +9.9823650794021184E+00	  -2.9125000000000001E+00	
  +6.1000000000000000E+01	  +1.0000000000000000E+01	  +1.0045723210484654E+01	  +6.0954613095238095E+00	  +9.9823656519931276E+00	  -2.7374999999999998E+00	
  +6.1250000000000000E+01	  +1.0000000000000000E+01	  +1.0045432611207882E+01	  +6.0962053571428569E+00	  +9.9823662251511465E+00	  -2.5625000000000000E+00	
  +6.1500000000000000E+01	  +1.0000000000000000E+01	  +1.0045142010470281E+01	  +6.0969494047619044E+00	  +9.9823667988761589E+00	  -2.3874999999999997E+00	
  +6.1750000000000000E+01	  +1.0000000000000000E+01	  +1.0044851408281197E+01	  +6.0976934523809527E+00	  +9.9823673731681435E+00	  -2.2624999999999997E+00	
  +6.2000000000000000E+01	  +1.0000000000000000E+01	  +1.0044560804649970E+01	  +6.0984375000000002E+00	  +9.9823679480270844E+00	  -2.1875000000000000E+00	
  +6.2250000000000000E+01	  +1.0000000000000000E+01	  +1.0044270199585949E+01	  +6.0991815476190476E+00	  +9.9823685234529620E+00	  -2.1124999999999998E+00	
  +6.2500000000000000E+01	  +1.0000000000000000E+01	  +1.0043979593098472E+01	  +6.0999255952380951E+00	  +9.9823690994457550E+00	  -2.0375000000000001E+00	
  +6.2750000000000000E+01	  +1.0000000000000000E+01	  +1.0043688985196889E+01	  +6.1006696428571434E+00	  +9.9823696760054492E+00	  -1.9500000000000000E+00	
  +6.3000000000000000E+01	  +1.0000000000000000E+01	  +1.0043398375890540E+01	  +6.1014136904761909E+00	  +9.9823702531320251E+00	  -1.8500000000000001E+00	
  +6.3250000000000000E+01	  +1.0000000000000000E+01	  +1.0043107765188772E+01	  +6.1021577380952383E+00	  +9.9823708308254631E+00	  -1.7500000000000000E+00	
  +6.3500000000000000E+01	  +1.0000000000000000E+01	  +1.0042817153100927E+01	  +6.1029017857142858E+00	  +9.9823714090857436E+00	  -1.6500000000000001E+00	
  +6.3750000000000000E+01	  +1.0000000000000000E+01	  +1.0042526539636352E+01	  +6.1036458333333332E+00	  +9.9823719879128490E+00	  -1.6250000000000000E+00	
  +6.4000000000000000E+01	  +1.0000000000000000E+01	  +1.0042235924804388E+01	  +6.1043898809523807E+00	  +9.9823725673067631E+00	  -1.6750000000000003E+00	
  +6.4250000000000000E+01	  +1.0000000000000000E+01	  +1.0041945308614382E+01	  +6.1051339285714290E+00	  +9.9823731472674631E+00	  -1.7250000000000001E+00	
  +6.4500000000000000E+01	  +1.0000000000000000E+01	  +1.0041654691075676E+01	  +6.1058779761904765E+00	  +9.9823737277949345E+00	  -1.7749999999999999E+00	
  +6.4750000000000000E+01	  +1.0000000000000000E+01	  +1.0041364072197617E+01	  +6.1066220238095239E+00	  +9.9823743088891543E+00	  -1.8125000000000000E+00	
  +6.5000000000000000E+01	  +1.0000000000000000E+01	  +1.0041073451989547E+01	  +6.1073660714285714E+00	  +9.9823748905501066E+00	  -1.8374999999999999E+00	
  +6.5250000000000000E+01	  +1.0000000000000000E+01	  +1.0040782830460811E+01	  +6.1081101190476197E+00	  +9.9823754727777736E+00	  -1.8625000000000000E+00	
  +6.5500000000000000E+01	  +1.0000000000000000E+01	  +1.0040492207620757E+01	  +6.1088541666666671E+00	  +9.9823760555721339E+00	  -1.8875000000000000E+00	
  +6.5750000000000000E+01	  +1.0000000000000000E+01	  +1.0040201583478726E+01	  +6.1095982142857146E+00	  +9.9823766389331698E+00	  -1.8999999999999999E+00	
  +6.6000000000000000E+01	  +1.0000000000000000E+01	  +1.0039910958044063E+01	  +6.1103422619047620E+00	  +9.9823772228608636E+00	  -1.8999999999999999E+00	
  +6.6250000000000000E+01	  +1.0000000000000000E+01	  +1.0039620331326114E+01	  +6.1110863095238095E+00	  +9.9823778073551956E+00	  -1.8999999999999999E+00	
  +6.6500000000000000E+01	  +1.0000000000000000E+01	  +1.0039329703334221E+01	  +6.1118303571428569E+00	  +9.9823783924161464E+00	  -1.8999999999999999E+00	
  +6.6750000000000000E+01	  +1.0000000000000000E+01	  +1.0039039074077733E+01	  +6.1125744047619044E+00	  +9.9823789780436982E+00	  -1.9375000000000000E+00	
  +6.7000000000000000E+01	  +1.0000000000000000E+01	  +1.0038748443565993E+01	  +6.1133184523809527E+00	  +9.9823795642378315E+00	  -2.0125000000000002E+00	
  +6.7250000000000000E+01	  +1.0000000000000000E+01	  +1.0038457811808344E+01	  +6.1140625000000002E+00	  +9.9823801509985284E+00	  -2.0874999999999999E+00	
  +6.7500000000000000E+01	  +1.0000000000000000E+01	  +1.0038167178814133E+01	  +6.1148065476190476E+00	  +9.9823807383257677E+00	  -2.1625000000000001E+00	
  +6.7750000000000000E+01	  +1.0000000000000000E+01	  +1.0037876544592704E+01	  +6.1155505952380951E+00	  +9.9823813262195333E+00	  -2.2125000000000004E+00	
  +6.8000000000000000E+01	  +1.0000000000000000E+01	  +1.0037585909153403E+01	  +6.1162946428571434E+00	  +9.9823819146798058E+00	  -2.2374999999999998E+00	
  +6.8250000000000000E+01	  +1.0000000000000000E+01	  +1.0037295272505574E+01	  +6.1170386904761909E+00	  +9.9823825037065657E+00	  -2.2625000000000002E+00	
  +6.8500000000000000E+01	  +1.0000000000000000E+01	  +1.0037004634658562E+01	  +6.1177827380952383E+00	  +9.9823830932997932E+00	  -2.2874999999999996E+00	
  +6.8750000000000000E+01	  +1.0000000000000000E+01	  +1.0036713995621712E+01	  +6.1185267857142858E+00	  +9.9823836834594708E+00	  -2.3750000000000000E+00	
  +6.9000000000000000E+01	  +1.0000000000000000E+01	  +1.0036423355404370E+01	  +6.1192708333333332E+00	  +9.9823842741855788E+00	  -2.5249999999999995E+00	
  +6.9250000000000000E+01	  +1.0000000000000000E+01	  +1.0036132714015881E+01	  +6.1200148809523807E+00	  +9.9823848654780978E+00	  -2.6749999999999998E+00	
  +6.9500000000000000E+01	  +1.0000000000000000E+01	  +1.0035842071465591E+01	  +6.1207589285714290E+00	  +9.9823854573370099E+00	  -2.8250000000000002E+00	
  +6.9750000000000000E+01	  +1.0000000000000000E+01	  +1.0035551427762844E+01	  +6.1215029761904765E+00	  +9.9823860497622956E+00	  -2.9874999999999998E+00	
  +7.0000000000000000E+01	  +1.0000000000000000E+01	  +1.0035260782916984E+01	  +6.1222470238095239E+00	  +9.9823866427539354E+00	  -3.1625000000000001E+00	
  +7.0250000000000000E+01	  +1.0000000000000000E+01	  +1.0034970136937359E+01	  +6.1229910714285714E+00	  +9.9823872363119115E+00	  -3.3374999999999999E+00	
  +7.0500000000000000E+01	  +1.0000000000000000E+01	  +1.0034679489833312E+01	  +6.1237351190476197E+00	  +9.9823878304362026E+00	  -3.5125000000000002E+00	
  +7.0750000000000000E+01	  +1.0000000000000000E+01	  +1.0034388841614192E+01	  +6.1244791666666671E+00	  +9.9823884251267909E+00	  -3.6875000000000000E+00	
  +7.1000000000000000E+01	  +1.0000000000000000E+01	  +1.0034098192289340E+01	  +6.1252232142857146E+00	  +9.9823890203836587E+00	  -3.8624999999999998E+00	
  +7.1250000000000000E+01	  +1.0000000000000000E+01	  +1.0033807541868104E+01	  +6.1259672619047620E+00	  +9.9823896162067847E+00	  -4.0374999999999996E+00	
  +7.1500000000000000E+01	  +1.0000000000000000E+01	  +1.0033516890359829E+01	  +6.1267113095238095E+00	  +9.9823902125961492E+00	  -4.2125000000000004E+00	
  +7.1750000000000000E+01	  +1.0000000000000000E+01	  +1.0033226237773860E+01	  +6.1274553571428569E+00	  +9.9823908095517364E+00	  -4.2374999999999998E+00	
  +7.2000000000000000E+01	  +1.0000000000000000E+01	  +1.0032935584119544E+01	  +6.1281994047619044E+00	  +9.9823914070735231E+00	  -4.1124999999999998E+00	
  +7.2250000000000000E+01	  +1.0000000000000000E+01	  +1.0032644929406224E+01	  +6.1289434523809527E+00	  +9.9823920051614934E+00	  -3.9874999999999998E+00	
  +7.2500000000000000E+01	  +1.0000000000000000E+01	  +1.0032354273643250E+01	  +6.1296875000000002E+00	  +9.9823926038156259E+00	  -3.8624999999999998E+00	
  +7.2750000000000000E+01	  +1.0000000000000000E+01	  +1.0032063616839963E+01	  +6.1304315476190476E+00	  +9.9823932030359011E+00	  -3.8125000000000000E+00	
  +7.3000000000000000E+01	  +1.0000000000000000E+01	  +1.0031772959005711E+01	  +6.1311755952380951E+00	  +9.9823938028223029E+00	  -3.8374999999999995E+00	
  +7.3250000000000000E+01	  +1.0000000000000000E+01	  +1.0031482300149840E+01	  +6.1319196428571434E+00	  +9.9823944031748084E+00	  -3.8624999999999998E+00	
  +7.3500000000000000E+01	  +1.0000000000000000E+01	  +1.0031191640281694E+01	  +6.1326636904761909E+00	  +9.9823950040933997E+00	  -3.8875000000000002E+00	
  +7.3750000000000000E+01	  +1.0000000000000000E+01	  +1.0030900979410621E+01	  +6.1334077380952383E+00	  +9.9823956055780592E+00	  -3.9124999999999996E+00	
  +7.4000000000000000E+01	  +1.0000000000000000E+01	  +1.0030610317545966E+01	  +6.1341517857142858E+00	  +9.9823962076287636E+00	  -3.9375000000000000E+00	
  +7.4250000000000000E+01	  +1.0000000000000000E+01	  +1.0030319654697074E+01	  +6.1348958333333332E+00	  +9.9823968102454970E+00	  -3.9625000000000004E+00	
  +7.4500000000000000E+01	  +1.0000000000000000E+01	  +1.0030028990873292E+01	  +6.1356398809523807E+00	  +9.9823974134282381E+00	  -3.9874999999999998E+00	
  +7.4750000000000000E+01	  +1.0000000000000000E+01	  +1.0029738326083967E+01	  +6.1363839285714290E+00	  +9.9823980171769691E+00	  -3.9500000000000002E+00	
  +7.5000000000000000E+01	  +1.0000000000000000E+01	  +1.0029447660338441E+01	  +6.1371279761904765E+00	  +9.9823986214916705E+00	  -3.8499999999999996E+00	
  +7.5250000000000000E+01	  +1.0000000000000000E+01	  +1.0029156993646064E+01	  +6.1378720238095239E+00	  +9.9823992263723209E+00	  -3.7500000000000000E+00	
  +7.5500000000000000E+01	  +1.0000000000000000E+01	  +1.0028866326016180E+01	  +6.1386160714285714E+00	  +9.9823998318189027E+00	  -3.6500000000000004E+00	
  +7.5750000000000000E+01	  +1.0000000000000000E+01	  +1.0028575657458136E+01	  +6.1393601190476197E+00	  +9.9824004378313944E+00	  -3.5875000000000004E+00	
  +7.6000000000000000E+01	  +1.0000000000000000E+01	  +1.0028284987981277E+01	  +6.1401041666666671E+00	  +9.9824010444097784E+00	  -3.5625000000000000E+00	
  +7.6250000000000000E+01	  +1.0000000000000000E+01	  +1.0027994317594949E+01	  +6.1408482142857146E+00	  +9.9824016515540350E+00	  -3.5374999999999996E+00	
  +7.6500000000000000E+01	  +1.0000000000000000E+01	  +1.0027703646308501E+01	  +6.1415922619047620E+00	  +9.9824022592641448E+00	  -3.5125000000000002E+00	
  +7.6750000000000000E+01	  +1.0000000000000000E+01	  +1.0027412974131275E+01	  +6.1423363095238095E+00	  +9.9824028675400882E+00	  -3.4874999999999998E+00	
  +7.7000000000000000E+01	  +1.0000000000000000E+01	  +1.0027122301072621E+01	  +6.1430803571428569E+00	  +9.9824034763818439E+00	  -3.4625000000000004E+00	
  +7.7250000000000000E+01	  +1.0000000000000000E+01	  +1.0026831627141881E+01	  +6.1438244047619044E+00	  +9.9824040857893941E+00	  -3.4375000000000000E+00	
  +7.7500000000000000E+01	  +1.0000000000000000E+01	  +1.0026540952348407E+01	  +6.1445684523809527E+00	  +9.9824046957627193E+00	  -3.4124999999999996E+00	
  +7.7750000000000000E+01	  +1.0000000000000000E+01	  +1.0026250276701541E+01	  +6.1453125000000002E+00	  +9.9824053063017999E+00	  -3.3624999999999998E+00	
  +7.8000000000000000E+01	  +1.0000000000000000E+01	  +1.0025959600210628E+01	  +6.1460565476190476E+00	  +9.9824059174066146E+00	  -3.2875000000000001E+00	
  +7.8250000000000000E+01	  +1.0000000000000000E+01	  +1.0025668922885020E+01	  +6.1468005952380951E+00	  +9.9824065290771458E+00	  -3.2124999999999999E+00	
  +7.8500000000000000E+01	  +1.0000000000000000E+01	  +1.0025378244734059E+01	  +6.1475446428571434E+00	  +9.9824071413133719E+00	  -3.1375000000000002E+00	
  +7.8750000000000000E+01	  +1.0000000000000000E+01	  +1.0025087565767091E+01	  +6.1482886904761909E+00	  +9.9824077541152754E+00	  -3.0875000000000004E+00	
  +7.9000000000000000E+01	  +1.0000000000000000E+01	  +1.0024796885993466E+01	  +6.1490327380952383E+00	  +9.9824083674828348E+00	  -3.0625000000000000E+00	
  +7.9250000000000000E+01	  +1.0000000000000000E+01	  +1.0024506205422526E+01	  +6.1497767857142858E+00	  +9.9824089814160324E+00	  -3.0374999999999996E+00	
  +7.9500000000000000E+01	  +1.0000000000000000E+01	  +1.0024215524063621E+01	  +6.1505208333333332E+00	  +9.9824095959148451E+00	  -3.0125000000000002E+00	
  +7.9750000000000000E+01	  +1.0000000000000000E+01	  +1.0023924841926096E+01	  +6.1512648809523807E+00	  +9.9824102109792552E+00	  -3.0000000000000000E+00	
  +8.0000000000000000E+01	  +1.0000000000000000E+01	  +1.0023634159019299E+01	  +6.1520089285714290E+00	  +9.9824108266092448E+00	  -3.0000000000000000E+00	
  +8.0250000000000000E+01	  +1.0000000000000000E+01	  +1.0023343475352574E+01	  +6.1527529761904765E+00	  +9.9824114428047910E+00	  -3.0000000000000000E+00	
  +8.0500000000000000E+01	  +1.0000000000000000E+01	  +1.0023052790935269E+01	  +6.1534970238095239E+00	  +9.9824120595658741E+00	  -3.0000000000000000E+00	
  +8.0750000000000000E+01	  +1.0000000000000000E+01	  +1.0022762105776730E+01	  +6.1542410714285714E+00	  +9.9824126768924764E+00	  -2.9874999999999998E+00	
  +8.1000000000000000E+01	  +1.0000000000000000E+01	  +1.0022471419886305E+01	  +6.1549851190476197E+00	  +9.9824132947845783E+00	  -2.9625000000000004E+00	
  +8.1250000000000000E+01	  +1.0000000000000000E+01	  +1.0022180733273339E+01	  +6.1557291666666671E+00	  +9.9824139132421568E+00	  -2.9375000000000000E+00	
  +8.1500000000000000E+01	  +1.0000000000000000E+01	  +1.0021890045947179E+01	  +6.1564732142857146E+00	  +9.9824145322651940E+00	  -2.9124999999999996E+00	
  +8.1750000000000000E+01	  +1.0000000000000000E+01	  +1.0021599357917173E+01	  +6.1572172619047620E+00	  +9.9824151518536706E+00	  -2.8374999999999999E+00	
  +8.2000000000000000E+01	  +1.0000000000000000E+01	  +1.0021308669192667E+01	  +6.1579613095238095E+00	  +9.9824157720075650E+00	  -2.7124999999999999E+00	
  +8.2250000000000000E+01	  +1.0000000000000000E+01	  +1.0021017979783007E+01	  +6.1587053571428569E+00	  +9.9824163927268579E+00	  -2.5874999999999999E+00	
  +8.2500000000000000E+01	  +1.0000000000000000E+01	  +1.0020727289697541E+01	  +6.1594494047619044E+00	  +9.9824170140115314E+00	  -2.4624999999999999E+00	
  +8.2750000000000000E+01	  +1.0000000000000000E+01	  +1.0020436598945615E+01	  +6.1601934523809527E+00	  +9.9824176358615624E+00	  -2.3499999999999996E+00	
  +8.3000000000000000E+01	  +1.0000000000000000E+01	  +1.0020145907536575E+01	  +6.1609375000000002E+00	  +9.9824182582769314E+00	  -2.2500000000000000E+00	
  +8.3250000000000000E+01	  +1.0000000000000000E+01	  +1.0019855215479769E+01	  +6.1616815476190476E+00	  +9.9824188812576207E+00	  -2.1500000000000004E+00	
  +8.3500000000000000E+01	  +1.0000000000000000E+01	  +1.0019564522784544E+01	  +6.1624255952380951E+00	  +9.9824195048036088E+00	  -2.0499999999999998E+00	
  +8.3750000000000000E+01	  +1.0000000000000000E+01	  +1.0019273829460246E+01	  +6.1631696428571434E+00	  +9.9824201289148746E+00	  -1.9500000000000000E+00	
  +8.4000000000000000E+01	  +1.0000000000000000E+01	  +1.0018983135516221E+01	  +6.1639136904761909E+00	  +9.9824207535914002E+00	  -1.8500000000000001E+00	
  +8.4250000000000000E+01	  +1.0000000000000000E+01	  +1.0018692440961820E+01	  +6.1646577380952383E+00	  +9.9824213788331626E+00	  -1.7500000000000000E+00	
  +8.4500000000000000E+01	  +1.0000000000000000E+01	  +1.0018401745806385E+01	  +6.1654017857142858E+00	  +9.9824220046401457E+00	  -1.6500000000000001E+00	
  +8.4750000000000000E+01	  +1.0000000000000000E+01	  +1.0018111050059264E+01	  +6.1661458333333332E+00	  +9.9824226310123247E+00	  -1.6000000000000001E+00	
  +8.5000000000000000E+01	  +1.0000000000000000E+01	  +1.0017820353729807E+01	  +6.1668898809523807E+00	  +9.9824232579496837E+00	  -1.6000000000000001E+00	
  +8.5250000000000000E+01	  +1.0000000000000000E+01	  +1.0017529656827358E+01	  +6.1676339285714290E+00	  +9.9824238854522012E+00	  -1.6000000000000001E+00	
  +8.5500000000000000E+01	  +1.0000000000000000E+01	  +1.0017238959361265E+01	  +6.1683779761904765E+00	  +9.9824245135198542E+00	  -1.6000000000000001E+00	
  +8.5750000000000000E+01	  +1.0000000000000000E+01	  +1.0016948261340875E+01	  +6.1691220238095239E+00	  +9.9824251421526267E+00	  -1.5625000000000000E+00	
  +8.6000000000000000E+01	  +1.0000000000000000E+01	  +1.0016657562775535E+01	  +6.1698660714285714E+00	  +9.9824257713504974E+00	  -1.4875000000000003E+00	
  +8.6250000000000000E+01	  +1.0000000000000000E+01	  +1.0016366863674591E+01	  +6.1706101190476197E+00	  +9.9824264011134431E+00	  -1.4125000000000001E+00	
  +8.6500000000000000E+01	  +1.0000000000000000E+01	  +1.0016076164047393E+01	  +6.1713541666666671E+00	  +9.9824270314414481E+00	  -1.3374999999999999E+00	
  +8.6750000000000000E+01	  +1.0000000000000000E+01	  +1.0015785463903285E+01	  +6.1720982142857146E+00	  +9.9824276623344872E+00	  -1.2250000000000001E+00	
  +8.7000000000000000E+01	  +1.0000000000000000E+01	  +1.0015494763251615E+01	  +6.1728422619047620E+00	  +9.9824282937925446E+00	  -1.0750000000000000E+00	
  +8.7250000000000000E+01	  +1.0000000000000000E+01	  +1.0015204062101731E+01	  +6.1735863095238095E+00	  +9.9824289258155989E+00	  -9.2500000000000004E-01	
  +8.7500000000000000E+01	  +1.0000000000000000E+01	  +1.0014913360462979E+01	  +6.1743303571428569E+00	  +9.9824295584036271E+00	  -7.7499999999999991E-01	
  +8.7750000000000000E+01	  +1.0000000000000000E+01	  +1.0014622658344708E+01	  +6.1750744047619044E+00	  +9.9824301915566114E+00	  -6.4999999999999991E-01	
  +8.8000000000000000E+01	  +1.0000000000000000E+01	  +1.0014331955756262E+01	  +6.1758184523809527E+00	  +9.9824308252745304E+00	  -5.5000000000000004E-01	
  +8.8250000000000000E+01	  +1.0000000000000000E+01	  +1.0014041252706990E+01	  +6.1765625000000002E+00	  +9.9824314595573647E+00	  -4.4999999999999996E-01	
  +8.8500000000000000E+01	  +1.0000000000000000E+01	  +1.0013750549206240E+01	  +6.1773065476190476E+00	  +9.9824320944050946E+00	  -3.4999999999999998E-01	
  +8.8750000000000000E+01	  +1.0000000000000000E+01	  +1.0013459845263359E+01	  +6.1780505952380951E+00	  +9.9824327298176971E+00	  -2.9999999999999999E-01	
  +8.9000000000000000E+01	  +1.0000000000000000E+01	  +1.0013169140887692E+01	  +6.1787946428571434E+00	  +9.9824333657951527E+00	  -2.9999999999999999E-01	
  +8.9250000000000000E+01	  +1.0000000000000000E+01	  +1.0012878436088590E+01	  +6.1795386904761909E+00	  +9.9824340023374418E+00	  -2.9999999999999999E-01	
  +8.9500000000000000E+01	  +1.0000000000000000E+01	  +1.0012587730875396E+01	  +6.1802827380952383E+00	  +9.9824346394445431E+00	  -2.9999999999999999E-01	
  +8.9750000000000000E+01	  +1.0000000000000000E+01	  +1.0012297025257460E+01	  +6.1810267857142858E+00	  +9.9824352771164371E+00	  -2.8749999999999998E-01	
  +9.0000000000000000E+01	  +1.0000000000000000E+01	  +1.0012006319244128E+01	  +6.1817708333333332E+00	  +9.9824359153531024E+00	  -2.6250000000000001E-01	
  +9.0250000000000000E+01	  +1.0000000000000000E+01	  +1.0011715612844750E+01	  +6.1825148809523807E+00	  +9.9824365541545195E+00	  -2.3749999999999999E-01	
  +9.0500000000000000E+01	  +1.0000000000000000E+01	  +1.0011424906068669E+01	  +6.1832589285714290E+00	  +9.9824371935206653E+00	  -2.1250000000000002E-01	
  +9.0750000000000000E+01	  +1.0000000000000000E+01	  +1.0011134198925234E+01	  +6.1840029761904765E+00	  +9.9824378334515220E+00	  -1.5000000000000002E-01	
  +9.1000000000000000E+01	  +1.0000000000000000E+01	  +1.0010843491423795E+01	  +6.1847470238095239E+00	  +9.9824384739470684E+00	  -5.0000000000000003E-02	
  +9.1250000000000000E+01	  +1.0000000000000000E+01	  +1.0010552783573695E+01	  +6.1854910714285714E+00	  +9.9824391150072849E+00	  +5.0000000000000017E-02	
  +9.1500000000000000E+01	  +1.0000000000000000E+01	  +1.0010262075384286E+01	  +6.1862351190476197E+00	  +9.9824397566321483E+00	  +1.5000000000000002E-01	
  +9.1750000000000000E+01	  +1.0000000000000000E+01	  +1.0009971366864912E+01	  +6.1869791666666671E+00	  +9.9824403988216392E+00	  +2.6250000000000001E-01	
  +9.2000000000000000E+01	  +1.0000000000000000E+01	  +1.0009680658024919E+01	  +6.1877232142857146E+00	  +9.9824410415757363E+00	  +3.8749999999999996E-01	
  +9.2250000000000000E+01	  +1.0000000000000000E+01	  +1.0009389948873659E+01	  +6.1884672619047620E+00	  +9.9824416848944200E+00	  +5.1249999999999996E-01	
  +9.2500000000000000E+01	  +1.0000000000000000E+01	  +1.0009099239420477E+01	  +6.1892113095238095E+00	  +9.9824423287776689E+00	  +6.3749999999999996E-01	
  +9.2750000000000000E+01	  +1.0000000000000000E+01	  +1.0008808529674720E+01	  +6.1899553571428569E+00	  +9.9824429732254636E+00	  +7.2499999999999998E-01	
  +9.3000000000000000E+01	  +1.0000000000000000E+01	  +1.0008517819645736E+01	  +6.1906994047619044E+00	  +9.9824436182377827E+00	  +7.7500000000000002E-01	
  +9.3250000000000000E+01	  +1.0000000000000000E+01	  +1.0008227109342871E+01	  +6.1914434523809527E+00	  +9.9824442638146049E+00	  +8.2499999999999996E-01	
  +9.3500000000000000E+01	  +1.0000000000000000E+01	  +1.0007936398775474E+01	  +6.1921875000000002E+00	  +9.9824449099559089E+00	  +8.7500000000000000E-01	
  +9.3750000000000000E+01	  +1.0000000000000000E+01	  +1.0007645687952893E+01	  +6.1929315476190476E+00	  +9.9824455566616752E+00	  +9.1250000000000009E-01	
  +9.4000000000000000E+01	  +1.0000000000000000E+01	  +1.0007354976884475E+01	  +6.1936755952380951E+00	  +9.9824462039318824E+00	  +9.3750000000000000E-01	
  +9.4250000000000000E+01	  +1.0000000000000000E+01	  +1.0007064265579565E+01	  +6.1944196428571434E+00	  +9.9824468517665110E+00	  +9.6249999999999991E-01	
  +9.4500000000000000E+01	  +1.0000000000000000E+01	  +1.0006773554047513E+01	  +6.1951636904761909E+00	  +9.9824475001655379E+00	  +9.8750000000000004E-01	
  +9.4750000000000000E+01	  +1.0000000000000000E+01	  +1.0006482842297666E+01	  +6.1959077380952383E+00	  +9.9824481491289436E+00	  +9.6250000000000002E-01	
  +9.5000000000000000E+01	  +1.0000000000000000E+01	  +1.0006192130339372E+01	  +6.1966517857142858E+00	  +9.9824487986567068E+00	  +8.8749999999999996E-01	
  +9.5250000000000000E+01	  +1.0000000000000000E+01	  +1.0005901418181978E+01	  +6.1973958333333332E+00	  +9.9824494487488078E+00	  +8.1250000000000000E-01	
  +9.5500000000000000E+01	  +1.0000000000000000E+01	  +1.0005610705834831E+01	  +6.1981398809523807E+00	  +9.9824500994052237E+00	  +7.3749999999999993E-01	
  +9.5750000000000000E+01	  +1.0000000000000000E+01	  +1.0005319993307278E+01	  +6.1988839285714290E+00	  +9.9824507506259348E+00	  +7.1249999999999991E-01	
  +9.6000000000000000E+01	  +1.0000000000000000E+01	  +1.0005029280608667E+01	  +6.1996279761904765E+00	  +9.9824514024109199E+00	  +7.3750000000000004E-01	
  +9.6250000000000000E+01	  +1.0000000000000000E+01	  +1.0004738567748348E+01	  +6.2003720238095239E+00	  +9.9824520547601594E+00	  +7.6249999999999996E-01	
  +9.6500000000000000E+01	  +1.0000000000000000E+01	  +1.0004447854735664E+01	  +6.2011160714285714E+00	  +9.9824527076736302E+00	  +7.8750000000000009E-01	
  +9.6750000000000000E+01	  +1.0000000000000000E+01	  +1.0004157141579967E+01	  +6.2018601190476197E+00	  +9.9824533611513111E+00	  +8.1250000000000000E-01	
  +9.7000000000000000E+01	  +1.0000000000000000E+01	  +1.0003866428290600E+01	  +6.2026041666666671E+00	  +9.9824540151931824E+00	  +8.3750000000000013E-01	
  +9.7250000000000000E+01	  +1.0000000000000000E+01	  +1.0003575714876915E+01	  +6.2033482142857146E+00	  +9.9824546697992229E+00	  +8.6250000000000004E-01	
  +9.7500000000000000E+01	  +1.0000000000000000E+01	  +1.0003285001348257E+01	  +6.2040922619047620E+00	  +9.9824553249694130E+00	  +8.8749999999999996E-01	
  +9.7750000000000000E+01	  +1.0000000000000000E+01	  +1.0002994287713973E+01	  +6.2048363095238095E+00	  +9.9824559807037279E+00	  +9.0000000000000002E-01	
  +9.8000000000000000E+01	  +1.0000000000000000E+01	  +1.0002703573983410E+01	  +6.2055803571428569E+00	  +9.9824566370021497E+00	  +9.0000000000000002E-01	
  +9.8250000000000000E+01	  +1.0000000000000000E+01	  +1.0002412860165920E+01	  +6.2063244047619044E+00	  +9.9824572938646572E+00	  +9.0000000000000002E-01	
  +9.8500000000000000E+01	  +1.0000000000000000E+01	  +1.0002122146270846E+01	  +6.2070684523809527E+00	  +9.9824579512912273E+00	  +9.0000000000000002E-01	
  +9.8750000000000000E+01	  +1.0000000000000000E+01	  +1.0001831432307537E+01	  +6.2078125000000002E+00	  +9.9824586092818404E+00	  +9.6249999999999991E-01	
  +9.9000000000000000E+01	  +1.0000000000000000E+01	  +1.0001540718285341E+01	  +6.2085565476190476E+00	  +9.9824592678364734E+00	  +1.0874999999999999E+00	
  +9.9250000000000000E+01	  +1.0000000000000000E+01	  +1.0001250004213604E+01	  +6.2093005952380960E+00	  +9.9824599269551086E+00	  +1.2124999999999999E+00	
  +9.9500000000000000E+01	  +1.0000000000000000E+01	  +1.0000959290101678E+01	  +6.2100446428571434E+00	  +9.9824605866377212E+00	  +1.3374999999999999E+00	
  +9.9750000000000000E+01	  +1.0000000000000000E+01	  +1.0000668575958903E+01	  +6.2107886904761909E+00	  +9.9824612468842933E+00	  +1.3999999999999999E+00	
  +1.0000000000000000E+02	  +1.0000000000000000E+01	  +1.0000377861794634E+01	  +6.2115327380952383E+00	  +9.9824619076948000E+00	  +1.3999999999999999E+00	
  +1.0025000000000000E+02	  +1.0000000000000000E+01	  +1.0000087147618213E+01	  +6.2122767857142858E+00	  +9.9824625690692237E+00	  +1.3999999999999999E+00	
  +1.0050000000000000E+02	  +1.0000000000000000E+01	  +9.9997964334389913E+00	  +6.2130208333333332E+00	  +9.9824632310075412E+00	  +1.3999999999999999E+00	
  +1.0075000000000000E+02	  +1.0000000000000000E+01	  +9.9995057192663150E+00	  +6.2137648809523807E+00	  +9.9824638935097312E+00	  +1.4124999999999999E+00	
  +1.0100000000000000E+02	  +1.0000000000000000E+01	  +9.9992150051095319E+00	  +6.2145089285714290E+00	  +9.9824645565757724E+00	  +1.4375000000000000E+00	
  +1.0125000000000000E+02	  +1.0000000000000000E+01	  +9.9989242909779872E+00	  +6.2152529761904765E+00	  +9.9824652202056434E+00	  +1.4624999999999999E+00	
  +1.0150000000000000E+02	  +1.0000000000000000E+01	  +9.9986335768810335E+00	  +6.2159970238095239E+00	  +9.9824658843993230E+00	  +1.4875000000000000E+00	
  +1.0175000000000000E+02	  +1.0000000000000000E+01	  +9.9983428628280127E+00	  +6.2167410714285714E+00	  +9.9824665491567917E+00	  +1.5625000000000000E+00	
  +1.0200000000000000E+02	  +1.0000000000000000E+01	  +9.9980521488282772E+00	  +6.2174851190476197E+00	  +9.9824672144780244E+00	  +1.6875000000000000E+00	
  +1.0225000000000000E+02	  +1.0000000000000000E+01	  +9.9977614348911725E+00	  +6.2182291666666671E+00	  +9.9824678803630036E+00	  +1.8125000000000000E+00	
  +1.0250000000000000E+02	  +1.0000000000000000E+01	  +9.9974707210260441E+00	  +6.2189732142857146E+00	  +9.9824685468117043E+00	  +1.9375000000000000E+00	
  +1.0275000000000000E+02	  +1.0000000000000000E+01	  +9.9971800072422425E+00	  +6.2197172619047620E+00	  +9.9824692138241087E+00	  +2.0000000000000000E+00	
  +1.0300000000000000E+02	  +1.0000000000000000E+01	  +9.9968892935491152E+00	  +6.2204613095238095E+00	  +9.9824698814001920E+00	  +2.0000000000000000E+00	
  +1.0325000000000000E+02	  +1.0000000000000000E+01	  +9.9965985799560073E+00	  +6.2212053571428569E+00	  +9.9824705495399364E+00	  +2.0000000000000000E+00	
  +1.0350000000000000E+02	  +1.0000000000000000E+01	  +9.9963078664722680E+00	  +6.2219494047619044E+00	  +9.9824712182433153E+00	  +2.0000000000000000E+00	
  +1.0375000000000000E+02	  +1.0000000000000000E+01	  +9.9960171531072444E+00	  +6.2226934523809527E+00	  +9.9824718875103127E+00	  +2.0125000000000002E+00	
  +1.0400000000000000E+02	  +1.0000000000000000E+01	  +9.9957264398702854E+00	  +6.2234375000000002E+00	  +9.9824725573409037E+00	  +2.0374999999999996E+00	
  +1.0425000000000000E+02	  +1.0000000000000000E+01	  +9.9954357267707366E+00	  +6.2241815476190476E+00	  +9.9824732277350670E+00	  +2.0625000000000000E+00	
  +1.0450000000000000E+02	  +1.0000000000000000E+01	  +9.9951450138179467E+00	  +6.2249255952380960E+00	  +9.9824738986927812E+00	  +2.0875000000000004E+00	
  +1.0475000000000000E+02	  +1.0000000000000000E+01	  +9.9948543010212614E+00	  +6.2256696428571434E+00	  +9.9824745702140270E+00	  +2.0625000000000000E+00	
  +1.0500000000000000E+02	  +1.0000000000000000E+01	  +9.9945635883900312E+00	  +6.2264136904761909E+00	  +9.9824752422987792E+00	  +1.9875000000000000E+00	
  +1.0525000000000000E+02	  +1.0000000000000000E+01	  +9.9942728759336017E+00	  +6.2271577380952383E+00	  +9.9824759149470186E+00	  +1.9125000000000001E+00	
  +1.0550000000000000E+02	  +1.0000000000000000E+01	  +9.9939821636613200E+00	  +6.2279017857142858E+00	  +9.9824765881587236E+00	  +1.8374999999999999E+00	
  +1.0575000000000000E+02	  +1.0000000000000000E+01	  +9.9936914515825350E+00	  +6.2286458333333332E+00	  +9.9824772619338713E+00	  +1.7749999999999999E+00	
  +1.0600000000000000E+02	  +1.0000000000000000E+01	  +9.9934007397065923E+00	  +6.2293898809523807E+00	  +9.9824779362724403E+00	  +1.7250000000000001E+00	
  +1.0625000000000000E+02	  +1.0000000000000000E+01	  +9.9931100280428424E+00	  +6.2301339285714290E+00	  +9.9824786111744093E+00	  +1.6750000000000003E+00	
  +1.0650000000000000E+02	  +1.0000000000000000E+01	  +9.9928193166006292E+00	  +6.2308779761904765E+00	  +9.9824792866397569E+00	  +1.6250000000000000E+00	
  +1.0675000000000000E+02	  +1.0000000000000000E+01	  +9.9925286053893032E+00	  +6.2316220238095239E+00	  +9.9824799626684619E+00	  +1.6125000000000000E+00	
  +1.0700000000000000E+02	  +1.0000000000000000E+01	  +9.9922378944182100E+00	  +6.2323660714285714E+00	  +9.9824806392604994E+00	  +1.6375000000000000E+00	
  +1.0725000000000000E+02	  +1.0000000000000000E+01	  +9.9919471836966967E+00	  +6.2331101190476197E+00	  +9.9824813164158517E+00	  +1.6625000000000001E+00	
  +1.0750000000000000E+02	  +1.0000000000000000E+01	  +9.9916564732341122E+00	  +6.2338541666666671E+00	  +9.9824819941344956E+00	  +1.6875000000000000E+00	
  +1.0775000000000000E+02	  +1.0000000000000000E+01	  +9.9913657630398038E+00	  +6.2345982142857146E+00	  +9.9824826724164080E+00	  +1.7625000000000000E+00	
  +1.0800000000000000E+02	  +1.0000000000000000E+01	  +9.9910750531231169E+00	  +6.2353422619047620E+00	  +9.9824833512615676E+00	  +1.8875000000000002E+00	
  +1.0825000000000000E+02	  +1.0000000000000000E+01	  +9.9907843434934023E+00	  +6.2360863095238095E+00	  +9.9824840306699532E+00	  +2.0125000000000002E+00	
  +1.0850000000000000E+02	  +1.0000000000000000E+01	  +9.9904936341600052E+00	  +6.2368303571428569E+00	  +9.9824847106415433E+00	  +2.1375000000000002E+00	
  +1.0875000000000000E+02	  +1.0000000000000000E+01	  +9.9902029251322730E+00	  +6.2375744047619044E+00	  +9.9824853911763167E+00	  +2.2625000000000002E+00	
  +1.0900000000000000E+02	  +1.0000000000000000E+01	  +9.9899122164195528E+00	  +6.2383184523809527E+00	  +9.9824860722742486E+00	  +2.3875000000000002E+00	
  +1.0925000000000000E+02	  +1.0000000000000000E+01	  +9.9896215080311936E+00	  +6.2390625000000002E+00	  +9.9824867539353193E+00	  +2.5125000000000002E+00	
  +1.0950000000000000E+02	  +1.0000000000000000E+01	  +9.9893307999765408E+00	  +6.2398065476190476E+00	  +9.9824874361595057E+00	  +2.6375000000000002E+00	
  +1.0975000000000000E+02	  +1.0000000000000000E+01	  +9.9890400922649434E+00	  +6.2405505952380960E+00	  +9.9824881189467884E+00	  +2.6625000000000001E+00	
  +1.1000000000000000E+02	  +1.0000000000000000E+01	  +9.9887493849057485E+00	  +6.2412946428571434E+00	  +9.9824888022971425E+00	  +2.5874999999999999E+00	
  +1.1025000000000000E+02	  +1.0000000000000000E+01	  +9.9884586779083016E+00	  +6.2420386904761909E+00	  +9.9824894862105467E+00	  +2.5125000000000002E+00	
  +1.1050000000000000E+02	  +1.0000000000000000E+01	  +9.9881679712819533E+00	  +6.2427827380952383E+00	  +9.9824901706869795E+00	  +2.4375000000000000E+00	
  +1.1075000000000000E+02	  +1.0000000000000000E+01	  +9.9878772650360474E+00	  +6.2435267857142858E+00	  +9.9824908557264198E+00	  +2.3999999999999999E+00	
  +1.1100000000000000E+02	  +1.0000000000000000E+01	  +9.9875865591799329E+00	  +6.2442708333333332E+00	  +9.9824915413288444E+00	  +2.3999999999999999E+00	
  +1.1125000000000000E+02	  +1.0000000000000000E+01	  +9.9872958537229568E+00	  +6.2450148809523807E+00	  +9.9824922274942320E+00	  +2.3999999999999999E+00	
  +1.1150000000000000E+02	  +1.0000000000000000E+01	  +9.9870051486744682E+00	  +6.2457589285714290E+00	  +9.9824929142225578E+00	  +2.3999999999999999E+00	
  +1.1175000000000000E+02	  +1.0000000000000000E+01	  +9.9867144440438107E+00	  +6.2465029761904765E+00	  +9.9824936015138039E+00	  +2.3999999999999999E+00	
  +1.1200000000000000E+02	  +1.0000000000000000E+01	  +9.9864237398403350E+00	  +6.2472470238095239E+00	  +9.9824942893679456E+00	  +2.3999999999999999E+00	
  +1.1225000000000000E+02	  +1.0000000000000000E+01	  +9.9861330360733866E+00	  +6.2479910714285714E+00	  +9.9824949777849614E+00	  +2.3999999999999999E+00	
  +1.1250000000000000E+02	  +1.0000000000000000E+01	  +9.9858423327523127E+00	  +6.2487351190476197E+00	  +9.9824956667648301E+00	  +2.3999999999999999E+00	
  +1.1275000000000000E+02	  +1.0000000000000000E+01	  +9.9855516298864622E+00	  +6.2494791666666671E+00	  +9.9824963563075269E+00	  +2.3624999999999998E+00	
  +1.1300000000000000E+02	  +1.0000000000000000E+01	  +9.9852609274851787E+00	  +6.2502232142857146E+00	  +9.9824970464130338E+00	  +2.2875000000000001E+00	
  +1.1325000000000000E+02	  +1.0000000000000000E+01	  +9.9849702255578130E+00	  +6.2509672619047620E+00	  +9.9824977370813244E+00	  +2.2124999999999999E+00	
  +1.1350000000000000E+02	  +1.0000000000000000E+01	  +9.9846795241137105E+00	  +6.2517113095238095E+00	  +9.9824984283123790E+00	  +2.1375000000000002E+00	
  +1.1375000000000000E+02	  +1.0000000000000000E+01	  +9.9843888231622167E+00	  +6.2524553571428569E+00	  +9.9824991201061728E+00	  +2.0875000000000004E+00	
  +1.1400000000000000E+02	  +1.0000000000000000E+01	  +9.9840981227126839E+00	  +6.2531994047619044E+00	  +9.9824998124626880E+00	  +2.0625000000000000E+00	
  +1.1425000000000000E+02	  +1.0000000000000000E+01	  +9.9838074227744542E+00	  +6.2539434523809527E+00	  +9.9825005053818980E+00	  +2.0374999999999996E+00	
  +1.1450000000000000E+02	  +1.0000000000000000E+01	  +9.9835167233568765E+00	  +6.2546875000000002E+00	  +9.9825011988637833E+00	  +2.0125000000000002E+00	
  +1.1475000000000000E+02	  +1.0000000000000000E+01	  +9.9832260244692979E+00	  +6.2554315476190476E+00	  +9.9825018929083207E+00	  +1.9750000000000001E+00	
  +1.1500000000000000E+02	  +1.0000000000000000E+01	  +9.9829353261210656E+00	  +6.2561755952380960E+00	  +9.9825025875154871E+00	  +1.9249999999999998E+00	
  +1.1525000000000000E+02	  +1.0000000000000000E+01	  +9.9826446283215269E+00	  +6.2569196428571434E+00	  +9.9825032826852595E+00	  +1.8750000000000000E+00	
  +1.1550000000000000E+02	  +1.0000000000000000E+01	  +9.9823539310800271E+00	  +6.2576636904761909E+00	  +9.9825039784176184E+00	  +1.8250000000000002E+00	
  +1.1575000000000000E+02	  +1.0000000000000000E+01	  +9.9820632344059153E+00	  +6.2584077380952383E+00	  +9.9825046747125405E+00	  +1.8000000000000000E+00	
  +1.1600000000000000E+02	  +1.0000000000000000E+01	  +9.9817725383085385E+00	  +6.2591517857142858E+00	  +9.9825053715700012E+00	  +1.8000000000000000E+00	
  +1.1625000000000000E+02	  +1.0000000000000000E+01	  +9.9814818427972423E+00	  +6.2598958333333332E+00	  +9.9825060689899807E+00	  +1.8000000000000000E+00	
  +1.1650000000000000E+02	  +1.0000000000000000E+01	  +9.9811911478813737E+00	  +6.2606398809523807E+00	  +9.9825067669724561E+00	  +1.8000000000000000E+00	
  +1.1675000000000000E+02	  +1.0000000000000000E+01	  +9.9809004535702801E+00	  +6.2613839285714290E+00	  +9.9825074655174042E+00	  +1.8500000000000001E+00	
  +1.1700000000000000E+02	  +1.0000000000000000E+01	  +9.9806097598733086E+00	  +6.2621279761904765E+00	  +9.9825081646248019E+00	  +1.9500000000000002E+00	
  +1.1725000000000000E+02	  +1.0000000000000000E+01	  +9.9803190667998063E+00	  +6.2628720238095239E+00	  +9.9825088642946280E+00	  +2.0499999999999998E+00	
  +1.1750000000000000E+02	  +1.0000000000000000E+01	  +9.9800283743591187E+00	  +6.2636160714285714E+00	  +9.9825095645268593E+00	  +2.1500000000000004E+00	
  +1.1775000000000000E+02	  +1.0000000000000000E+01	  +9.9797376825605930E+00	  +6.2643601190476197E+00	  +9.9825102653214746E+00	  +2.2250000000000001E+00	
  +1.1800000000000000E+02	  +1.0000000000000000E+01	  +9.9794469914135782E+00	  +6.2651041666666671E+00	  +9.9825109666784488E+00	  +2.2749999999999999E+00	
  +1.1825000000000000E+02	  +1.0000000000000000E+01	  +9.9791563009274196E+00	  +6.2658482142857146E+00	  +9.9825116685977608E+00	  +2.3250000000000002E+00	
  +1.1850000000000000E+02	  +1.0000000000000000E+01	  +9.9788656111114626E+00	  +6.2665922619047620E+00	  +9.9825123710793893E+00	  +2.3750000000000000E+00	
  +1.1875000000000000E+02	  +1.0000000000000000E+01	  +9.9785749219750581E+00	  +6.2673363095238095E+00	  +9.9825130741233110E+00	  +2.3624999999999998E+00	
  +1.1900000000000000E+02	  +1.0000000000000000E+01	  +9.9782842335275479E+00	  +6.2680803571428569E+00	  +9.9825137777295012E+00	  +2.2875000000000001E+00	
  +1.1925000000000000E+02	  +1.0000000000000000E+01	  +9.9779935457782809E+00	  +6.2688244047619044E+00	  +9.9825144818979403E+00	  +2.2124999999999999E+00	
  +1.1950000000000000E+02	  +1.0000000000000000E+01	  +9.9777028587366043E+00	  +6.2695684523809527E+00	  +9.9825151866286035E+00	  +2.1375000000000002E+00	
  +1.1975000000000000E+02	  +1.0000000000000000E+01	  +9.9774121724118636E+00	  +6.2703125000000002E+00	  +9.9825158919214694E+00	  +2.1000000000000001E+00	
  +1.2000000000000000E+02	  +1.0000000000000000E+01	  +9.9771214868134059E+00	  +6.2710565476190476E+00	  +9.9825165977765149E+00	  +2.1000000000000001E+00	
  +1.2025000000000000E+02	  +1.0000000000000000E+01	  +9.9768308019505803E+00	  +6.2718005952380960E+00	  +9.9825173041937170E+00	  +2.1000000000000001E+00	
  +1.2050000000000000E+02	  +1.0000000000000000E+01	  +9.9765401178327284E+00	  +6.2725446428571434E+00	  +9.9825180111730525E+00	  +2.1000000000000001E+00	
  +1.2075000000000000E+02	  +1.0000000000000000E+01	  +9.9762494344692012E+00	  +6.2732886904761909E+00	  +9.9825187187145001E+00	  +2.1124999999999998E+00	
  +1.2100000000000000E+02	  +1.0000000000000000E+01	  +9.9759587518693422E+00	  +6.2740327380952383E+00	  +9.9825194268180351E+00	  +2.1375000000000002E+00	
  +1.2125000000000000E+02	  +1.0000000000000000E+01	  +9.9756680700425004E+00	  +6.2747767857142858E+00	  +9.9825201354836377E+00	  +2.1625000000000005E+00	
  +1.2150000000000000E+02	  +1.0000000000000000E+01	  +9.9753773889980213E+00	  +6.2755208333333332E+00	  +9.9825208447112832E+00	  +2.1875000000000000E+00	
  +1.2175000000000000E+02	  +1.0000000000000000E+01	  +9.9750867087452519E+00	  +6.2762648809523807E+00	  +9.9825215545009485E+00	  +2.2125000000000004E+00	
  +1.2200000000000000E+02	  +1.0000000000000000E+01	  +9.9747960292935360E+00	  +6.2770089285714290E+00	  +9.9825222648526104E+00	  +2.2374999999999998E+00	
  +1.2225000000000000E+02	  +1.0000000000000000E+01	  +9.9745053506522243E+00	  +6.2777529761904765E+00	  +9.9825229757662477E+00	  +2.2625000000000002E+00	
  +1.2250000000000000E+02	  +1.0000000000000000E+01	  +9.9742146728306587E+00	  +6.2784970238095239E+00	  +9.9825236872418373E+00	  +2.2874999999999996E+00	
  +1.2275000000000000E+02	  +1.0000000000000000E+01	  +9.9739239958381898E+00	  +6.2792410714285714E+00	  +9.9825243992793560E+00	  +2.3125000000000000E+00	
  +1.2300000000000000E+02	  +1.0000000000000000E+01	  +9.9736333196841613E+00	  +6.2799851190476197E+00	  +9.9825251118787790E+00	  +2.3374999999999995E+00	
  +1.2325000000000000E+02	  +1.0000000000000000E+01	  +9.9733426443779205E+00	  +6.2807291666666671E+00	  +9.9825258250400868E+00	  +2.3624999999999998E+00	
  +1.2350000000000000E+02	  +1.0000000000000000E+01	  +9.9730519699288145E+00	  +6.2814732142857146E+00	  +9.9825265387632527E+00	  +2.3875000000000002E+00	
  +1.2375000000000000E+02	  +1.0000000000000000E+01	  +9.9727612963461869E+00	  +6.2822172619047620E+00	  +9.9825272530482572E+00	  +2.4249999999999998E+00	
  +1.2400000000000000E+02	  +1.0000000000000000E+01	  +9.9724706236393850E+00	  +6.2829613095238095E+00	  +9.9825279678950771E+00	  +2.4750000000000001E+00	
  +1.2425000000000000E+02	  +1.0000000000000000E+01	  +9.9721799518177576E+00	  +6.2837053571428569E+00	  +9.9825286833036859E+00	  +2.5249999999999999E+00	
  +1.2450000000000000E+02	  +1.0000000000000000E+01	  +9.9718892808906467E+00	  +6.2844494047619044E+00	  +9.9825293992740640E+00	  +2.5750000000000002E+00	
  +1.2475000000000000E+02	  +1.0000000000000000E+01	  +9.9715986108674031E+00	  +6.2851934523809527E+00	  +9.9825301158061865E+00	  +2.5750000000000002E+00	
  +1.2500000000000000E+02	  +1.0000000000000000E+01	  +9.9713079417573685E+00	  +6.2859375000000002E+00	  +9.9825308329000322E+00	  +2.5249999999999999E+00	
  +1.2525000000000000E+02	  +1.0000000000000000E+01	  +9.9710172735698919E+00	  +6.2866815476190476E+00	  +9.9825315505555778E+00	  +2.4750000000000001E+00	
  +1.2550000000000000E+02	  +1.0000000000000000E+01	  +9.9707266063143187E+00	  +6.2874255952380960E+00	  +9.9825322687727986E+00	  +2.4249999999999998E+00	
  +1.2575000000000000E+02	  +1.0000000000000000E+01	  +9.9704359399999944E+00	  +6.2881696428571434E+00	  +9.9825329875516715E+00	  +2.4249999999999998E+00	
  +1.2600000000000000E+02	  +1.0000000000000000E+01	  +9.9701452746362644E+00	  +6.2889136904761909E+00	  +9.9825337068921751E+00	  +2.4750000000000001E+00	
  +1.2625000000000000E+02	  +1.0000000000000000E+01	  +9.9698546102324777E+00	  +6.2896577380952383E+00	  +9.9825344267942846E+00	  +2.5249999999999999E+00	
  +1.2650000000000000E+02	  +1.0000000000000000E+01	  +9.9695639467979760E+00	  +6.2904017857142858E+00	  +9.9825351472579786E+00	  +2.5750000000000002E+00	
  +1.2675000000000000E+02	  +1.0000000000000000E+01	  +9.9692732843421084E+00	  +6.2911458333333332E+00	  +9.9825358682832324E+00	  +2.6124999999999998E+00	
  +1.2700000000000000E+02	  +1.0000000000000000E+01	  +9.9689826228742202E+00	  +6.2918898809523807E+00	  +9.9825365898700245E+00	  +2.6375000000000002E+00	
  +1.2725000000000000E+02	  +1.0000000000000000E+01	  +9.9686919624036552E+00	  +6.2926339285714290E+00	  +9.9825373120183283E+00	  +2.6625000000000005E+00	
  +1.2750000000000000E+02	  +1.0000000000000000E+01	  +9.9684013029397622E+00	  +6.2933779761904765E+00	  +9.9825380347281243E+00	  +2.6875000000000000E+00	
  +1.2775000000000000E+02	  +1.0000000000000000E+01	  +9.9681106444918850E+00	  +6.2941220238095239E+00	  +9.9825387579993876E+00	  +2.7375000000000003E+00	
  +1.2800000000000000E+02	  +1.0000000000000000E+01	  +9.9678199870693707E+00	  +6.2948660714285714E+00	  +9.9825394818320969E+00	  +2.8125000000000000E+00	
  +1.2825000000000000E+02	  +1.0000000000000000E+01	  +9.9675293306815629E+00	  +6.2956101190476197E+00	  +9.9825402062262256E+00	  +2.8875000000000002E+00	
  +1.2850000000000000E+02	  +1.0000000000000000E+01	  +9.9672386753378106E+00	  +6.2963541666666671E+00	  +9.9825409311817523E+00	  +2.9624999999999999E+00	
  +1.2875000000000000E+02	  +1.0000000000000000E+01	  +9.9669480210474557E+00	  +6.2970982142857146E+00	  +9.9825416566986522E+00	  +3.0375000000000001E+00	
  +1.2900000000000000E+02	  +1.0000000000000000E+01	  +9.9666573678198453E+00	  +6.2978422619047620E+00	  +9.9825423827769058E+00	  +3.1124999999999998E+00	
  +1.2925000000000000E+02	  +1.0000000000000000E+01	  +9.9663667156643267E+00	  +6.2985863095238095E+00	  +9.9825431094164845E+00	  +3.1875000000000000E+00	
  +1.2950000000000000E+02	  +1.0000000000000000E+01	  +9.9660760645902435E+00	  +6.2993303571428569E+00	  +9.9825438366173689E+00	  +3.2624999999999997E+00	
  +1.2975000000000000E+02	  +1.0000000000000000E+01	  +9.9657854146069429E+00	  +6.3000744047619044E+00	  +9.9825445643795341E+00	  +3.3499999999999996E+00	
  +1.3000000000000000E+02	  +1.0000000000000000E+01	  +9.9654947657237685E+00	  +6.3008184523809527E+00	  +9.9825452927029570E+00	  +3.4500000000000002E+00	
  +1.3025000000000000E+02	  +1.0000000000000000E+01	  +9.9652041179500657E+00	  +6.3015625000000002E+00	  +9.9825460215876145E+00	  +3.5499999999999998E+00	
  +1.3050000000000000E+02	  +1.0000000000000000E+01	  +9.9649134712951817E+00	  +6.3023065476190476E+00	  +9.9825467510334818E+00	  +3.6500000000000004E+00	
  +1.3075000000000000E+02	  +1.0000000000000000E+01	  +9.9646228257684601E+00	  +6.3030505952380960E+00	  +9.9825474810405375E+00	  +3.7375000000000003E+00	
  +1.3100000000000000E+02	  +1.0000000000000000E+01	  +9.9643321813792483E+00	  +6.3037946428571434E+00	  +9.9825482116087549E+00	  +3.8125000000000000E+00	
  +1.3125000000000000E+02	  +1.0000000000000000E+01	  +9.9640415381368896E+00	  +6.3045386904761909E+00	  +9.9825489427381147E+00	  +3.8875000000000002E+00	
  +1.3150000000000000E+02	  +1.0000000000000000E+01	  +9.9637508960507297E+00	  +6.3052827380952383E+00	  +9.9825496744285900E+00	  +3.9624999999999999E+00	
  +1.3175000000000000E+02	  +1.0000000000000000E+01	  +9.9634602551301157E+00	  +6.3060267857142858E+00	  +9.9825504066801596E+00	  +4.0374999999999996E+00	
  +1.3200000000000000E+02	  +1.0000000000000000E+01	  +9.9631696153843894E+00	  +6.3067708333333332E+00	  +9.9825511394927986E+00	  +4.1125000000000007E+00	
  +1.3225000000000000E+02	  +1.0000000000000000E+01	  +9.9628789768228998E+00	  +6.3075148809523807E+00	  +9.9825518728664839E+00	  +4.1875000000000000E+00	
  +1.3250000000000000E+02	  +1.0000000000000000E+01	  +9.9625883394549888E+00	  +6.3082589285714290E+00	  +9.9825526068011925E+00	  +4.2624999999999993E+00	
  +1.3275000000000000E+02	  +1.0000000000000000E+01	  +9.9622977032900017E+00	  +6.3090029761904765E+00	  +9.9825533412968994E+00	  +4.3125000000000000E+00	
  +1.3300000000000000E+02	  +1.0000000000000000E+01	  +9.9620070683372877E+00	  +6.3097470238095239E+00	  +9.9825540763535816E+00	  +4.3375000000000004E+00	
  +1.3325000000000000E+02	  +1.0000000000000000E+01	  +9.9617164346061866E+00	  +6.3104910714285714E+00	  +9.9825548119712160E+00	  +4.3624999999999998E+00	
  +1.3350000000000000E+02	  +1.0000000000000000E+01	  +9.9614258021060440E+00	  +6.3112351190476197E+00	  +9.9825555481497776E+00	  +4.3875000000000002E+00	
  +1.3375000000000000E+02	  +1.0000000000000000E+01	  +9.9611351708462088E+00	  +6.3119791666666671E+00	  +9.9825562848892435E+00	  +4.3875000000000002E+00	
  +1.3400000000000000E+02	  +1.0000000000000000E+01	  +9.9608445408360229E+00	  +6.3127232142857146E+00	  +9.9825570221895905E+00	  +4.3624999999999998E+00	
  +1.3425000000000000E+02	  +1.0000000000000000E+01	  +9.9605539120848299E+00	  +6.3134672619047620E+00	  +9.9825577600507955E+00	  +4.3375000000000004E+00	
  +1.3450000000000000E+02	  +1.0000000000000000E+01	  +9.9602632846019787E+00	  +6.3142113095238095E+00	  +9.9825584984728319E+00	  +4.3125000000000000E+00	
  +1.3475000000000000E+02	  +1.0000000000000000E+01	  +9.9599726583968096E+00	  +6.3149553571428569E+00	  +9.9825592374556802E+00	  +4.3249999999999993E+00	
  +1.3500000000000000E+02	  +1.0000000000000000E+01	  +9.9596820334786695E+00	  +6.3156994047619044E+00	  +9.9825599769993119E+00	  +4.3750000000000000E+00	
  +1.3525000000000000E+02	  +1.0000000000000000E+01	  +9.9593914098569041E+00	  +6.3164434523809527E+00	  +9.9825607171037074E+00	  +4.4250000000000007E+00	
  +1.3550000000000000E+02	  +1.0000000000000000E+01	  +9.9591007875408568E+00	  +6.3171875000000002E+00	  +9.9825614577688402E+00	  +4.4749999999999996E+00	
  +1.3575000000000000E+02	  +1.0000000000000000E+01	  +9.9588101665398714E+00	  +6.3179315476190476E+00	  +9.9825621989946889E+00	  +4.5000000000000000E+00	
  +1.3600000000000000E+02	  +1.0000000000000000E+01	  +9.9585195468632950E+00	  +6.3186755952380960E+00	  +9.9825629407812269E+00	  +4.5000000000000000E+00	
  +1.3625000000000000E+02	  +1.0000000000000000E+01	  +9.9582289285204695E+00	  +6.3194196428571434E+00	  +9.9825636831284310E+00	  +4.5000000000000000E+00	
  +1.3650000000000000E+02	  +1.0000000000000000E+01	  +9.9579383115207385E+00	  +6.3201636904761909E+00	  +9.9825644260362800E+00	  +4.5000000000000000E+00	
  +1.3675000000000000E+02	  +1.0000000000000000E+01	  +9.9576476958734510E+00	  +6.3209077380952383E+00	  +9.9825651695047455E+00	  +4.5125000000000002E+00	
  +1.3700000000000000E+02	  +1.0000000000000000E+01	  +9.9573570815879471E+00	  +6.3216517857142858E+00	  +9.9825659135338078E+00	  +4.5374999999999996E+00	
  +1.3725000000000000E+02	  +1.0000000000000000E+01	  +9.9570664686735721E+00	  +6.3223958333333332E+00	  +9.9825666581234405E+00	  +4.5625000000000000E+00	
  +1.3750000000000000E+02	  +1.0000000000000000E+01	  +9.9567758571396734E+00	  +6.3231398809523807E+00	  +9.9825674032736202E+00	  +4.5874999999999995E+00	
  +1.3775000000000000E+02	  +1.0000000000000000E+01	  +9.9564852469955909E+00	  +6.3238839285714290E+00	  +9.9825681489843241E+00	  +4.6124999999999998E+00	
  +1.3800000000000000E+02	  +1.0000000000000000E+01	  +9.9561946382506701E+00	  +6.3246279761904765E+00	  +9.9825688952555272E+00	  +4.6375000000000002E+00	
  +1.3825000000000000E+02	  +1.0000000000000000E+01	  +9.9559040309142564E+00	  +6.3253720238095239E+00	  +9.9825696420872045E+00	  +4.6624999999999996E+00	
  +1.3850000000000000E+02	  +1.0000000000000000E+01	  +9.9556134249956934E+00	  +6.3261160714285714E+00	  +9.9825703894793332E+00	  +4.6875000000000000E+00	
  +1.3875000000000000E+02	  +1.0000000000000000E+01	  +9.9553228205043247E+00	  +6.3268601190476197E+00	  +9.9825711374318900E+00	  +4.7000000000000002E+00	
  +1.3900000000000000E+02	  +1.0000000000000000E+01	  +9.9550322174494941E+00	  +6.3276041666666671E+00	  +9.9825718859448500E+00	  +4.7000000000000002E+00	
  +1.3925000000000000E+02	  +1.0000000000000000E+01	  +9.9547416158405468E+00	  +6.3283482142857146E+00	  +9.9825726350181885E+00	  +4.7000000000000002E+00	
  +1.3950000000000000E+02	  +1.0000000000000000E+01	  +9.9544510156868249E+00	  +6.3290922619047620E+00	  +9.9825733846518823E+00	  +4.7000000000000002E+00	
  +1.3975000000000000E+02	  +1.0000000000000000E+01	  +9.9541604169976736E+00	  +6.3298363095238095E+00	  +9.9825741348459065E+00	  +4.7375000000000007E+00	
  +1.4000000000000000E+02	  +1.0000000000000000E+01	  +9.9538698197824385E+00	  +6.3305803571428569E+00	  +9.9825748856002381E+00	  +4.8125000000000000E+00	
  +1.4025000000000000E+02	  +1.0000000000000000E+01	  +9.9535792240504595E+00	  +6.3313244047619044E+00	  +9.9825756369148522E+00	  +4.8874999999999993E+00	
  +1.4050000000000000E+02	  +1.0000000000000000E+01	  +9.9532886298110821E+00	  +6.3320684523809527E+00	  +9.9825763887897239E+00	  +4.9625000000000004E+00	
  +1.4075000000000000E+02	  +1.0000000000000000E+01	  +9.9529980370736499E+00	  +6.3328125000000002E+00	  +9.9825771412248319E+00	  +5.0000000000000000E+00	
  +1.4100000000000000E+02	  +1.0000000000000000E+01	  +9.9527074458475084E+00	  +6.3335565476190476E+00	  +9.9825778942201477E+00	  +5.0000000000000000E+00	
  +1.4125000000000000E+02	  +1.0000000000000000E+01	  +9.9524168561419977E+00	  +6.3343005952380951E+00	  +9.9825786477756520E+00	  +5.0000000000000000E+00	
  +1.4150000000000000E+02	  +1.0000000000000000E+01	  +9.9521262679664648E+00	  +6.3350446428571434E+00	  +9.9825794018913161E+00	  +5.0000000000000000E+00	
  +1.4175000000000000E+02	  +1.0000000000000000E+01	  +9.9518356813302500E+00	  +6.3357886904761909E+00	  +9.9825801565671171E+00	  +4.9749999999999996E+00	
  +1.4200000000000000E+02	  +1.0000000000000000E+01	  +9.9515450962427003E+00	  +6.3365327380952383E+00	  +9.9825809118030335E+00	  +4.9250000000000007E+00	
  +1.4225000000000000E+02	  +1.0000000000000000E+01	  +9.9512545127131560E+00	  +6.3372767857142858E+00	  +9.9825816675990371E+00	  +4.8750000000000000E+00	
  +1.4250000000000000E+02	  +1.0000000000000000E+01	  +9.9509639307509605E+00	  +6.3380208333333332E+00	  +9.9825824239551064E+00	  +4.8249999999999993E+00	
  +1.4275000000000000E+02	  +1.0000000000000000E+01	  +9.9506733503654594E+00	  +6.3387648809523807E+00	  +9.9825831808712149E+00	  +4.7750000000000004E+00	
  +1.4300000000000000E+02	  +1.0000000000000000E+01	  +9.9503827715659945E+00	  +6.3395089285714290E+00	  +9.9825839383473394E+00	  +4.7249999999999996E+00	
  +1.4325000000000000E+02	  +1.0000000000000000E+01	  +9.9500921943619094E+00	  +6.3402529761904765E+00	  +9.9825846963834568E+00	  +4.6749999999999989E+00	
  +1.4350000000000000E+02	  +1.0000000000000000E+01	  +9.9498016187625478E+00	  +6.3409970238095239E+00	  +9.9825854549795405E+00	  +4.6250000000000000E+00	
  +1.4375000000000000E+02	  +1.0000000000000000E+01	  +9.9495110447772515E+00	  +6.3417410714285714E+00	  +9.9825862141355657E+00	  +4.6124999999999998E+00	
  +1.4400000000000000E+02	  +1.0000000000000000E+01	  +9.9492204724153623E+00	  +6.3424851190476197E+00	  +9.9825869738515109E+00	  +4.6375000000000002E+00	
