            TRNSYS - the TRaNsient SYstem Simulation program

   The Solar Energy Lab at the University of Wisconsin - Madison, USA
Le Centre Scientifique et Technique du Batiment, Sophia Antipolis, France
           Transsolar Energietechnik GmBH, Stuttgart, Germany
        Thermal Energy System Specialists, LLC, Madison Wisconsin, USA

                           Release 18.04.0001
                           User ID  18-D0687

Simulation log for: "C:\Users\lbarnic\OneDrive - Fraunhofer\A_Bearbeitung\6_Gesamtsysteme_REP\TRNSYS\Gesamtsysteme_I.dck"
 
*** Notice at time        :         0.000000
    Generated by Unit     : Not applicable or not available
    Generated by Type     : Not applicable or not available
    Message               : The TRNSYS Executable (TRNExe.exe) and main DLL (TRNDll.dll) are located in "C:\TRNSYS18\Exe"
 
*** Notice at time        :         0.000000
    Generated by Unit     : Not applicable or not available
    Generated by Type     : Not applicable or not available
    TRNSYS Message     90 : TRNDll.dll is compiled in release mode. External DLLs will be loaded from the .\UserLib\ReleaseDLLs\ directory.
    Reported information  : Not available
 
*** Notice at time        :         0.000000
    Generated by Unit     : Not applicable or not available
    Generated by Type     : Not applicable or not available
    Message               : The following Types were loaded from TRNDll.dll: Type9, Type65, Type50, Type15, Type103, Type156, Type1, Type114, Type11, Type165, Type115, Type31
 
*** Notice at time        :         0.000000
    Generated by Unit     : Not applicable or not available
    Generated by Type     : Not applicable or not available
    Message               : "DS_Illuminance.dll" was found but did not contain any components from the input file.
 
*** Notice at time        :         0.000000
    Generated by Unit     : Not applicable or not available
    Generated by Type     : Not applicable or not available
    Message               : "TESS_Archive_v18_0_32.dll" was found but did not contain any components from the input file.
 
*** Notice at time        :         0.000000
    Generated by Unit     : Not applicable or not available
    Generated by Type     : Not applicable or not available
    Message               : "TESS_CO_v18_0_32.dll" was found but did not contain any components from the input file.
 
*** Notice at time        :         0.000000
    Generated by Unit     : Not applicable or not available
    Generated by Type     : Not applicable or not available
    Message               : "TESS_EL_v18_0_32.dll" was found but did not contain any components from the input file.
 
*** Notice at time        :         0.000000
    Generated by Unit     : Not applicable or not available
    Generated by Type     : Not applicable or not available
    Message               : "TESS_GH_v18_0_32.dll" was found but did not contain any components from the input file.
 
*** Notice at time        :         0.000000
    Generated by Unit     : Not applicable or not available
    Generated by Type     : Not applicable or not available
    Message               : The following Types were loaded from "TESS_HV_v18_0_32.dll": Type525
 
*** Notice at time        :         0.000000
    Generated by Unit     : Not applicable or not available
    Generated by Type     : Not applicable or not available
    Message               : The following Types were loaded from "TESS_HY_v18_0_32.dll": Type649
 
*** Notice at time        :         0.000000
    Generated by Unit     : Not applicable or not available
    Generated by Type     : Not applicable or not available
    Message               : "TESS_LS_v18_0_32.dll" was found but did not contain any components from the input file.
 
*** Notice at time        :         0.000000
    Generated by Unit     : Not applicable or not available
    Generated by Type     : Not applicable or not available
    Message               : "Type159.dll" was found but did not contain any components from the input file.
 
*** Notice at time        :         0.000000
    Generated by Unit     : Not applicable or not available
    Generated by Type     : Not applicable or not available
    Message               : "Type169.dll" was found but did not contain any components from the input file.
 
*** Notice at time        :         0.000000
    Generated by Unit     : Not applicable or not available
    Generated by Type     : Not applicable or not available
    Message               : "Type313_x32.dll" was found but did not contain any components from the input file.
 
*** Notice at time        :         0.000000
    Generated by Unit     : Not applicable or not available
    Generated by Type     : Not applicable or not available
    Message               : The following Types were loaded from "Type340_x32.dll": Type340
 
*** Notice at time        :         0.000000
    Generated by Unit     : Not applicable or not available
    Generated by Type     : Not applicable or not available
    Message               : "Type342_x32.dll" was found but did not contain any components from the input file.
 
*** Notice at time        :         0.000000
    Generated by Unit     : Not applicable or not available
    Generated by Type     : Not applicable or not available
    Message               : "Type362_x32.dll" was found but did not contain any components from the input file.
 
*** Notice at time        :         0.000000
    Generated by Unit     : Not applicable or not available
    Generated by Type     : Not applicable or not available
    Message               : "Type399_x32.dll" was found but did not contain any components from the input file.
 
*** Notice at time        :         0.000000
    Generated by Unit     : Not applicable or not available
    Generated by Type     : Not applicable or not available
    Message               : "Type56.dll" was found but did not contain any components from the input file.
 
*** Notice at time        :         0.000000
    Generated by Unit     : Not applicable or not available
    Generated by Type     : Not applicable or not available
    Message               : "Type76Lib.dll" was found but did not contain any components from the input file.
 
*** Notice at time        :         0.000000
    Generated by Unit     : Not applicable or not available
    Generated by Type     : Not applicable or not available
    Message               : "Type82Lib.dll" was found but did not contain any components from the input file.
 
*** Notice at time        :         0.000000
    Generated by Unit     : Not applicable or not available
    Generated by Type     : Not applicable or not available
    TRNSYS Message    199 : TRNSYS found at least one user DLL in the UserLib directory. (Note: Only DLL's including Types that are used in the simulation are loaded)
    Reported information  : 3 user DLLs were loaded after searching in "C:\TRNSYS18\UserLib\ReleaseDLLs"
 
*** Warning at time       :         1.000000
    Generated by Unit     :    45
    Generated by Type     :   103
    Message               : The 4-parameter PV model found a negative solution for the modules series resistance. The series resistance was set to zero. Please check manufacturers catalog values.
 
*** Warning at time       :         1.000000
    Generated by Unit     :    50
    Generated by Type     :   103
    Message               : The 4-parameter PV model found a negative solution for the modules series resistance. The series resistance was set to zero. Please check manufacturers catalog values.
 
*** Notice at time        :      8759.000000
    Generated by Unit     :    81
    Generated by Type     :     9
    Message               : The specified component model has exhausted the data supply and has rewound the data file to begin reading from the top of the data file.
 
*** Notice at time        :      8759.000000
    Generated by Unit     :    82
    Generated by Type     :     9
    Message               : The specified component model has exhausted the data supply and has rewound the data file to begin reading from the top of the data file.
 
*** Notice at time        :      8759.250000
    Generated by Unit     :    30
    Generated by Type     :    15
    Message               : The specified component model has exhausted the data supply and has rewound the data file to begin reading from the top of the data file.
 
*** Notice at time        :      8759.250000
    Generated by Unit     :    40
    Generated by Type     :    15
    Message               : The specified component model has exhausted the data supply and has rewound the data file to begin reading from the top of the data file.
 
*** Notice at time        :      8759.250000
    Generated by Unit     :    41
    Generated by Type     :    15
    Message               : The specified component model has exhausted the data supply and has rewound the data file to begin reading from the top of the data file.
 
*** Notice at time        :      8759.250000
    Generated by Unit     :    42
    Generated by Type     :    15
    Message               : The specified component model has exhausted the data supply and has rewound the data file to begin reading from the top of the data file.
 
*** Notice at time        :      8759.250000
    Generated by Unit     :    71
    Generated by Type     :    15
    Message               : The specified component model has exhausted the data supply and has rewound the data file to begin reading from the top of the data file.
 
*** Notice at time        :      8759.250000
    Generated by Unit     :    51
    Generated by Type     :    15
    Message               : The specified component model has exhausted the data supply and has rewound the data file to begin reading from the top of the data file.
 
*** Notice at time        :      8759.500000
    Generated by Unit     :    10
    Generated by Type     :     9
    Message               : The specified component model has exhausted the data supply and has rewound the data file to begin reading from the top of the data file.
 
*** Notice at time        :      8759.500000
    Generated by Unit     :    59
    Generated by Type     :     9
    Message               : The specified component model has exhausted the data supply and has rewound the data file to begin reading from the top of the data file.
 
*** Notice at time        :      8759.500000
    Generated by Unit     :    65
    Generated by Type     :     9
    Message               : The specified component model has exhausted the data supply and has rewound the data file to begin reading from the top of the data file.
 
*** Notice at time        :      8759.750000
    Generated by Unit     :    43
    Generated by Type     :     9
    Message               : The specified component model has exhausted the data supply and has rewound the data file to begin reading from the top of the data file.
 
*** Warning at time       :      8760.000000
    Generated by Unit     :    30
    Generated by Type     :    15
    Message               : The calculated horizontal diffuse radiation exceeded the horizontal extraterrestrial radiation and was set to the extraterrestrial for 1 timesteps during the simulation.
 
*** Warning at time       :      8760.000000
    Generated by Unit     :    40
    Generated by Type     :    15
    Message               : The calculated horizontal diffuse radiation exceeded the horizontal extraterrestrial radiation and was set to the extraterrestrial for 1 timesteps during the simulation.
 
*** Warning at time       :      8760.000000
    Generated by Unit     :    41
    Generated by Type     :    15
    Message               : The calculated horizontal diffuse radiation exceeded the horizontal extraterrestrial radiation and was set to the extraterrestrial for 1 timesteps during the simulation.
 
*** Warning at time       :      8760.000000
    Generated by Unit     :    42
    Generated by Type     :    15
    Message               : The calculated horizontal diffuse radiation exceeded the horizontal extraterrestrial radiation and was set to the extraterrestrial for 1 timesteps during the simulation.
 
*** Warning at time       :      8760.000000
    Generated by Unit     :    71
    Generated by Type     :    15
    Message               : The calculated horizontal diffuse radiation exceeded the horizontal extraterrestrial radiation and was set to the extraterrestrial for 1 timesteps during the simulation.
 
*** Warning at time       :      8760.000000
    Generated by Unit     :    51
    Generated by Type     :    15
    Message               : The calculated horizontal diffuse radiation exceeded the horizontal extraterrestrial radiation and was set to the extraterrestrial for 1 timesteps during the simulation.
 
*** Notice at time        :      8760.000000
    Generated by Unit     :    26
    Generated by Type     :   340
    Message               : Qerrsum of V1.99E: 1.473777757610151E-012 [kJ]
